L 12/03/2021 - 20:54:51: SourceMod error session started
L 12/03/2021 - 20:54:51: Info (map "de_mirage") (file "c:\users\guime\downloads\servers\1\serverfiles\csgo\addons\sourcemod\logs\errors_20211203.log")
L 12/03/2021 - 20:54:51: [SM] Exception reported: Cannot set m_iItemIDLow with "FollowCSGOServerGuidelines" option enabled.
L 12/03/2021 - 20:54:51: [SM] Blaming: weapons.smx
L 12/03/2021 - 20:54:51: [SM] Call stack trace:
L 12/03/2021 - 20:54:51: [SM]   [0] SetEntProp
L 12/03/2021 - 20:54:51: [SM]   [1] Line 257, tmp/addons/sourcemod/scripting/weapons.sp::SetWeaponProps
L 12/03/2021 - 20:54:51: [SM]   [2] Line 55, tmp/addons/sourcemod/scripting/weapons/hooks.sp::GiveNamedItemPost
L 12/03/2021 - 20:54:51: [SM]   [4] GivePlayerItem
L 12/03/2021 - 20:54:51: [SM]   [5] Line 356, tmp/addons/sourcemod/scripting/weapons.sp::RefreshWeapon
L 12/03/2021 - 20:54:51: [SM]   [6] Line 39, tmp/addons/sourcemod/scripting/weapons/menus.sp::WeaponsMenuHandler
L 12/03/2021 - 20:54:52: [SM] Exception reported: Cannot set m_iItemIDLow with "FollowCSGOServerGuidelines" option enabled.
L 12/03/2021 - 20:54:52: [SM] Blaming: weapons.smx
L 12/03/2021 - 20:54:52: [SM] Call stack trace:
L 12/03/2021 - 20:54:52: [SM]   [0] SetEntProp
L 12/03/2021 - 20:54:52: [SM]   [1] Line 257, tmp/addons/sourcemod/scripting/weapons.sp::SetWeaponProps
L 12/03/2021 - 20:54:52: [SM]   [2] Line 55, tmp/addons/sourcemod/scripting/weapons/hooks.sp::GiveNamedItemPost
L 12/03/2021 - 20:54:52: [SM]   [4] GivePlayerItem
L 12/03/2021 - 20:54:52: [SM]   [5] Line 356, tmp/addons/sourcemod/scripting/weapons.sp::RefreshWeapon
L 12/03/2021 - 20:54:52: [SM]   [6] Line 39, tmp/addons/sourcemod/scripting/weapons/menus.sp::WeaponsMenuHandler
L 12/03/2021 - 20:54:52: [SM] Exception reported: Cannot set m_iItemIDLow with "FollowCSGOServerGuidelines" option enabled.
L 12/03/2021 - 20:54:52: [SM] Blaming: weapons.smx
L 12/03/2021 - 20:54:52: [SM] Call stack trace:
L 12/03/2021 - 20:54:52: [SM]   [0] SetEntProp
L 12/03/2021 - 20:54:52: [SM]   [1] Line 257, tmp/addons/sourcemod/scripting/weapons.sp::SetWeaponProps
L 12/03/2021 - 20:54:52: [SM]   [2] Line 55, tmp/addons/sourcemod/scripting/weapons/hooks.sp::GiveNamedItemPost
L 12/03/2021 - 20:54:52: [SM]   [4] GivePlayerItem
L 12/03/2021 - 20:54:52: [SM]   [5] Line 356, tmp/addons/sourcemod/scripting/weapons.sp::RefreshWeapon
L 12/03/2021 - 20:54:53: [SM]   [6] Line 39, tmp/addons/sourcemod/scripting/weapons/menus.sp::WeaponsMenuHandler
L 12/03/2021 - 20:54:55: [SM] Exception reported: Cannot set m_iItemIDLow with "FollowCSGOServerGuidelines" option enabled.
L 12/03/2021 - 20:54:55: [SM] Blaming: weapons.smx
L 12/03/2021 - 20:54:55: [SM] Call stack trace:
L 12/03/2021 - 20:54:55: [SM]   [0] SetEntProp
L 12/03/2021 - 20:54:55: [SM]   [1] Line 257, tmp/addons/sourcemod/scripting/weapons.sp::SetWeaponProps
L 12/03/2021 - 20:54:55: [SM]   [2] Line 55, tmp/addons/sourcemod/scripting/weapons/hooks.sp::GiveNamedItemPost
L 12/03/2021 - 20:54:55: [SM]   [4] GivePlayerItem
L 12/03/2021 - 20:54:55: [SM]   [5] Line 356, tmp/addons/sourcemod/scripting/weapons.sp::RefreshWeapon
L 12/03/2021 - 20:54:55: [SM]   [6] Line 39, tmp/addons/sourcemod/scripting/weapons/menus.sp::WeaponsMenuHandler
L 12/03/2021 - 20:54:56: [SM] Exception reported: Cannot set m_iItemIDLow with "FollowCSGOServerGuidelines" option enabled.
L 12/03/2021 - 20:54:56: [SM] Blaming: weapons.smx
L 12/03/2021 - 20:54:56: [SM] Call stack trace:
L 12/03/2021 - 20:54:56: [SM]   [0] SetEntProp
L 12/03/2021 - 20:54:56: [SM]   [1] Line 257, tmp/addons/sourcemod/scripting/weapons.sp::SetWeaponProps
L 12/03/2021 - 20:54:56: [SM]   [2] Line 55, tmp/addons/sourcemod/scripting/weapons/hooks.sp::GiveNamedItemPost
L 12/03/2021 - 20:54:56: [SM]   [4] GivePlayerItem
L 12/03/2021 - 20:54:56: [SM]   [5] Line 356, tmp/addons/sourcemod/scripting/weapons.sp::RefreshWeapon
L 12/03/2021 - 20:54:56: [SM]   [6] Line 39, tmp/addons/sourcemod/scripting/weapons/menus.sp::WeaponsMenuHandler
L 12/03/2021 - 20:54:59: [SM] Exception reported: Cannot set m_iItemIDLow with "FollowCSGOServerGuidelines" option enabled.
L 12/03/2021 - 20:54:59: [SM] Blaming: weapons.smx
L 12/03/2021 - 20:54:59: [SM] Call stack trace:
L 12/03/2021 - 20:54:59: [SM]   [0] SetEntProp
L 12/03/2021 - 20:54:59: [SM]   [1] Line 257, tmp/addons/sourcemod/scripting/weapons.sp::SetWeaponProps
L 12/03/2021 - 20:54:59: [SM]   [2] Line 55, tmp/addons/sourcemod/scripting/weapons/hooks.sp::GiveNamedItemPost
L 12/03/2021 - 20:54:59: [SM]   [4] GivePlayerItem
L 12/03/2021 - 20:54:59: [SM]   [5] Line 356, tmp/addons/sourcemod/scripting/weapons.sp::RefreshWeapon
L 12/03/2021 - 20:54:59: [SM]   [6] Line 39, tmp/addons/sourcemod/scripting/weapons/menus.sp::WeaponsMenuHandler
L 12/03/2021 - 20:55:08: [SM] Exception reported: Cannot set m_iItemIDLow with "FollowCSGOServerGuidelines" option enabled.
L 12/03/2021 - 20:55:08: [SM] Blaming: weapons.smx
L 12/03/2021 - 20:55:08: [SM] Call stack trace:
L 12/03/2021 - 20:55:08: [SM]   [0] SetEntProp
L 12/03/2021 - 20:55:08: [SM]   [1] Line 257, tmp/addons/sourcemod/scripting/weapons.sp::SetWeaponProps
L 12/03/2021 - 20:55:08: [SM]   [2] Line 55, tmp/addons/sourcemod/scripting/weapons/hooks.sp::GiveNamedItemPost
L 12/03/2021 - 20:55:08: [SM]   [4] GivePlayerItem
L 12/03/2021 - 20:55:08: [SM]   [5] Line 356, tmp/addons/sourcemod/scripting/weapons.sp::RefreshWeapon
L 12/03/2021 - 20:55:08: [SM]   [6] Line 39, tmp/addons/sourcemod/scripting/weapons/menus.sp::WeaponsMenuHandler
L 12/03/2021 - 20:55:10: [SM] Exception reported: Cannot set m_iItemIDLow with "FollowCSGOServerGuidelines" option enabled.
L 12/03/2021 - 20:55:10: [SM] Blaming: weapons.smx
L 12/03/2021 - 20:55:10: [SM] Call stack trace:
L 12/03/2021 - 20:55:10: [SM]   [0] SetEntProp
L 12/03/2021 - 20:55:10: [SM]   [1] Line 257, tmp/addons/sourcemod/scripting/weapons.sp::SetWeaponProps
L 12/03/2021 - 20:55:10: [SM]   [2] Line 55, tmp/addons/sourcemod/scripting/weapons/hooks.sp::GiveNamedItemPost
L 12/03/2021 - 20:55:10: [SM]   [4] GivePlayerItem
L 12/03/2021 - 20:55:10: [SM]   [5] Line 356, tmp/addons/sourcemod/scripting/weapons.sp::RefreshWeapon
L 12/03/2021 - 20:55:10: [SM]   [6] Line 39, tmp/addons/sourcemod/scripting/weapons/menus.sp::WeaponsMenuHandler
L 12/03/2021 - 20:55:11: [SM] Exception reported: Cannot set m_iItemIDLow with "FollowCSGOServerGuidelines" option enabled.
L 12/03/2021 - 20:55:11: [SM] Blaming: weapons.smx
L 12/03/2021 - 20:55:11: [SM] Call stack trace:
L 12/03/2021 - 20:55:11: [SM]   [0] SetEntProp
L 12/03/2021 - 20:55:11: [SM]   [1] Line 257, tmp/addons/sourcemod/scripting/weapons.sp::SetWeaponProps
L 12/03/2021 - 20:55:11: [SM]   [2] Line 55, tmp/addons/sourcemod/scripting/weapons/hooks.sp::GiveNamedItemPost
L 12/03/2021 - 20:55:11: [SM]   [4] GivePlayerItem
L 12/03/2021 - 20:55:11: [SM]   [5] Line 356, tmp/addons/sourcemod/scripting/weapons.sp::RefreshWeapon
L 12/03/2021 - 20:55:11: [SM]   [6] Line 39, tmp/addons/sourcemod/scripting/weapons/menus.sp::WeaponsMenuHandler
L 12/03/2021 - 20:55:26: [SM] Exception reported: Cannot set m_iItemIDLow with "FollowCSGOServerGuidelines" option enabled.
L 12/03/2021 - 20:55:26: [SM] Blaming: weapons.smx
L 12/03/2021 - 20:55:26: [SM] Call stack trace:
L 12/03/2021 - 20:55:26: [SM]   [0] SetEntProp
L 12/03/2021 - 20:55:26: [SM]   [1] Line 257, tmp/addons/sourcemod/scripting/weapons.sp::SetWeaponProps
L 12/03/2021 - 20:55:26: [SM]   [2] Line 55, tmp/addons/sourcemod/scripting/weapons/hooks.sp::GiveNamedItemPost
L 12/03/2021 - 20:55:30: [SM] Exception reported: Cannot set m_iItemIDLow with "FollowCSGOServerGuidelines" option enabled.
L 12/03/2021 - 20:55:30: [SM] Blaming: weapons.smx
L 12/03/2021 - 20:55:30: [SM] Call stack trace:
L 12/03/2021 - 20:55:30: [SM]   [0] SetEntProp
L 12/03/2021 - 20:55:30: [SM]   [1] Line 257, tmp/addons/sourcemod/scripting/weapons.sp::SetWeaponProps
L 12/03/2021 - 20:55:30: [SM]   [2] Line 55, tmp/addons/sourcemod/scripting/weapons/hooks.sp::GiveNamedItemPost
L 12/03/2021 - 20:55:30: [SM]   [4] GivePlayerItem
L 12/03/2021 - 20:55:30: [SM]   [5] Line 356, tmp/addons/sourcemod/scripting/weapons.sp::RefreshWeapon
L 12/03/2021 - 20:55:30: [SM]   [6] Line 39, tmp/addons/sourcemod/scripting/weapons/menus.sp::WeaponsMenuHandler
L 12/03/2021 - 20:55:39: [SM] Exception reported: Cannot set m_iItemIDLow with "FollowCSGOServerGuidelines" option enabled.
L 12/03/2021 - 20:55:39: [SM] Blaming: weapons.smx
L 12/03/2021 - 20:55:39: [SM] Call stack trace:
L 12/03/2021 - 20:55:39: [SM]   [0] SetEntProp
L 12/03/2021 - 20:55:39: [SM]   [1] Line 257, tmp/addons/sourcemod/scripting/weapons.sp::SetWeaponProps
L 12/03/2021 - 20:55:39: [SM]   [2] Line 55, tmp/addons/sourcemod/scripting/weapons/hooks.sp::GiveNamedItemPost
L 12/03/2021 - 20:55:39: [SM]   [4] GivePlayerItem
L 12/03/2021 - 20:55:39: [SM]   [5] Line 356, tmp/addons/sourcemod/scripting/weapons.sp::RefreshWeapon
L 12/03/2021 - 20:55:39: [SM]   [6] Line 39, tmp/addons/sourcemod/scripting/weapons/menus.sp::WeaponsMenuHandler
L 12/03/2021 - 20:55:40: [SM] Exception reported: Cannot set m_iItemIDLow with "FollowCSGOServerGuidelines" option enabled.
L 12/03/2021 - 20:55:40: [SM] Blaming: weapons.smx
L 12/03/2021 - 20:55:40: [SM] Call stack trace:
L 12/03/2021 - 20:55:40: [SM]   [0] SetEntProp
L 12/03/2021 - 20:55:40: [SM]   [1] Line 257, tmp/addons/sourcemod/scripting/weapons.sp::SetWeaponProps
L 12/03/2021 - 20:55:40: [SM]   [2] Line 55, tmp/addons/sourcemod/scripting/weapons/hooks.sp::GiveNamedItemPost
L 12/03/2021 - 20:55:40: [SM]   [4] GivePlayerItem
L 12/03/2021 - 20:55:40: [SM]   [5] Line 356, tmp/addons/sourcemod/scripting/weapons.sp::RefreshWeapon
L 12/03/2021 - 20:55:40: [SM]   [6] Line 39, tmp/addons/sourcemod/scripting/weapons/menus.sp::WeaponsMenuHandler
L 12/03/2021 - 20:55:41: [SM] Exception reported: Cannot set m_iItemIDLow with "FollowCSGOServerGuidelines" option enabled.
L 12/03/2021 - 20:55:41: [SM] Blaming: weapons.smx
L 12/03/2021 - 20:55:41: [SM] Call stack trace:
L 12/03/2021 - 20:55:41: [SM]   [0] SetEntProp
L 12/03/2021 - 20:55:41: [SM]   [1] Line 257, tmp/addons/sourcemod/scripting/weapons.sp::SetWeaponProps
L 12/03/2021 - 20:55:41: [SM]   [2] Line 55, tmp/addons/sourcemod/scripting/weapons/hooks.sp::GiveNamedItemPost
L 12/03/2021 - 20:55:41: [SM]   [4] GivePlayerItem
L 12/03/2021 - 20:55:41: [SM]   [5] Line 356, tmp/addons/sourcemod/scripting/weapons.sp::RefreshWeapon
L 12/03/2021 - 20:55:41: [SM]   [6] Line 39, tmp/addons/sourcemod/scripting/weapons/menus.sp::WeaponsMenuHandler
L 12/03/2021 - 20:55:42: [SM] Exception reported: Cannot set m_iItemIDLow with "FollowCSGOServerGuidelines" option enabled.
L 12/03/2021 - 20:55:42: [SM] Blaming: weapons.smx
L 12/03/2021 - 20:55:42: [SM] Call stack trace:
L 12/03/2021 - 20:55:42: [SM]   [0] SetEntProp
L 12/03/2021 - 20:55:42: [SM]   [1] Line 257, tmp/addons/sourcemod/scripting/weapons.sp::SetWeaponProps
L 12/03/2021 - 20:55:42: [SM]   [2] Line 55, tmp/addons/sourcemod/scripting/weapons/hooks.sp::GiveNamedItemPost
L 12/03/2021 - 20:55:42: [SM]   [4] GivePlayerItem
L 12/03/2021 - 20:55:42: [SM]   [5] Line 356, tmp/addons/sourcemod/scripting/weapons.sp::RefreshWeapon
L 12/03/2021 - 20:55:42: [SM]   [6] Line 39, tmp/addons/sourcemod/scripting/weapons/menus.sp::WeaponsMenuHandler
L 12/03/2021 - 20:55:49: [SM] Exception reported: Cannot set m_iItemIDLow with "FollowCSGOServerGuidelines" option enabled.
L 12/03/2021 - 20:55:49: [SM] Blaming: weapons.smx
L 12/03/2021 - 20:55:49: [SM] Call stack trace:
L 12/03/2021 - 20:55:49: [SM]   [0] SetEntProp
L 12/03/2021 - 20:55:49: [SM]   [1] Line 257, tmp/addons/sourcemod/scripting/weapons.sp::SetWeaponProps
L 12/03/2021 - 20:55:49: [SM]   [2] Line 55, tmp/addons/sourcemod/scripting/weapons/hooks.sp::GiveNamedItemPost
L 12/03/2021 - 20:55:49: [SM]   [4] GivePlayerItem
L 12/03/2021 - 20:55:49: [SM]   [5] Line 336, tmp/addons/sourcemod/scripting/weapons.sp::RefreshWeapon
L 12/03/2021 - 20:55:49: [SM]   [6] Line 39, tmp/addons/sourcemod/scripting/weapons/menus.sp::WeaponsMenuHandler
L 12/03/2021 - 20:55:49: [SM] Exception reported: Invalid data pack handle 0 (error 4).
L 12/03/2021 - 20:55:49: [SM] Blaming: weapons.smx
L 12/03/2021 - 20:55:49: [SM] Call stack trace:
L 12/03/2021 - 20:55:49: [SM]   [0] DataPack.WriteCell
L 12/03/2021 - 20:55:49: [SM]   [1] Line 349, tmp/addons/sourcemod/scripting/weapons.sp::RefreshWeapon
L 12/03/2021 - 20:55:49: [SM]   [2] Line 39, tmp/addons/sourcemod/scripting/weapons/menus.sp::WeaponsMenuHandler
L 12/03/2021 - 20:55:49: [SM] Exception reported: Data pack operation is out of bounds.
L 12/03/2021 - 20:55:49: [SM] Blaming: weapons.smx
L 12/03/2021 - 20:55:49: [SM] Call stack trace:
L 12/03/2021 - 20:55:49: [SM]   [0] DataPack.ReadCell
L 12/03/2021 - 20:55:49: [SM]   [1] Line 367, tmp/addons/sourcemod/scripting/weapons.sp::ReserveAmmoTimer
L 12/03/2021 - 20:55:52: [SM] Exception reported: Cannot set m_iItemIDLow with "FollowCSGOServerGuidelines" option enabled.
L 12/03/2021 - 20:55:52: [SM] Blaming: weapons.smx
L 12/03/2021 - 20:55:52: [SM] Call stack trace:
L 12/03/2021 - 20:55:52: [SM]   [0] SetEntProp
L 12/03/2021 - 20:55:52: [SM]   [1] Line 257, tmp/addons/sourcemod/scripting/weapons.sp::SetWeaponProps
L 12/03/2021 - 20:55:52: [SM]   [2] Line 55, tmp/addons/sourcemod/scripting/weapons/hooks.sp::GiveNamedItemPost
L 12/03/2021 - 20:55:52: [SM]   [4] GivePlayerItem
L 12/03/2021 - 20:55:52: [SM]   [5] Line 356, tmp/addons/sourcemod/scripting/weapons.sp::RefreshWeapon
L 12/03/2021 - 20:55:52: [SM]   [6] Line 135, tmp/addons/sourcemod/scripting/weapons/menus.sp::WeaponMenuHandler
L 12/03/2021 - 20:56:05: [SM] Exception reported: Cannot set m_iItemIDLow with "FollowCSGOServerGuidelines" option enabled.
L 12/03/2021 - 20:56:05: [SM] Blaming: weapons.smx
L 12/03/2021 - 20:56:05: [SM] Call stack trace:
L 12/03/2021 - 20:56:05: [SM]   [0] SetEntProp
L 12/03/2021 - 20:56:05: [SM]   [1] Line 257, tmp/addons/sourcemod/scripting/weapons.sp::SetWeaponProps
L 12/03/2021 - 20:56:05: [SM]   [2] Line 55, tmp/addons/sourcemod/scripting/weapons/hooks.sp::GiveNamedItemPost
L 12/03/2021 - 20:56:05: [SM]   [4] GivePlayerItem
L 12/03/2021 - 20:56:05: [SM]   [5] Line 336, tmp/addons/sourcemod/scripting/weapons.sp::RefreshWeapon
L 12/03/2021 - 20:56:05: [SM]   [6] Line 124, tmp/addons/sourcemod/scripting/weapons/hooks.sp::ChatListener
L 12/03/2021 - 20:56:05: [SM] Exception reported: Invalid data pack handle 0 (error 4).
L 12/03/2021 - 20:56:05: [SM] Blaming: weapons.smx
L 12/03/2021 - 20:56:05: [SM] Call stack trace:
L 12/03/2021 - 20:56:05: [SM]   [0] DataPack.WriteCell
L 12/03/2021 - 20:56:05: [SM]   [1] Line 349, tmp/addons/sourcemod/scripting/weapons.sp::RefreshWeapon
L 12/03/2021 - 20:56:05: [SM]   [2] Line 124, tmp/addons/sourcemod/scripting/weapons/hooks.sp::ChatListener
L 12/03/2021 - 20:56:05: [SM] Exception reported: Data pack operation is out of bounds.
L 12/03/2021 - 20:56:05: [SM] Blaming: weapons.smx
L 12/03/2021 - 20:56:05: [SM] Call stack trace:
L 12/03/2021 - 20:56:05: [SM]   [0] DataPack.ReadCell
L 12/03/2021 - 20:56:05: [SM]   [1] Line 367, tmp/addons/sourcemod/scripting/weapons.sp::ReserveAmmoTimer
L 12/03/2021 - 20:56:13: [SM] Exception reported: Cannot set m_iItemIDLow with "FollowCSGOServerGuidelines" option enabled.
L 12/03/2021 - 20:56:13: [SM] Blaming: weapons.smx
L 12/03/2021 - 20:56:13: [SM] Call stack trace:
L 12/03/2021 - 20:56:13: [SM]   [0] SetEntProp
L 12/03/2021 - 20:56:13: [SM]   [1] Line 257, tmp/addons/sourcemod/scripting/weapons.sp::SetWeaponProps
L 12/03/2021 - 20:56:13: [SM]   [2] Line 55, tmp/addons/sourcemod/scripting/weapons/hooks.sp::GiveNamedItemPost
L 12/03/2021 - 20:56:13: [SM]   [4] GivePlayerItem
L 12/03/2021 - 20:56:13: [SM]   [5] Line 336, tmp/addons/sourcemod/scripting/weapons.sp::RefreshWeapon
L 12/03/2021 - 20:56:13: [SM]   [6] Line 39, tmp/addons/sourcemod/scripting/weapons/menus.sp::WeaponsMenuHandler
L 12/03/2021 - 20:56:13: [SM] Exception reported: Invalid data pack handle 0 (error 4).
L 12/03/2021 - 20:56:13: [SM] Blaming: weapons.smx
L 12/03/2021 - 20:56:13: [SM] Call stack trace:
L 12/03/2021 - 20:56:13: [SM]   [0] DataPack.WriteCell
L 12/03/2021 - 20:56:13: [SM]   [1] Line 349, tmp/addons/sourcemod/scripting/weapons.sp::RefreshWeapon
L 12/03/2021 - 20:56:13: [SM]   [2] Line 39, tmp/addons/sourcemod/scripting/weapons/menus.sp::WeaponsMenuHandler
L 12/03/2021 - 20:56:13: [SM] Exception reported: Data pack operation is out of bounds.
L 12/03/2021 - 20:56:13: [SM] Blaming: weapons.smx
L 12/03/2021 - 20:56:13: [SM] Call stack trace:
L 12/03/2021 - 20:56:13: [SM]   [0] DataPack.ReadCell
L 12/03/2021 - 20:56:13: [SM]   [1] Line 367, tmp/addons/sourcemod/scripting/weapons.sp::ReserveAmmoTimer
L 12/03/2021 - 21:02:24: [SM] Exception reported: Cannot set m_iItemIDLow with "FollowCSGOServerGuidelines" option enabled.
L 12/03/2021 - 21:02:24: [SM] Blaming: weapons.smx
L 12/03/2021 - 21:02:25: [SM] Call stack trace:
L 12/03/2021 - 21:02:25: [SM]   [0] SetEntProp
L 12/03/2021 - 21:02:25: [SM]   [1] Line 257, tmp/addons/sourcemod/scripting/weapons.sp::SetWeaponProps
L 12/03/2021 - 21:02:25: [SM]   [2] Line 55, tmp/addons/sourcemod/scripting/weapons/hooks.sp::GiveNamedItemPost
L 12/03/2021 - 21:02:25: [SM] Exception reported: Cannot set m_iItemIDLow with "FollowCSGOServerGuidelines" option enabled.
L 12/03/2021 - 21:02:25: [SM] Blaming: weapons.smx
L 12/03/2021 - 21:02:25: [SM] Call stack trace:
L 12/03/2021 - 21:02:25: [SM]   [0] SetEntProp
L 12/03/2021 - 21:02:25: [SM]   [1] Line 257, tmp/addons/sourcemod/scripting/weapons.sp::SetWeaponProps
L 12/03/2021 - 21:02:25: [SM]   [2] Line 55, tmp/addons/sourcemod/scripting/weapons/hooks.sp::GiveNamedItemPost
L 12/03/2021 - 21:02:34: [SM] Exception reported: Cannot set m_iItemIDLow with "FollowCSGOServerGuidelines" option enabled.
L 12/03/2021 - 21:02:34: [SM] Blaming: weapons.smx
L 12/03/2021 - 21:02:34: [SM] Call stack trace:
L 12/03/2021 - 21:02:34: [SM]   [0] SetEntProp
L 12/03/2021 - 21:02:34: [SM]   [1] Line 257, tmp/addons/sourcemod/scripting/weapons.sp::SetWeaponProps
L 12/03/2021 - 21:02:34: [SM]   [2] Line 55, tmp/addons/sourcemod/scripting/weapons/hooks.sp::GiveNamedItemPost
L 12/03/2021 - 21:02:34: [SM] Exception reported: Cannot set m_iItemIDLow with "FollowCSGOServerGuidelines" option enabled.
L 12/03/2021 - 21:02:34: [SM] Blaming: weapons.smx
L 12/03/2021 - 21:02:34: [SM] Call stack trace:
L 12/03/2021 - 21:02:34: [SM]   [0] SetEntProp
L 12/03/2021 - 21:02:34: [SM]   [1] Line 257, tmp/addons/sourcemod/scripting/weapons.sp::SetWeaponProps
L 12/03/2021 - 21:02:34: [SM]   [2] Line 55, tmp/addons/sourcemod/scripting/weapons/hooks.sp::GiveNamedItemPost
L 12/03/2021 - 21:02:46: [SM] Exception reported: Cannot set m_iItemIDLow with "FollowCSGOServerGuidelines" option enabled.
L 12/03/2021 - 21:02:46: [SM] Blaming: weapons.smx
L 12/03/2021 - 21:02:46: [SM] Call stack trace:
L 12/03/2021 - 21:02:46: [SM]   [0] SetEntProp
L 12/03/2021 - 21:02:46: [SM]   [1] Line 257, tmp/addons/sourcemod/scripting/weapons.sp::SetWeaponProps
L 12/03/2021 - 21:02:46: [SM]   [2] Line 55, tmp/addons/sourcemod/scripting/weapons/hooks.sp::GiveNamedItemPost
L 12/03/2021 - 21:02:46: [SM] Exception reported: Cannot set m_iItemIDLow with "FollowCSGOServerGuidelines" option enabled.
L 12/03/2021 - 21:02:46: [SM] Blaming: weapons.smx
L 12/03/2021 - 21:02:46: [SM] Call stack trace:
L 12/03/2021 - 21:02:46: [SM]   [0] SetEntProp
L 12/03/2021 - 21:02:46: [SM]   [1] Line 257, tmp/addons/sourcemod/scripting/weapons.sp::SetWeaponProps
L 12/03/2021 - 21:02:46: [SM]   [2] Line 55, tmp/addons/sourcemod/scripting/weapons/hooks.sp::GiveNamedItemPost
L 12/03/2021 - 22:50:40: SourceMod error session started
L 12/03/2021 - 22:50:40: Info (map "de_mirage") (file "c:\users\guime\downloads\servers\1\serverfiles\csgo\addons\sourcemod\logs\errors_20211203.log")
L 12/03/2021 - 22:50:40: [SM] Exception reported: Cannot set m_iItemIDLow with "FollowCSGOServerGuidelines" option enabled.
L 12/03/2021 - 22:50:40: [SM] Blaming: weapons.smx
L 12/03/2021 - 22:50:40: [SM] Call stack trace:
L 12/03/2021 - 22:50:40: [SM]   [0] SetEntProp
L 12/03/2021 - 22:50:40: [SM]   [1] Line 257, tmp/addons/sourcemod/scripting/weapons.sp::SetWeaponProps
L 12/03/2021 - 22:50:40: [SM]   [2] Line 55, tmp/addons/sourcemod/scripting/weapons/hooks.sp::GiveNamedItemPost
L 12/03/2021 - 22:50:40: [SM] Exception reported: Cannot set m_iItemIDLow with "FollowCSGOServerGuidelines" option enabled.
L 12/03/2021 - 22:50:40: [SM] Blaming: weapons.smx
L 12/03/2021 - 22:50:40: [SM] Call stack trace:
L 12/03/2021 - 22:50:40: [SM]   [0] SetEntProp
L 12/03/2021 - 22:50:40: [SM]   [1] Line 257, tmp/addons/sourcemod/scripting/weapons.sp::SetWeaponProps
L 12/03/2021 - 22:50:40: [SM]   [2] Line 55, tmp/addons/sourcemod/scripting/weapons/hooks.sp::GiveNamedItemPost
L 12/03/2021 - 22:50:40: [SM] Exception reported: Cannot set m_iItemIDLow with "FollowCSGOServerGuidelines" option enabled.
L 12/03/2021 - 22:50:40: [SM] Blaming: weapons.smx
L 12/03/2021 - 22:50:40: [SM] Call stack trace:
L 12/03/2021 - 22:50:40: [SM]   [0] SetEntProp
L 12/03/2021 - 22:50:40: [SM]   [1] Line 257, tmp/addons/sourcemod/scripting/weapons.sp::SetWeaponProps
L 12/03/2021 - 22:50:40: [SM]   [2] Line 55, tmp/addons/sourcemod/scripting/weapons/hooks.sp::GiveNamedItemPost
L 12/03/2021 - 22:50:40: [SM] Exception reported: Cannot set m_iItemIDLow with "FollowCSGOServerGuidelines" option enabled.
L 12/03/2021 - 22:50:40: [SM] Blaming: weapons.smx
L 12/03/2021 - 22:50:40: [SM] Call stack trace:
L 12/03/2021 - 22:50:40: [SM]   [0] SetEntProp
L 12/03/2021 - 22:50:40: [SM]   [1] Line 257, tmp/addons/sourcemod/scripting/weapons.sp::SetWeaponProps
L 12/03/2021 - 22:50:40: [SM]   [2] Line 55, tmp/addons/sourcemod/scripting/weapons/hooks.sp::GiveNamedItemPost
L 12/03/2021 - 22:50:57: [SM] Exception reported: Cannot set m_iItemIDLow with "FollowCSGOServerGuidelines" option enabled.
L 12/03/2021 - 22:50:57: [SM] Blaming: weapons.smx
L 12/03/2021 - 22:50:57: [SM] Call stack trace:
L 12/03/2021 - 22:50:57: [SM]   [0] SetEntProp
L 12/03/2021 - 22:50:57: [SM]   [1] Line 257, tmp/addons/sourcemod/scripting/weapons.sp::SetWeaponProps
L 12/03/2021 - 22:50:57: [SM]   [2] Line 55, tmp/addons/sourcemod/scripting/weapons/hooks.sp::GiveNamedItemPost
L 12/03/2021 - 22:50:57: [SM]   [4] GivePlayerItem
L 12/03/2021 - 22:50:57: [SM]   [5] Line 356, tmp/addons/sourcemod/scripting/weapons.sp::RefreshWeapon
L 12/03/2021 - 22:50:57: [SM]   [6] Line 39, tmp/addons/sourcemod/scripting/weapons/menus.sp::WeaponsMenuHandler
L 12/03/2021 - 22:50:58: [SM] Exception reported: Cannot set m_iItemIDLow with "FollowCSGOServerGuidelines" option enabled.
L 12/03/2021 - 22:50:58: [SM] Blaming: weapons.smx
L 12/03/2021 - 22:50:58: [SM] Call stack trace:
L 12/03/2021 - 22:50:58: [SM]   [0] SetEntProp
L 12/03/2021 - 22:50:58: [SM]   [1] Line 257, tmp/addons/sourcemod/scripting/weapons.sp::SetWeaponProps
L 12/03/2021 - 22:50:58: [SM]   [2] Line 55, tmp/addons/sourcemod/scripting/weapons/hooks.sp::GiveNamedItemPost
L 12/03/2021 - 22:50:58: [SM]   [4] GivePlayerItem
L 12/03/2021 - 22:50:58: [SM]   [5] Line 356, tmp/addons/sourcemod/scripting/weapons.sp::RefreshWeapon
L 12/03/2021 - 22:50:58: [SM]   [6] Line 39, tmp/addons/sourcemod/scripting/weapons/menus.sp::WeaponsMenuHandler
L 12/03/2021 - 22:50:59: [SM] Exception reported: Cannot set m_iItemIDLow with "FollowCSGOServerGuidelines" option enabled.
L 12/03/2021 - 22:50:59: [SM] Blaming: weapons.smx
L 12/03/2021 - 22:50:59: [SM] Call stack trace:
L 12/03/2021 - 22:50:59: [SM]   [0] SetEntProp
L 12/03/2021 - 22:50:59: [SM]   [1] Line 257, tmp/addons/sourcemod/scripting/weapons.sp::SetWeaponProps
L 12/03/2021 - 22:50:59: [SM]   [2] Line 55, tmp/addons/sourcemod/scripting/weapons/hooks.sp::GiveNamedItemPost
L 12/03/2021 - 22:50:59: [SM]   [4] GivePlayerItem
L 12/03/2021 - 22:50:59: [SM]   [5] Line 356, tmp/addons/sourcemod/scripting/weapons.sp::RefreshWeapon
L 12/03/2021 - 22:50:59: [SM]   [6] Line 39, tmp/addons/sourcemod/scripting/weapons/menus.sp::WeaponsMenuHandler
L 12/03/2021 - 22:51:00: [SM] Exception reported: Cannot set m_iItemIDLow with "FollowCSGOServerGuidelines" option enabled.
L 12/03/2021 - 22:51:00: [SM] Blaming: weapons.smx
L 12/03/2021 - 22:51:00: [SM] Call stack trace:
L 12/03/2021 - 22:51:00: [SM]   [0] SetEntProp
L 12/03/2021 - 22:51:00: [SM]   [1] Line 257, tmp/addons/sourcemod/scripting/weapons.sp::SetWeaponProps
L 12/03/2021 - 22:51:00: [SM]   [2] Line 55, tmp/addons/sourcemod/scripting/weapons/hooks.sp::GiveNamedItemPost
L 12/03/2021 - 22:51:00: [SM]   [4] GivePlayerItem
L 12/03/2021 - 22:51:00: [SM]   [5] Line 356, tmp/addons/sourcemod/scripting/weapons.sp::RefreshWeapon
L 12/03/2021 - 22:51:00: [SM]   [6] Line 39, tmp/addons/sourcemod/scripting/weapons/menus.sp::WeaponsMenuHandler
L 12/03/2021 - 22:51:02: [SM] Exception reported: Cannot set m_iItemIDLow with "FollowCSGOServerGuidelines" option enabled.
L 12/03/2021 - 22:51:02: [SM] Blaming: weapons.smx
L 12/03/2021 - 22:51:02: [SM] Call stack trace:
L 12/03/2021 - 22:51:02: [SM]   [0] SetEntProp
L 12/03/2021 - 22:51:02: [SM]   [1] Line 257, tmp/addons/sourcemod/scripting/weapons.sp::SetWeaponProps
L 12/03/2021 - 22:51:02: [SM]   [2] Line 55, tmp/addons/sourcemod/scripting/weapons/hooks.sp::GiveNamedItemPost
L 12/03/2021 - 22:51:02: [SM]   [4] GivePlayerItem
L 12/03/2021 - 22:51:02: [SM]   [5] Line 356, tmp/addons/sourcemod/scripting/weapons.sp::RefreshWeapon
L 12/03/2021 - 22:51:02: [SM]   [6] Line 39, tmp/addons/sourcemod/scripting/weapons/menus.sp::WeaponsMenuHandler
L 12/03/2021 - 22:54:49: SourceMod error session started
L 12/03/2021 - 22:54:49: Info (map "de_mirage") (file "c:\users\guime\downloads\servers\1\serverfiles\csgo\addons\sourcemod\logs\errors_20211203.log")
L 12/03/2021 - 22:54:49: [SM] Exception reported: Cannot set m_iItemIDLow with "FollowCSGOServerGuidelines" option enabled.
L 12/03/2021 - 22:54:49: [SM] Blaming: weapons.smx
L 12/03/2021 - 22:54:49: [SM] Call stack trace:
L 12/03/2021 - 22:54:49: [SM]   [0] SetEntProp
L 12/03/2021 - 22:54:49: [SM]   [1] Line 257, tmp/addons/sourcemod/scripting/weapons.sp::SetWeaponProps
L 12/03/2021 - 22:54:49: [SM]   [2] Line 55, tmp/addons/sourcemod/scripting/weapons/hooks.sp::GiveNamedItemPost
L 12/03/2021 - 22:54:49: [SM] Exception reported: Cannot set m_iItemIDLow with "FollowCSGOServerGuidelines" option enabled.
L 12/03/2021 - 22:54:49: [SM] Blaming: weapons.smx
L 12/03/2021 - 22:54:49: [SM] Call stack trace:
L 12/03/2021 - 22:54:49: [SM]   [0] SetEntProp
L 12/03/2021 - 22:54:49: [SM]   [1] Line 257, tmp/addons/sourcemod/scripting/weapons.sp::SetWeaponProps
L 12/03/2021 - 22:54:49: [SM]   [2] Line 55, tmp/addons/sourcemod/scripting/weapons/hooks.sp::GiveNamedItemPost
L 12/03/2021 - 22:54:49: [SM] Exception reported: Cannot set m_iItemIDLow with "FollowCSGOServerGuidelines" option enabled.
L 12/03/2021 - 22:54:50: [SM] Blaming: weapons.smx
L 12/03/2021 - 22:54:50: [SM] Call stack trace:
L 12/03/2021 - 22:54:50: [SM]   [0] SetEntProp
L 12/03/2021 - 22:54:50: [SM]   [1] Line 257, tmp/addons/sourcemod/scripting/weapons.sp::SetWeaponProps
L 12/03/2021 - 22:54:50: [SM]   [2] Line 55, tmp/addons/sourcemod/scripting/weapons/hooks.sp::GiveNamedItemPost
L 12/03/2021 - 22:54:50: [SM] Exception reported: Cannot set m_iItemIDLow with "FollowCSGOServerGuidelines" option enabled.
L 12/03/2021 - 22:54:50: [SM] Blaming: weapons.smx
L 12/03/2021 - 22:54:50: [SM] Call stack trace:
L 12/03/2021 - 22:54:50: [SM]   [0] SetEntProp
L 12/03/2021 - 22:54:50: [SM]   [1] Line 257, tmp/addons/sourcemod/scripting/weapons.sp::SetWeaponProps
L 12/03/2021 - 22:54:50: [SM]   [2] Line 55, tmp/addons/sourcemod/scripting/weapons/hooks.sp::GiveNamedItemPost
L 12/03/2021 - 22:55:05: [SM] Exception reported: Cannot set m_iItemIDLow with "FollowCSGOServerGuidelines" option enabled.
L 12/03/2021 - 22:55:05: [SM] Blaming: weapons.smx
L 12/03/2021 - 22:55:05: [SM] Call stack trace:
L 12/03/2021 - 22:55:05: [SM]   [0] SetEntProp
L 12/03/2021 - 22:55:05: [SM]   [1] Line 257, tmp/addons/sourcemod/scripting/weapons.sp::SetWeaponProps
L 12/03/2021 - 22:55:05: [SM]   [2] Line 55, tmp/addons/sourcemod/scripting/weapons/hooks.sp::GiveNamedItemPost
L 12/03/2021 - 22:55:05: [SM]   [4] GivePlayerItem
L 12/03/2021 - 22:55:05: [SM]   [5] Line 356, tmp/addons/sourcemod/scripting/weapons.sp::RefreshWeapon
L 12/03/2021 - 22:55:05: [SM]   [6] Line 39, tmp/addons/sourcemod/scripting/weapons/menus.sp::WeaponsMenuHandler
L 12/03/2021 - 22:55:06: [SM] Exception reported: Cannot set m_iItemIDLow with "FollowCSGOServerGuidelines" option enabled.
L 12/03/2021 - 22:55:06: [SM] Blaming: weapons.smx
L 12/03/2021 - 22:55:06: [SM] Call stack trace:
L 12/03/2021 - 22:55:06: [SM]   [0] SetEntProp
L 12/03/2021 - 22:55:06: [SM]   [1] Line 257, tmp/addons/sourcemod/scripting/weapons.sp::SetWeaponProps
L 12/03/2021 - 22:55:06: [SM]   [2] Line 55, tmp/addons/sourcemod/scripting/weapons/hooks.sp::GiveNamedItemPost
L 12/03/2021 - 22:55:06: [SM]   [4] GivePlayerItem
L 12/03/2021 - 22:55:06: [SM]   [5] Line 356, tmp/addons/sourcemod/scripting/weapons.sp::RefreshWeapon
L 12/03/2021 - 22:55:06: [SM]   [6] Line 39, tmp/addons/sourcemod/scripting/weapons/menus.sp::WeaponsMenuHandler
L 12/03/2021 - 22:55:07: [SM] Exception reported: Cannot set m_iItemIDLow with "FollowCSGOServerGuidelines" option enabled.
L 12/03/2021 - 22:55:07: [SM] Blaming: weapons.smx
L 12/03/2021 - 22:55:07: [SM] Call stack trace:
L 12/03/2021 - 22:55:07: [SM]   [0] SetEntProp
L 12/03/2021 - 22:55:07: [SM]   [1] Line 257, tmp/addons/sourcemod/scripting/weapons.sp::SetWeaponProps
L 12/03/2021 - 22:55:07: [SM]   [2] Line 55, tmp/addons/sourcemod/scripting/weapons/hooks.sp::GiveNamedItemPost
L 12/03/2021 - 22:55:07: [SM]   [4] GivePlayerItem
L 12/03/2021 - 22:55:07: [SM]   [5] Line 356, tmp/addons/sourcemod/scripting/weapons.sp::RefreshWeapon
L 12/03/2021 - 22:55:07: [SM]   [6] Line 39, tmp/addons/sourcemod/scripting/weapons/menus.sp::WeaponsMenuHandler
L 12/03/2021 - 22:55:08: [SM] Exception reported: Cannot set m_iItemIDLow with "FollowCSGOServerGuidelines" option enabled.
L 12/03/2021 - 22:55:08: [SM] Blaming: weapons.smx
L 12/03/2021 - 22:55:08: [SM] Call stack trace:
L 12/03/2021 - 22:55:08: [SM]   [0] SetEntProp
L 12/03/2021 - 22:55:08: [SM]   [1] Line 257, tmp/addons/sourcemod/scripting/weapons.sp::SetWeaponProps
L 12/03/2021 - 22:55:08: [SM]   [2] Line 55, tmp/addons/sourcemod/scripting/weapons/hooks.sp::GiveNamedItemPost
L 12/03/2021 - 22:55:08: [SM]   [4] GivePlayerItem
L 12/03/2021 - 22:55:08: [SM]   [5] Line 356, tmp/addons/sourcemod/scripting/weapons.sp::RefreshWeapon
L 12/03/2021 - 22:55:08: [SM]   [6] Line 39, tmp/addons/sourcemod/scripting/weapons/menus.sp::WeaponsMenuHandler
L 12/03/2021 - 22:55:09: [SM] Exception reported: Cannot set m_iItemIDLow with "FollowCSGOServerGuidelines" option enabled.
L 12/03/2021 - 22:55:09: [SM] Blaming: weapons.smx
L 12/03/2021 - 22:55:09: [SM] Call stack trace:
L 12/03/2021 - 22:55:09: [SM]   [0] SetEntProp
L 12/03/2021 - 22:55:09: [SM]   [1] Line 257, tmp/addons/sourcemod/scripting/weapons.sp::SetWeaponProps
L 12/03/2021 - 22:55:09: [SM]   [2] Line 55, tmp/addons/sourcemod/scripting/weapons/hooks.sp::GiveNamedItemPost
L 12/03/2021 - 22:55:09: [SM]   [4] GivePlayerItem
L 12/03/2021 - 22:55:09: [SM]   [5] Line 356, tmp/addons/sourcemod/scripting/weapons.sp::RefreshWeapon
L 12/03/2021 - 22:55:09: [SM]   [6] Line 39, tmp/addons/sourcemod/scripting/weapons/menus.sp::WeaponsMenuHandler
L 12/03/2021 - 22:55:59: [SM] Exception reported: Cannot set m_iItemIDLow with "FollowCSGOServerGuidelines" option enabled.
L 12/03/2021 - 22:55:59: [SM] Blaming: weapons.smx
L 12/03/2021 - 22:55:59: [SM] Call stack trace:
L 12/03/2021 - 22:55:59: [SM]   [0] SetEntProp
L 12/03/2021 - 22:55:59: [SM]   [1] Line 257, tmp/addons/sourcemod/scripting/weapons.sp::SetWeaponProps
L 12/03/2021 - 22:55:59: [SM]   [2] Line 55, tmp/addons/sourcemod/scripting/weapons/hooks.sp::GiveNamedItemPost
L 12/03/2021 - 22:55:59: [SM] Exception reported: Cannot set m_iItemIDLow with "FollowCSGOServerGuidelines" option enabled.
L 12/03/2021 - 22:55:59: [SM] Blaming: weapons.smx
L 12/03/2021 - 22:55:59: [SM] Call stack trace:
L 12/03/2021 - 22:55:59: [SM]   [0] SetEntProp
L 12/03/2021 - 22:55:59: [SM]   [1] Line 257, tmp/addons/sourcemod/scripting/weapons.sp::SetWeaponProps
L 12/03/2021 - 22:55:59: [SM]   [2] Line 55, tmp/addons/sourcemod/scripting/weapons/hooks.sp::GiveNamedItemPost
L 12/03/2021 - 22:56:07: [SM] Exception reported: Cannot set m_iItemIDLow with "FollowCSGOServerGuidelines" option enabled.
L 12/03/2021 - 22:56:07: [SM] Blaming: weapons.smx
L 12/03/2021 - 22:56:07: [SM] Call stack trace:
L 12/03/2021 - 22:56:07: [SM]   [0] SetEntProp
L 12/03/2021 - 22:56:07: [SM]   [1] Line 257, tmp/addons/sourcemod/scripting/weapons.sp::SetWeaponProps
L 12/03/2021 - 22:56:07: [SM]   [2] Line 55, tmp/addons/sourcemod/scripting/weapons/hooks.sp::GiveNamedItemPost
L 12/03/2021 - 22:56:07: [SM]   [4] GivePlayerItem
L 12/03/2021 - 22:56:07: [SM]   [5] Line 356, tmp/addons/sourcemod/scripting/weapons.sp::RefreshWeapon
L 12/03/2021 - 22:56:07: [SM]   [6] Line 39, tmp/addons/sourcemod/scripting/weapons/menus.sp::WeaponsMenuHandler
L 12/03/2021 - 22:56:08: [SM] Exception reported: Cannot set m_iItemIDLow with "FollowCSGOServerGuidelines" option enabled.
L 12/03/2021 - 22:56:08: [SM] Blaming: weapons.smx
L 12/03/2021 - 22:56:08: [SM] Call stack trace:
L 12/03/2021 - 22:56:08: [SM]   [0] SetEntProp
L 12/03/2021 - 22:56:08: [SM]   [1] Line 257, tmp/addons/sourcemod/scripting/weapons.sp::SetWeaponProps
L 12/03/2021 - 22:56:08: [SM]   [2] Line 55, tmp/addons/sourcemod/scripting/weapons/hooks.sp::GiveNamedItemPost
L 12/03/2021 - 22:56:08: [SM]   [4] GivePlayerItem
L 12/03/2021 - 22:56:08: [SM]   [5] Line 356, tmp/addons/sourcemod/scripting/weapons.sp::RefreshWeapon
L 12/03/2021 - 22:56:08: [SM]   [6] Line 39, tmp/addons/sourcemod/scripting/weapons/menus.sp::WeaponsMenuHandler
L 12/03/2021 - 22:56:18: [SM] Exception reported: Cannot set m_iItemIDLow with "FollowCSGOServerGuidelines" option enabled.
L 12/03/2021 - 22:56:18: [SM] Blaming: weapons.smx
L 12/03/2021 - 22:56:18: [SM] Call stack trace:
L 12/03/2021 - 22:56:18: [SM]   [0] SetEntProp
L 12/03/2021 - 22:56:18: [SM]   [1] Line 257, tmp/addons/sourcemod/scripting/weapons.sp::SetWeaponProps
L 12/03/2021 - 22:56:18: [SM]   [2] Line 55, tmp/addons/sourcemod/scripting/weapons/hooks.sp::GiveNamedItemPost
L 12/03/2021 - 22:56:26: [SM] Exception reported: Cannot set m_iItemIDLow with "FollowCSGOServerGuidelines" option enabled.
L 12/03/2021 - 22:56:26: [SM] Blaming: weapons.smx
L 12/03/2021 - 22:56:26: [SM] Call stack trace:
L 12/03/2021 - 22:56:26: [SM]   [0] SetEntProp
L 12/03/2021 - 22:56:26: [SM]   [1] Line 257, tmp/addons/sourcemod/scripting/weapons.sp::SetWeaponProps
L 12/03/2021 - 22:56:26: [SM]   [2] Line 55, tmp/addons/sourcemod/scripting/weapons/hooks.sp::GiveNamedItemPost
L 12/03/2021 - 22:56:26: [SM]   [4] GivePlayerItem
L 12/03/2021 - 22:56:26: [SM]   [5] Line 336, tmp/addons/sourcemod/scripting/weapons.sp::RefreshWeapon
L 12/03/2021 - 22:56:26: [SM]   [6] Line 39, tmp/addons/sourcemod/scripting/weapons/menus.sp::WeaponsMenuHandler
L 12/03/2021 - 22:56:26: [SM] Exception reported: Invalid data pack handle 0 (error 4).
L 12/03/2021 - 22:56:26: [SM] Blaming: weapons.smx
L 12/03/2021 - 22:56:27: [SM] Call stack trace:
L 12/03/2021 - 22:56:27: [SM]   [0] DataPack.WriteCell
L 12/03/2021 - 22:56:27: [SM]   [1] Line 349, tmp/addons/sourcemod/scripting/weapons.sp::RefreshWeapon
L 12/03/2021 - 22:56:27: [SM]   [2] Line 39, tmp/addons/sourcemod/scripting/weapons/menus.sp::WeaponsMenuHandler
L 12/03/2021 - 22:56:27: [SM] Exception reported: Data pack operation is out of bounds.
L 12/03/2021 - 22:56:27: [SM] Blaming: weapons.smx
L 12/03/2021 - 22:56:27: [SM] Call stack trace:
L 12/03/2021 - 22:56:27: [SM]   [0] DataPack.ReadCell
L 12/03/2021 - 22:56:27: [SM]   [1] Line 367, tmp/addons/sourcemod/scripting/weapons.sp::ReserveAmmoTimer
L 12/03/2021 - 22:56:32: [SM] Exception reported: Cannot set m_iItemIDLow with "FollowCSGOServerGuidelines" option enabled.
L 12/03/2021 - 22:56:32: [SM] Blaming: weapons.smx
L 12/03/2021 - 22:56:32: [SM] Call stack trace:
L 12/03/2021 - 22:56:32: [SM]   [0] SetEntProp
L 12/03/2021 - 22:56:32: [SM]   [1] Line 257, tmp/addons/sourcemod/scripting/weapons.sp::SetWeaponProps
L 12/03/2021 - 22:56:32: [SM]   [2] Line 55, tmp/addons/sourcemod/scripting/weapons/hooks.sp::GiveNamedItemPost
L 12/03/2021 - 22:56:32: [SM]   [4] GivePlayerItem
L 12/03/2021 - 22:56:32: [SM]   [5] Line 336, tmp/addons/sourcemod/scripting/weapons.sp::RefreshWeapon
L 12/03/2021 - 22:56:32: [SM]   [6] Line 39, tmp/addons/sourcemod/scripting/weapons/menus.sp::WeaponsMenuHandler
L 12/03/2021 - 22:56:32: [SM] Exception reported: Invalid data pack handle 0 (error 4).
L 12/03/2021 - 22:56:32: [SM] Blaming: weapons.smx
L 12/03/2021 - 22:56:32: [SM] Call stack trace:
L 12/03/2021 - 22:56:32: [SM]   [0] DataPack.WriteCell
L 12/03/2021 - 22:56:32: [SM]   [1] Line 349, tmp/addons/sourcemod/scripting/weapons.sp::RefreshWeapon
L 12/03/2021 - 22:56:32: [SM]   [2] Line 39, tmp/addons/sourcemod/scripting/weapons/menus.sp::WeaponsMenuHandler
L 12/03/2021 - 22:56:32: [SM] Exception reported: Data pack operation is out of bounds.
L 12/03/2021 - 22:56:32: [SM] Blaming: weapons.smx
L 12/03/2021 - 22:56:32: [SM] Call stack trace:
L 12/03/2021 - 22:56:32: [SM]   [0] DataPack.ReadCell
L 12/03/2021 - 22:56:32: [SM]   [1] Line 367, tmp/addons/sourcemod/scripting/weapons.sp::ReserveAmmoTimer
L 12/03/2021 - 22:59:42: Error log file session closed.
