L 03/05/2022 - 15:30:42: SourceMod error session started
L 03/05/2022 - 15:30:42: Info (map "de_inferno") (file "c:\users\guime\documents\servidor cs\servers\1\serverfiles\csgo\addons\sourcemod\logs\errors_20220305.log")
L 03/05/2022 - 15:30:42: [SM] Exception reported: Invalid edict (2382 - -1542125234)
L 03/05/2022 - 15:30:42: [SM] Blaming: disabled\nadetails.smx
L 03/05/2022 - 15:30:42: [SM] Call stack trace:
L 03/05/2022 - 15:30:42: [SM]   [0] GetEdictClassname
L 03/05/2022 - 15:30:42: [SM]   [1] Line 334, /home/forums/content/files/2/4/8/3/8/6/133755.attach::OnEntitySpawned
L 03/05/2022 - 15:30:42: [SM] Exception reported: Invalid edict (2383 - -580712113)
L 03/05/2022 - 15:30:42: [SM] Blaming: disabled\nadetails.smx
L 03/05/2022 - 15:30:42: [SM] Call stack trace:
L 03/05/2022 - 15:30:42: [SM]   [0] GetEdictClassname
L 03/05/2022 - 15:30:42: [SM]   [1] Line 334, /home/forums/content/files/2/4/8/3/8/6/133755.attach::OnEntitySpawned
L 03/05/2022 - 15:30:42: [SM] Exception reported: Invalid edict (2384 - -712242864)
L 03/05/2022 - 15:30:42: [SM] Blaming: disabled\nadetails.smx
L 03/05/2022 - 15:30:42: [SM] Call stack trace:
L 03/05/2022 - 15:30:42: [SM]   [0] GetEdictClassname
L 03/05/2022 - 15:30:42: [SM]   [1] Line 334, /home/forums/content/files/2/4/8/3/8/6/133755.attach::OnEntitySpawned
L 03/05/2022 - 15:30:42: [SM] Exception reported: Invalid edict (2385 - -499513007)
L 03/05/2022 - 15:30:42: [SM] Blaming: disabled\nadetails.smx
L 03/05/2022 - 15:30:42: [SM] Call stack trace:
L 03/05/2022 - 15:30:42: [SM]   [0] GetEdictClassname
L 03/05/2022 - 15:30:42: [SM]   [1] Line 334, /home/forums/content/files/2/4/8/3/8/6/133755.attach::OnEntitySpawned
L 03/05/2022 - 15:30:42: [SM] Exception reported: Invalid edict (2386 - -590804654)
L 03/05/2022 - 15:30:42: [SM] Blaming: disabled\nadetails.smx
L 03/05/2022 - 15:30:42: [SM] Call stack trace:
L 03/05/2022 - 15:30:42: [SM]   [0] GetEdictClassname
L 03/05/2022 - 15:30:42: [SM]   [1] Line 334, /home/forums/content/files/2/4/8/3/8/6/133755.attach::OnEntitySpawned
L 03/05/2022 - 15:39:30: [SM] Exception reported: Invalid edict (2387 - -1071183533)
L 03/05/2022 - 15:39:30: [SM] Blaming: disabled\nadetails.smx
L 03/05/2022 - 15:39:30: [SM] Call stack trace:
L 03/05/2022 - 15:39:30: [SM]   [0] GetEdictClassname
L 03/05/2022 - 15:39:30: [SM]   [1] Line 334, /home/forums/content/files/2/4/8/3/8/6/133755.attach::OnEntitySpawned
L 03/05/2022 - 15:39:30: [SM] Exception reported: Invalid edict (2388 - -357693100)
L 03/05/2022 - 15:39:30: [SM] Blaming: disabled\nadetails.smx
L 03/05/2022 - 15:39:30: [SM] Call stack trace:
L 03/05/2022 - 15:39:30: [SM]   [0] GetEdictClassname
L 03/05/2022 - 15:39:30: [SM]   [1] Line 334, /home/forums/content/files/2/4/8/3/8/6/133755.attach::OnEntitySpawned
L 03/05/2022 - 15:39:30: [SM] Exception reported: Invalid edict (2389 - -1560802987)
L 03/05/2022 - 15:39:30: [SM] Blaming: disabled\nadetails.smx
L 03/05/2022 - 15:39:30: [SM] Call stack trace:
L 03/05/2022 - 15:39:30: [SM]   [0] GetEdictClassname
L 03/05/2022 - 15:39:30: [SM]   [1] Line 334, /home/forums/content/files/2/4/8/3/8/6/133755.attach::OnEntitySpawned
L 03/05/2022 - 15:39:30: [SM] Exception reported: Invalid edict (2390 - -2062677674)
L 03/05/2022 - 15:39:30: [SM] Blaming: disabled\nadetails.smx
L 03/05/2022 - 15:39:30: [SM] Call stack trace:
L 03/05/2022 - 15:39:30: [SM]   [0] GetEdictClassname
L 03/05/2022 - 15:39:30: [SM]   [1] Line 334, /home/forums/content/files/2/4/8/3/8/6/133755.attach::OnEntitySpawned
L 03/05/2022 - 15:39:30: [SM] Exception reported: Invalid edict (2391 - -573109929)
L 03/05/2022 - 15:39:30: [SM] Blaming: disabled\nadetails.smx
L 03/05/2022 - 15:39:30: [SM] Call stack trace:
L 03/05/2022 - 15:39:30: [SM]   [0] GetEdictClassname
L 03/05/2022 - 15:39:30: [SM]   [1] Line 334, /home/forums/content/files/2/4/8/3/8/6/133755.attach::OnEntitySpawned
L 03/05/2022 - 15:40:28: [SM] Exception reported: Invalid edict (2392 - -395835048)
L 03/05/2022 - 15:40:28: [SM] Blaming: disabled\nadetails.smx
L 03/05/2022 - 15:40:28: [SM] Call stack trace:
L 03/05/2022 - 15:40:28: [SM]   [0] GetEdictClassname
L 03/05/2022 - 15:40:28: [SM]   [1] Line 334, /home/forums/content/files/2/4/8/3/8/6/133755.attach::OnEntitySpawned
L 03/05/2022 - 15:40:28: [SM] Exception reported: Invalid edict (2393 - -661780135)
L 03/05/2022 - 15:40:28: [SM] Blaming: disabled\nadetails.smx
L 03/05/2022 - 15:40:28: [SM] Call stack trace:
L 03/05/2022 - 15:40:28: [SM]   [0] GetEdictClassname
L 03/05/2022 - 15:40:28: [SM]   [1] Line 334, /home/forums/content/files/2/4/8/3/8/6/133755.attach::OnEntitySpawned
L 03/05/2022 - 15:40:28: [SM] Exception reported: Invalid edict (2394 - -796587686)
L 03/05/2022 - 15:40:28: [SM] Blaming: disabled\nadetails.smx
L 03/05/2022 - 15:40:28: [SM] Call stack trace:
L 03/05/2022 - 15:40:28: [SM]   [0] GetEdictClassname
L 03/05/2022 - 15:40:28: [SM]   [1] Line 334, /home/forums/content/files/2/4/8/3/8/6/133755.attach::OnEntitySpawned
L 03/05/2022 - 15:40:28: [SM] Exception reported: Invalid edict (2395 - -144701093)
L 03/05/2022 - 15:40:28: [SM] Blaming: disabled\nadetails.smx
L 03/05/2022 - 15:40:28: [SM] Call stack trace:
L 03/05/2022 - 15:40:28: [SM]   [0] GetEdictClassname
L 03/05/2022 - 15:40:28: [SM]   [1] Line 334, /home/forums/content/files/2/4/8/3/8/6/133755.attach::OnEntitySpawned
L 03/05/2022 - 15:40:28: [SM] Exception reported: Invalid edict (2396 - -1842280100)
L 03/05/2022 - 15:40:28: [SM] Blaming: disabled\nadetails.smx
L 03/05/2022 - 15:40:28: [SM] Call stack trace:
L 03/05/2022 - 15:40:28: [SM]   [0] GetEdictClassname
L 03/05/2022 - 15:40:28: [SM]   [1] Line 334, /home/forums/content/files/2/4/8/3/8/6/133755.attach::OnEntitySpawned
L 03/05/2022 - 15:51:02: [SM] Exception reported: Array index out-of-bounds (index -1, limit 66)
L 03/05/2022 - 15:51:02: [SM] Blaming: disabled\nadetails.smx
L 03/05/2022 - 15:51:02: [SM] Call stack trace:
L 03/05/2022 - 15:51:02: [SM]   [1] Line 337, /home/forums/content/files/2/4/8/3/8/6/133755.attach::OnEntitySpawned
L 03/05/2022 - 15:51:02: [SM] Exception reported: Array index out-of-bounds (index -1, limit 66)
L 03/05/2022 - 15:51:02: [SM] Blaming: disabled\nadetails.smx
L 03/05/2022 - 15:51:02: [SM] Call stack trace:
L 03/05/2022 - 15:51:02: [SM]   [1] Line 337, /home/forums/content/files/2/4/8/3/8/6/133755.attach::OnEntitySpawned
L 03/05/2022 - 15:51:02: [SM]   [3] ServerCommandEx
L 03/05/2022 - 15:51:02: [SM]   [4] Line 402, D:\builds\build-sourcemod-msvc12\windows-1.10\build\plugins\basecommands.sp::Command_Rcon
L 03/05/2022 - 15:52:27: [SM] Exception reported: Array index out-of-bounds (index -1, limit 66)
L 03/05/2022 - 15:52:27: [SM] Blaming: disabled\nadetails.smx
L 03/05/2022 - 15:52:27: [SM] Call stack trace:
L 03/05/2022 - 15:52:27: [SM]   [1] Line 337, /home/forums/content/files/2/4/8/3/8/6/133755.attach::OnEntitySpawned
L 03/05/2022 - 15:52:27: [SM] Exception reported: Array index out-of-bounds (index -1, limit 66)
L 03/05/2022 - 15:52:27: [SM] Blaming: disabled\nadetails.smx
L 03/05/2022 - 15:52:27: [SM] Call stack trace:
L 03/05/2022 - 15:52:27: [SM]   [1] Line 337, /home/forums/content/files/2/4/8/3/8/6/133755.attach::OnEntitySpawned
L 03/05/2022 - 15:52:27: [SM]   [3] ServerCommandEx
L 03/05/2022 - 15:52:27: [SM]   [4] Line 402, D:\builds\build-sourcemod-msvc12\windows-1.10\build\plugins\basecommands.sp::Command_Rcon
L 03/05/2022 - 15:55:56: [SM] Exception reported: Array index out-of-bounds (index -1, limit 66)
L 03/05/2022 - 15:55:56: [SM] Blaming: disabled\nadetails.smx
L 03/05/2022 - 15:55:56: [SM] Call stack trace:
L 03/05/2022 - 15:55:56: [SM]   [1] Line 337, /home/forums/content/files/2/4/8/3/8/6/133755.attach::OnEntitySpawned
L 03/05/2022 - 15:55:56: [SM] Exception reported: Array index out-of-bounds (index -1, limit 66)
L 03/05/2022 - 15:55:56: [SM] Blaming: disabled\nadetails.smx
L 03/05/2022 - 15:55:56: [SM] Call stack trace:
L 03/05/2022 - 15:55:56: [SM]   [1] Line 337, /home/forums/content/files/2/4/8/3/8/6/133755.attach::OnEntitySpawned
L 03/05/2022 - 15:55:56: [SM]   [3] ServerCommandEx
L 03/05/2022 - 15:55:56: [SM]   [4] Line 402, D:\builds\build-sourcemod-msvc12\windows-1.10\build\plugins\basecommands.sp::Command_Rcon
L 03/05/2022 - 15:56:21: [SM] Exception reported: Array index out-of-bounds (index -1, limit 66)
L 03/05/2022 - 15:56:21: [SM] Blaming: disabled\nadetails.smx
L 03/05/2022 - 15:56:21: [SM] Call stack trace:
L 03/05/2022 - 15:56:21: [SM]   [1] Line 337, /home/forums/content/files/2/4/8/3/8/6/133755.attach::OnEntitySpawned
L 03/05/2022 - 15:56:21: [SM] Exception reported: Array index out-of-bounds (index -1, limit 66)
L 03/05/2022 - 15:56:21: [SM] Blaming: disabled\nadetails.smx
L 03/05/2022 - 15:56:21: [SM] Call stack trace:
L 03/05/2022 - 15:56:21: [SM]   [1] Line 337, /home/forums/content/files/2/4/8/3/8/6/133755.attach::OnEntitySpawned
L 03/05/2022 - 15:56:21: [SM]   [3] ServerCommandEx
L 03/05/2022 - 15:56:21: [SM]   [4] Line 402, D:\builds\build-sourcemod-msvc12\windows-1.10\build\plugins\basecommands.sp::Command_Rcon
