L 12/12/2021 - 00:22:57: SourceMod error session started
L 12/12/2021 - 00:22:57: Info (map "de_mirage") (file "c:\users\guime\documents\servidor cs\servers\1\serverfiles\csgo\addons\sourcemod\logs\errors_20211212.log")
L 12/12/2021 - 00:22:57: [pugsetup.smx] GOTV demo could not be recorded since tv_enable is not set to 1
L 12/12/2021 - 12:41:41: SourceMod error session started
L 12/12/2021 - 12:41:41: Info (map "de_ancient") (file "c:\users\guime\documents\servidor cs\servers\1\serverfiles\csgo\addons\sourcemod\logs\errors_20211212.log")
L 12/12/2021 - 12:41:41: [SM] Unable to load plugin "nominations.smx": Could not find required plugin "mapchooser"
L 12/12/2021 - 12:41:45: [admin-sql-prefetch.smx] Could not connect to database "default": [2003]: Can't connect to MySQL server on 'localhost' (10061)
L 12/12/2021 - 12:41:53: [admin-sql-prefetch.smx] Could not connect to database "default": [2003]: Can't connect to MySQL server on 'localhost' (10061)
L 12/12/2021 - 12:41:57: [admin-sql-prefetch.smx] Could not connect to database "default": [2003]: Can't connect to MySQL server on 'localhost' (10061)
L 12/12/2021 - 12:41:59: [pugsetup.smx] Missing map file: addons\sourcemod\configs\pugsetup\addons\sourcemod\configs\pugsetup\maps.txt
L 12/12/2021 - 12:41:59: [pugsetup.smx] Missing map file: addons\sourcemod\configs\pugsetup\addons\sourcemod\configs\pugsetup\aim_maps.txt
L 12/12/2021 - 12:51:38: SourceMod error session started
L 12/12/2021 - 12:51:38: Info (map "de_ancient") (file "c:\users\guime\documents\servidor cs\servers\1\serverfiles\csgo\addons\sourcemod\logs\errors_20211212.log")
L 12/12/2021 - 12:51:38: [admin-sql-prefetch.smx] Could not connect to database "default": [2003]: Can't connect to MySQL server on 'localhost' (10061)
L 12/12/2021 - 12:51:46: [admin-sql-prefetch.smx] Could not connect to database "default": [2003]: Can't connect to MySQL server on 'localhost' (10061)
L 12/12/2021 - 12:51:50: [admin-sql-prefetch.smx] Could not connect to database "default": [2003]: Can't connect to MySQL server on 'localhost' (10061)
L 12/12/2021 - 12:55:29: [admin-sql-threaded.smx] Failed to connect to database: [2003]: Can't connect to MySQL server on 'localhost' (10061)
L 12/12/2021 - 12:55:31: Error log file session closed.
L 12/12/2021 - 12:55:35: SourceMod error session started
L 12/12/2021 - 12:55:35: Info (map "de_ancient") (file "c:\users\guime\documents\servidor cs\servers\1\serverfiles\csgo\addons\sourcemod\logs\errors_20211212.log")
L 12/12/2021 - 12:55:35: [admin-sql-prefetch.smx] Could not connect to database "default": [2003]: Can't connect to MySQL server on 'localhost' (10061)
L 12/12/2021 - 12:55:43: [admin-sql-prefetch.smx] Could not connect to database "default": [2003]: Can't connect to MySQL server on 'localhost' (10061)
L 12/12/2021 - 12:55:47: [admin-sql-prefetch.smx] Could not connect to database "default": [2003]: Can't connect to MySQL server on 'localhost' (10061)
L 12/12/2021 - 12:55:48: [admin-sql-threaded.smx] Failed to connect to database: [2003]: Can't connect to MySQL server on 'localhost' (10061)
L 12/12/2021 - 13:03:39: Error log file session closed.
L 12/12/2021 - 13:03:43: SourceMod error session started
L 12/12/2021 - 13:03:43: Info (map "workshop/165982790/aim_p2000") (file "c:\users\guime\documents\servidor cs\servers\1\serverfiles\csgo\addons\sourcemod\logs\errors_20211212.log")
L 12/12/2021 - 13:03:43: [admin-sql-prefetch.smx] Could not connect to database "default": [2003]: Can't connect to MySQL server on 'localhost' (10061)
L 12/12/2021 - 13:03:51: [admin-sql-prefetch.smx] Could not connect to database "default": [2003]: Can't connect to MySQL server on 'localhost' (10061)
L 12/12/2021 - 13:03:55: [admin-sql-prefetch.smx] Could not connect to database "default": [2003]: Can't connect to MySQL server on 'localhost' (10061)
L 12/12/2021 - 13:03:56: [admin-sql-threaded.smx] Failed to connect to database: [2003]: Can't connect to MySQL server on 'localhost' (10061)
L 12/12/2021 - 13:09:39: SourceMod error session started
L 12/12/2021 - 13:09:39: Info (map "de_ancient") (file "c:\users\guime\documents\servidor cs\servers\1\serverfiles\csgo\addons\sourcemod\logs\errors_20211212.log")
L 12/12/2021 - 13:09:39: [admin-sql-threaded.smx] Failed to connect to database: [2003]: Can't connect to MySQL server on 'localhost' (10061)
L 12/12/2021 - 13:18:49: Error log file session closed.
L 12/12/2021 - 13:18:53: SourceMod error session started
L 12/12/2021 - 13:18:53: Info (map "de_ancient") (file "c:\users\guime\documents\servidor cs\servers\1\serverfiles\csgo\addons\sourcemod\logs\errors_20211212.log")
L 12/12/2021 - 13:18:53: [admin-sql-threaded.smx] Failed to connect to database: [2003]: Can't connect to MySQL server on 'localhost' (10061)
L 12/12/2021 - 13:28:13: SourceMod error session started
L 12/12/2021 - 13:28:13: Info (map "de_ancient") (file "c:\users\guime\documents\servidor cs\servers\1\serverfiles\csgo\addons\sourcemod\logs\errors_20211212.log")
L 12/12/2021 - 13:28:13: [admin-sql-prefetch.smx] Could not connect to database "default": [2003]: Can't connect to MySQL server on 'localhost' (10061)
L 12/12/2021 - 13:28:17: [admin-sql-prefetch.smx] Could not connect to database "default": [2003]: Can't connect to MySQL server on 'localhost' (10061)
L 12/12/2021 - 13:58:45: SourceMod error session started
L 12/12/2021 - 13:58:45: Info (map "de_mirage") (file "c:\users\guime\documents\servidor cs\servers\1\serverfiles\csgo\addons\sourcemod\logs\errors_20211212.log")
L 12/12/2021 - 13:58:45: [pugsetup.smx] GOTV demo could not be recorded since tv_enable is not set to 1
L 12/12/2021 - 14:00:08: [pugsetup.smx] GOTV demo could not be recorded since tv_enable is not set to 1
L 12/12/2021 - 14:06:37: [pugsetup.smx] GOTV demo could not be recorded since tv_enable is not set to 1
L 12/12/2021 - 14:14:00: SourceMod error session started
L 12/12/2021 - 14:14:00: Info (map "de_ancient") (file "c:\users\guime\documents\servidor cs\servers\1\serverfiles\csgo\addons\sourcemod\logs\errors_20211212.log")
L 12/12/2021 - 14:14:00: [pugsetup.smx] GOTV demo could not be recorded since tv_enable is not set to 1
L 12/12/2021 - 14:33:53: SourceMod error session started
L 12/12/2021 - 14:33:53: Info (map "de_ancient") (file "c:\users\guime\documents\servidor cs\servers\1\serverfiles\csgo\addons\sourcemod\logs\errors_20211212.log")
L 12/12/2021 - 14:33:53: [pugsetup.smx] GOTV demo could not be recorded since tv_enable is not set to 1
L 12/12/2021 - 15:05:01: [pugsetup.smx] GOTV demo could not be recorded since tv_enable is not set to 1
L 12/12/2021 - 15:15:57: [pugsetup.smx] GOTV demo could not be recorded since tv_enable is not set to 1
L 12/12/2021 - 15:21:01: SourceMod error session started
L 12/12/2021 - 15:21:01: Info (map "de_ancient") (file "c:\users\guime\documents\servidor cs\servers\1\serverfiles\csgo\addons\sourcemod\logs\errors_20211212.log")
L 12/12/2021 - 15:21:01: [pugsetup.smx] GOTV demo could not be recorded since tv_enable is not set to 1
