L 12/01/2021 - 21:36:09: SourceMod log file session started (file "c:\users\guime\downloads\servers\1\serverfiles\csgo\addons\sourcemod\logs\L20211201.log") (Version "1.10.0.6528")
L 12/01/2021 - 21:36:09: -------- Mapchange to de_mirage --------
L 12/01/2021 - 21:45:49: [basecommands.smx] "cdr<12><STEAM_1:1:81467303><>" executed config (file "sourcemod/sm_retakes_off.cfg")
L 12/01/2021 - 21:58:41: [basecommands.smx] "cdr<12><STEAM_1:1:81467303><>" executed config (file "server.cfg")
L 12/01/2021 - 21:58:58: [basecommands.smx] "cdr<12><STEAM_1:1:81467303><>" executed config (file "sourcemod/sm_retakes_on.cfg")
L 12/01/2021 - 21:59:36: [basecommands.smx] "cdr<12><STEAM_1:1:81467303><>" console command (cmdline "mp_restartgame 1")
L 12/01/2021 - 22:00:47: [basecommands.smx] "cdr<12><STEAM_1:1:81467303><>" console command (cmdline "mp_restartgame 1")
L 12/01/2021 - 22:00:55: [basecommands.smx] "cdr<12><STEAM_1:1:81467303><>" console command (cmdline "mp_restartgame 1")
L 12/01/2021 - 22:03:59: Log file closed.
L 12/01/2021 - 22:04:23: SourceMod log file session started (file "c:\users\guime\downloads\servers\1\serverfiles\csgo\addons\sourcemod\logs\L20211201.log") (Version "1.10.0.6528")
L 12/01/2021 - 22:04:23: -------- Mapchange to de_mirage --------
L 12/01/2021 - 22:04:54: [basecommands.smx] "cdr<2><STEAM_1:1:81467303><>" executed config (file "sourcemod/sm_retakes_on.cfg")
L 12/01/2021 - 22:04:58: [basecommands.smx] "cdr<2><STEAM_1:1:81467303><>" console command (cmdline "mp_restartgame 1")
L 12/01/2021 - 22:05:35: [basecommands.smx] "cdr<2><STEAM_1:1:81467303><>" executed config (file "sourcemod/sm_retakes_on.cfg")
L 12/01/2021 - 22:06:24: [basecommands.smx] "cdr<2><STEAM_1:1:81467303><>" console command (cmdline "mp_restartgame 1")
L 12/01/2021 - 22:09:10: [basecommands.smx] "cdr<2><STEAM_1:1:81467303><>" console command (cmdline "mp_restartgame 1")
L 12/01/2021 - 22:11:25: SourceMod log file session started (file "c:\users\guime\downloads\servers\1\serverfiles\csgo\addons\sourcemod\logs\L20211201.log") (Version "1.10.0.6528")
L 12/01/2021 - 22:11:25: -------- Mapchange to de_mirage --------
L 12/01/2021 - 22:15:11: [basecommands.smx] "cdr<17><STEAM_1:1:81467303><>" console command (cmdline "mp_restartgame 1")
L 12/01/2021 - 22:15:11: [basecommands.smx] "cdr<17><STEAM_1:1:81467303><>" console command (cmdline "mp_restartgame 1")
L 12/01/2021 - 22:15:13: [basecommands.smx] "cdr<17><STEAM_1:1:81467303><>" console command (cmdline "mp_restartgame 1")
L 12/01/2021 - 22:15:13: [basecommands.smx] "cdr<17><STEAM_1:1:81467303><>" console command (cmdline "mp_restartgame 1")
L 12/01/2021 - 22:15:13: [basecommands.smx] "cdr<17><STEAM_1:1:81467303><>" console command (cmdline "mp_restartgame 1")
L 12/01/2021 - 22:15:42: [basecommands.smx] "cdr<17><STEAM_1:1:81467303><>" console command (cmdline "mp_restartgame 1")
L 12/01/2021 - 22:15:47: [basecommands.smx] "cdr<17><STEAM_1:1:81467303><>" console command (cmdline "mp_restartgame 1")
L 12/01/2021 - 22:15:48: [basecommands.smx] "cdr<17><STEAM_1:1:81467303><>" console command (cmdline "mp_restartgame 1")
L 12/01/2021 - 22:15:51: [basecommands.smx] "cdr<17><STEAM_1:1:81467303><>" console command (cmdline "mp_restartgame 1")
L 12/01/2021 - 22:15:53: [basecommands.smx] "cdr<17><STEAM_1:1:81467303><>" console command (cmdline "mp_restartgame 1")
L 12/01/2021 - 22:18:24: [basecommands.smx] "cdr<17><STEAM_1:1:81467303><>" console command (cmdline "mp_restartgame 1")
L 12/01/2021 - 22:18:26: [basecommands.smx] "cdr<17><STEAM_1:1:81467303><>" console command (cmdline "mp_restartgame 1")
L 12/01/2021 - 22:18:27: [basecommands.smx] "cdr<17><STEAM_1:1:81467303><>" console command (cmdline "mp_restartgame 1")
L 12/01/2021 - 22:18:28: [basecommands.smx] "cdr<17><STEAM_1:1:81467303><>" console command (cmdline "mp_restartgame 1")
L 12/01/2021 - 22:18:29: [basecommands.smx] "cdr<17><STEAM_1:1:81467303><>" console command (cmdline "mp_restartgame 1")
L 12/01/2021 - 22:18:54: [basecommands.smx] "cdr<17><STEAM_1:1:81467303><>" console command (cmdline "mp_restartgame 1")
L 12/01/2021 - 22:20:07: [basecommands.smx] "cdr<17><STEAM_1:1:81467303><>" console command (cmdline "mp_restartgame 1")
L 12/01/2021 - 22:23:20: [basecommands.smx] "cdr<17><STEAM_1:1:81467303><>" console command (cmdline "mp_restartgame 1")
L 12/01/2021 - 22:23:30: [basecommands.smx] "cdr<17><STEAM_1:1:81467303><>" console command (cmdline "mp_restartgame 1")
L 12/01/2021 - 22:23:30: [basecommands.smx] "cdr<17><STEAM_1:1:81467303><>" console command (cmdline "mp_restartgame 1")
L 12/01/2021 - 22:24:16: [basecommands.smx] "cdr<17><STEAM_1:1:81467303><>" console command (cmdline "mp_restartgame 1")
L 12/01/2021 - 22:25:21: [basecommands.smx] "cdr<17><STEAM_1:1:81467303><>" console command (cmdline "mp_restartgame 1")
L 12/01/2021 - 22:26:19: [basecommands.smx] "cdr<17><STEAM_1:1:81467303><>" console command (cmdline "mp_restartgame 1")
L 12/01/2021 - 22:29:27: [basecommands.smx] "cdr<17><STEAM_1:1:81467303><>" console command (cmdline "mp_restartgame 1")
L 12/01/2021 - 22:30:45: [basecommands.smx] "cdr<17><STEAM_1:1:81467303><>" console command (cmdline "mp_restartgame 1")
L 12/01/2021 - 22:31:00: [basecommands.smx] "cdr<17><STEAM_1:1:81467303><>" console command (cmdline "mp_restartgame 1")
L 12/01/2021 - 22:31:02: [basecommands.smx] "cdr<17><STEAM_1:1:81467303><>" console command (cmdline "mp_restartgame 1")
L 12/01/2021 - 22:31:04: [basecommands.smx] "cdr<17><STEAM_1:1:81467303><>" console command (cmdline "mp_restartgame 1")
L 12/01/2021 - 23:13:11: [basecommands.smx] "cdr<17><STEAM_1:1:81467303><>" console command (cmdline "mp_restartgame 1")
L 12/01/2021 - 23:13:44: [SM] Changed map to "de_dust"
L 12/01/2021 - 23:13:46: -------- Mapchange to de_dust2 --------
