L 01/15/2022 - 00:15:48: SourceMod log file session started (file "c:\users\guime\documents\servidor cs\servers\1\serverfiles\csgo\addons\sourcemod\logs\L20220115.log") (Version "1.10.0.6528")
L 01/15/2022 - 00:15:48: [basecommands.smx] "quim<17><STEAM_1:0:212202033><>" kicked "fuck e-gril<18><STEAM_1:0:635059049><>" (reason "")
L 01/15/2022 - 00:21:10: [basecommands.smx] "cdr<4><STEAM_1:1:81467303><>" executed config (file "sourcemod/retakes_off.cfg")
L 01/15/2022 - 00:21:12: [basecommands.smx] "cdr<4><STEAM_1:1:81467303><>" executed config (file "warmup.cfg")
L 01/15/2022 - 00:21:13: [basecommands.smx] "cdr<4><STEAM_1:1:81467303><>" console command (cmdline "mp_restartgame 1")
L 01/15/2022 - 00:21:47: [basecommands.smx] "cdr<4><STEAM_1:1:81467303><>" changed map to "de_inferno"
L 01/15/2022 - 00:21:50: [SM] Changed map to "de_inferno"
L 01/15/2022 - 00:21:51: -------- Mapchange to de_inferno --------
L 01/15/2022 - 00:21:52: [weapons.smx] Inactive players' data has been deleted
L 01/15/2022 - 00:22:29: [basecommands.smx] "cdr<4><STEAM_1:1:81467303><>" executed config (file "warmup.cfg")
L 01/15/2022 - 00:22:30: [basecommands.smx] "cdr<4><STEAM_1:1:81467303><>" console command (cmdline "mp_restartgame 1")
L 01/15/2022 - 00:22:53: [basecommands.smx] "cdr<4><STEAM_1:1:81467303><>" console command (cmdline "mp_restartgame 1")
L 01/15/2022 - 00:22:55: [basecommands.smx] "cdr<4><STEAM_1:1:81467303><>" console command (cmdline "mp_restartgame 1")
L 01/15/2022 - 00:22:57: [basecommands.smx] "cdr<4><STEAM_1:1:81467303><>" console command (cmdline "mp_restartgame 1")
L 01/15/2022 - 00:23:07: [basecommands.smx] "cdr<4><STEAM_1:1:81467303><>" console command (cmdline "mp_restartgame 1")
L 01/15/2022 - 00:25:22: [basecommands.smx] "cdr<4><STEAM_1:1:81467303><>" console command (cmdline "mp_pause_match")
L 01/15/2022 - 00:27:34: [basecommands.smx] "cdr<4><STEAM_1:1:81467303><>" console command (cmdline "mp_unpause_match")
L 01/15/2022 - 00:29:32: [basecommands.smx] "cdr<4><STEAM_1:1:81467303><>" console command (cmdline "mp_unpause_match")
L 01/15/2022 - 00:29:33: [basecommands.smx] "cdr<4><STEAM_1:1:81467303><>" console command (cmdline "mp_pause_match")
L 01/15/2022 - 00:29:35: [basecommands.smx] "cdr<4><STEAM_1:1:81467303><>" console command (cmdline "mp_unpause_match")
L 01/15/2022 - 00:30:54: [basecommands.smx] "cdr<4><STEAM_1:1:81467303><>" console command (cmdline "mp_pause_match")
L 01/15/2022 - 00:31:24: [basecommands.smx] "cdr<4><STEAM_1:1:81467303><>" console command (cmdline "mp_unpause_match")
L 01/15/2022 - 00:34:54: [basecommands.smx] "cdr<4><STEAM_1:1:81467303><>" console command (cmdline "mp_pause_match")
L 01/15/2022 - 00:35:58: [basecommands.smx] "cdr<4><STEAM_1:1:81467303><>" console command (cmdline "mp_unpause_match")
L 01/15/2022 - 01:43:19: [basecommands.smx] "quim<17><STEAM_1:0:212202033><>" executed config (file "sourcemod/trainning_on.cfg")
