L 01/14/2022 - 22:18:36: SourceMod log file session started (file "c:\users\guime\documents\servidor cs\servers\1\serverfiles\csgo\addons\sourcemod\logs\L20220114.log") (Version "1.10.0.6528")
L 01/14/2022 - 22:18:36: [GEOIP] GeoIP database info: GEO-106FREE 20180327 Build 1 Copyright (c) 2018 MaxMind Inc All Rights Reserved
L 01/14/2022 - 22:19:56: -------- Mapchange to de_ancient --------
L 01/14/2022 - 22:19:56: [weapons.smx] SQLite DB connection successful
L 01/14/2022 - 22:19:57: [weapons.smx] Inactive players' data has been deleted
L 01/14/2022 - 22:19:57: [weapons.smx] SQLite DB connection successful
L 01/14/2022 - 22:19:57: [weapons.smx] SQLite DB connection successful
L 01/14/2022 - 22:19:57: [weapons.smx] Inactive players' data has been deleted
L 01/14/2022 - 22:19:57: [weapons.smx] Inactive players' data has been deleted
L 01/14/2022 - 22:22:15: [basecommands.smx] "quim<2><STEAM_1:0:212202033><>" executed config (file "sourcemod/retakes_on.cfg")
L 01/14/2022 - 22:51:51: -------- Mapchange to de_inferno --------
L 01/14/2022 - 22:51:54: [weapons.smx] Inactive players' data has been deleted
L 01/14/2022 - 23:13:25: [basecommands.smx] "cdr<4><STEAM_1:1:81467303><>" kicked "quim<2><STEAM_1:0:212202033><>" (reason "")
L 01/14/2022 - 23:17:31: [basecommands.smx] "cdr<4><STEAM_1:1:81467303><>" console command (cmdline "mp_restartgame 1")
L 01/14/2022 - 23:20:08: [playercommands.smx] "cdr<4><STEAM_1:1:81467303><>" slapped "quim<13><STEAM_1:0:212202033><>" (damage "0")
L 01/14/2022 - 23:20:08: [playercommands.smx] "cdr<4><STEAM_1:1:81467303><>" slapped "quim<13><STEAM_1:0:212202033><>" (damage "0")
L 01/14/2022 - 23:20:08: [playercommands.smx] "cdr<4><STEAM_1:1:81467303><>" slapped "quim<13><STEAM_1:0:212202033><>" (damage "0")
L 01/14/2022 - 23:20:08: [playercommands.smx] "cdr<4><STEAM_1:1:81467303><>" slapped "quim<13><STEAM_1:0:212202033><>" (damage "0")
L 01/14/2022 - 23:20:08: [playercommands.smx] "cdr<4><STEAM_1:1:81467303><>" slapped "quim<13><STEAM_1:0:212202033><>" (damage "0")
L 01/14/2022 - 23:20:09: [playercommands.smx] "cdr<4><STEAM_1:1:81467303><>" slapped "quim<13><STEAM_1:0:212202033><>" (damage "0")
L 01/14/2022 - 23:20:09: [playercommands.smx] "cdr<4><STEAM_1:1:81467303><>" slapped "quim<13><STEAM_1:0:212202033><>" (damage "0")
L 01/14/2022 - 23:20:09: [playercommands.smx] "cdr<4><STEAM_1:1:81467303><>" slapped "quim<13><STEAM_1:0:212202033><>" (damage "0")
L 01/14/2022 - 23:20:09: [playercommands.smx] "cdr<4><STEAM_1:1:81467303><>" slapped "quim<13><STEAM_1:0:212202033><>" (damage "0")
L 01/14/2022 - 23:20:09: [playercommands.smx] "cdr<4><STEAM_1:1:81467303><>" slapped "quim<13><STEAM_1:0:212202033><>" (damage "0")
L 01/14/2022 - 23:20:09: [playercommands.smx] "cdr<4><STEAM_1:1:81467303><>" slapped "quim<13><STEAM_1:0:212202033><>" (damage "0")
L 01/14/2022 - 23:20:09: [playercommands.smx] "cdr<4><STEAM_1:1:81467303><>" slapped "quim<13><STEAM_1:0:212202033><>" (damage "0")
L 01/14/2022 - 23:20:10: [playercommands.smx] "cdr<4><STEAM_1:1:81467303><>" slapped "quim<13><STEAM_1:0:212202033><>" (damage "0")
L 01/14/2022 - 23:20:10: [playercommands.smx] "cdr<4><STEAM_1:1:81467303><>" slapped "quim<13><STEAM_1:0:212202033><>" (damage "0")
L 01/14/2022 - 23:20:10: [playercommands.smx] "cdr<4><STEAM_1:1:81467303><>" slapped "quim<13><STEAM_1:0:212202033><>" (damage "0")
L 01/14/2022 - 23:20:10: [playercommands.smx] "cdr<4><STEAM_1:1:81467303><>" slapped "quim<13><STEAM_1:0:212202033><>" (damage "0")
L 01/14/2022 - 23:20:10: [playercommands.smx] "cdr<4><STEAM_1:1:81467303><>" slapped "quim<13><STEAM_1:0:212202033><>" (damage "0")
L 01/14/2022 - 23:20:10: [playercommands.smx] "cdr<4><STEAM_1:1:81467303><>" slapped "quim<13><STEAM_1:0:212202033><>" (damage "0")
L 01/14/2022 - 23:20:12: [playercommands.smx] "cdr<4><STEAM_1:1:81467303><>" slapped "quim<13><STEAM_1:0:212202033><>" (damage "0")
L 01/14/2022 - 23:20:12: [playercommands.smx] "cdr<4><STEAM_1:1:81467303><>" slapped "quim<13><STEAM_1:0:212202033><>" (damage "0")
L 01/14/2022 - 23:20:13: [playercommands.smx] "cdr<4><STEAM_1:1:81467303><>" slapped "quim<13><STEAM_1:0:212202033><>" (damage "0")
L 01/14/2022 - 23:20:13: [playercommands.smx] "cdr<4><STEAM_1:1:81467303><>" slapped "quim<13><STEAM_1:0:212202033><>" (damage "0")
L 01/14/2022 - 23:20:13: [playercommands.smx] "cdr<4><STEAM_1:1:81467303><>" slapped "quim<13><STEAM_1:0:212202033><>" (damage "0")
L 01/14/2022 - 23:20:13: [playercommands.smx] "cdr<4><STEAM_1:1:81467303><>" slapped "quim<13><STEAM_1:0:212202033><>" (damage "0")
L 01/14/2022 - 23:20:13: [playercommands.smx] "cdr<4><STEAM_1:1:81467303><>" slapped "quim<13><STEAM_1:0:212202033><>" (damage "0")
L 01/14/2022 - 23:20:13: [playercommands.smx] "cdr<4><STEAM_1:1:81467303><>" slapped "quim<13><STEAM_1:0:212202033><>" (damage "0")
L 01/14/2022 - 23:20:47: [playercommands.smx] "cdr<4><STEAM_1:1:81467303><>" slayed "quim<13><STEAM_1:0:212202033><>"
L 01/14/2022 - 23:21:30: [basecommands.smx] "cdr<4><STEAM_1:1:81467303><>" executed config (file "sourcemod/retakes_off.cfg")
L 01/14/2022 - 23:21:58: [basevotes.smx] "cdr<4><STEAM_1:1:81467303><>" initiated a map vote.
L 01/14/2022 - 23:22:18: [basevotes.smx] Changing map to de_mirage due to vote.
L 01/14/2022 - 23:22:23: [SM] Changed map to "de_mirage"
L 01/14/2022 - 23:22:24: -------- Mapchange to de_mirage --------
L 01/14/2022 - 23:22:25: [weapons.smx] Inactive players' data has been deleted
L 01/14/2022 - 23:23:20: [basecommands.smx] "cdr<4><STEAM_1:1:81467303><>" executed config (file "warmup.cfg")
L 01/14/2022 - 23:23:24: [basecommands.smx] "cdr<4><STEAM_1:1:81467303><>" console command (cmdline "mp_restartgame 1")
L 01/14/2022 - 23:24:13: [basecommands.smx] "cdr<4><STEAM_1:1:81467303><>" console command (cmdline "mp_restartgame 1")
L 01/14/2022 - 23:24:23: [basecommands.smx] "cdr<4><STEAM_1:1:81467303><>" executed config (file "warmup.cfg")
L 01/14/2022 - 23:24:25: [basecommands.smx] "cdr<4><STEAM_1:1:81467303><>" console command (cmdline "mp_restartgame 1")
L 01/14/2022 - 23:24:26: [basecommands.smx] "cdr<4><STEAM_1:1:81467303><>" console command (cmdline "mp_restartgame 1")
L 01/14/2022 - 23:24:27: [basecommands.smx] "cdr<4><STEAM_1:1:81467303><>" console command (cmdline "mp_restartgame 1")
L 01/14/2022 - 23:24:29: [basecommands.smx] "cdr<4><STEAM_1:1:81467303><>" console command (cmdline "mp_restartgame 1")
L 01/14/2022 - 23:58:49: [basecommands.smx] "cdr<4><STEAM_1:1:81467303><>" console command (cmdline "mp_restartgame 1")
L 01/14/2022 - 23:59:40: [basecommands.smx] "quim<13><STEAM_1:0:212202033><>" executed config (file "sourcemod/retakes_on.cfg")
L 01/15/2022 - 00:15:48: Log file closed.
