L 01/23/2022 - 19:11:58: SourceMod log file session started (file "c:\users\guime\documents\servidor cs\servers\1\serverfiles\csgo\addons\sourcemod\logs\L20220123.log") (Version "1.10.0.6528")
L 01/23/2022 - 19:11:58: [GEOIP] GeoIP database info: GEO-106FREE 20180327 Build 1 Copyright (c) 2018 MaxMind Inc All Rights Reserved
L 01/23/2022 - 19:12:05: -------- Mapchange to de_inferno --------
L 01/23/2022 - 19:12:06: [weapons.smx] SQLite DB connection successful
L 01/23/2022 - 19:12:06: [weapons.smx] Inactive players' data has been deleted
L 01/23/2022 - 19:17:08: [basecommands.smx] "cdr<6><STEAM_1:1:81467303><>" console command (cmdline "mp_restartgame 1")
L 01/23/2022 - 19:17:21: [basecommands.smx] "pepe<5><STEAM_1:0:212202033><>" executed config (file "sourcemod/retakes_on.cfg")
L 01/23/2022 - 19:17:23: [basecommands.smx] "cdr<6><STEAM_1:1:81467303><>" executed config (file "sourcemod/retakes_on.cfg")
L 01/23/2022 - 19:19:03: [playercommands.smx] "cdr<6><STEAM_1:1:81467303><>" slapped "Unknown<7><STEAM_1:0:80573682><>" (damage "0")
L 01/23/2022 - 19:25:24: [basecommands.smx] "mrl<2><STEAM_1:0:82339169><>" kicked "elias080293<12><STEAM_1:0:638514053><>" (reason "")
L 01/23/2022 - 19:27:40: [basecommands.smx] "pepe<5><STEAM_1:0:212202033><>" kicked "Viniiciuss<13><STEAM_1:1:541529591><>" (reason "")
L 01/23/2022 - 19:39:22: [basecommands.smx] "pepe<5><STEAM_1:0:212202033><>" executed config (file "sourcemod/retakes_off.cfg")
L 01/23/2022 - 19:39:57: [basecommands.smx] "mrl<2><STEAM_1:0:82339169><>" changed map to "de_mirage"
L 01/23/2022 - 19:39:58: -------- Mapchange to de_mirage --------
L 01/23/2022 - 19:40:00: [weapons.smx] Inactive players' data has been deleted
L 01/23/2022 - 19:40:02: [SM] Changed map to "de_mirage"
L 01/23/2022 - 19:40:02: -------- Mapchange to de_mirage --------
L 01/23/2022 - 19:40:03: [weapons.smx] Inactive players' data has been deleted
L 01/23/2022 - 19:42:48: [basecommands.smx] "cdr<6><STEAM_1:1:81467303><>" kicked "klc<16><STEAM_1:1:427663326><>" (reason "")
L 01/23/2022 - 19:42:55: [basecommands.smx] "cdr<6><STEAM_1:1:81467303><>" console command (cmdline "mp_restartgame 1")
L 01/23/2022 - 19:43:08: [basecommands.smx] "cdr<6><STEAM_1:1:81467303><>" console command (cmdline "mp_restartgame 1")
L 01/23/2022 - 19:43:23: [basecommands.smx] "cdr<6><STEAM_1:1:81467303><>" console command (cmdline "mp_warmup_end ")
L 01/23/2022 - 19:43:24: [basecommands.smx] "cdr<6><STEAM_1:1:81467303><>" console command (cmdline "mp_restartgame 1")
L 01/23/2022 - 19:43:26: [basecommands.smx] "cdr<6><STEAM_1:1:81467303><>" console command (cmdline "mp_restartgame 1")
L 01/23/2022 - 19:43:27: [basecommands.smx] "cdr<6><STEAM_1:1:81467303><>" console command (cmdline "mp_restartgame 1")
L 01/23/2022 - 20:42:41: [basecommands.smx] "cdr<6><STEAM_1:1:81467303><>" changed map to "de_inferno"
L 01/23/2022 - 20:42:44: [SM] Changed map to "de_inferno"
L 01/23/2022 - 20:42:44: -------- Mapchange to de_inferno --------
L 01/23/2022 - 20:42:46: [weapons.smx] Inactive players' data has been deleted
L 01/23/2022 - 20:45:53: [basecommands.smx] "cdr<6><STEAM_1:1:81467303><>" console command (cmdline "mp_restartgame 1")
L 01/23/2022 - 20:45:53: [basecommands.smx] "cdr<6><STEAM_1:1:81467303><>" console command (cmdline "mp_restartgame 1")
L 01/23/2022 - 20:48:28: [basecommands.smx] "cdr<6><STEAM_1:1:81467303><>" console command (cmdline "mp_pause_match")
L 01/23/2022 - 20:48:37: [basecommands.smx] "cdr<6><STEAM_1:1:81467303><>" console command (cmdline "mp_unpause_match")
L 01/23/2022 - 21:32:30: [basecommands.smx] "cdr<6><STEAM_1:1:81467303><>" changed map to "de_dust2"
L 01/23/2022 - 21:32:33: [SM] Changed map to "de_dust2"
L 01/23/2022 - 21:32:36: -------- Mapchange to de_dust2 --------
L 01/23/2022 - 21:32:37: [weapons.smx] Inactive players' data has been deleted
L 01/23/2022 - 21:37:10: [basecommands.smx] "cdr<6><STEAM_1:1:81467303><>" console command (cmdline "mp_restartgame 1")
L 01/23/2022 - 21:37:21: [basecommands.smx] "cdr<6><STEAM_1:1:81467303><>" console command (cmdline "mp_warmup_end")
L 01/23/2022 - 21:37:21: [basecommands.smx] "cdr<6><STEAM_1:1:81467303><>" console command (cmdline "mp_restartgame 1")
L 01/23/2022 - 21:37:23: [basecommands.smx] "cdr<6><STEAM_1:1:81467303><>" console command (cmdline "mp_restartgame 1")
L 01/23/2022 - 21:37:26: [basecommands.smx] "cdr<6><STEAM_1:1:81467303><>" console command (cmdline "mp_restartgame 1")
L 01/23/2022 - 21:37:26: [basecommands.smx] "cdr<6><STEAM_1:1:81467303><>" console command (cmdline "mp_restartgame 1")
L 01/23/2022 - 21:37:35: [basecommands.smx] "cdr<6><STEAM_1:1:81467303><>" console command (cmdline "mp_restartgame 1")
L 01/23/2022 - 21:38:18: [basecommands.smx] "cdr<6><STEAM_1:1:81467303><>" console command (cmdline "mp_warmup_end")
L 01/23/2022 - 21:39:54: [movecommands.smx] "May<29><STEAM_1:1:515312456><>" was moved to Spec by "cdr<6><STEAM_1:1:81467303><>"
L 01/23/2022 - 21:45:19: [basecommands.smx] "cdr<6><STEAM_1:1:81467303><>" console command (cmdline "mp_restartgame 1")
L 01/23/2022 - 21:50:54: [basecommands.smx] "cdr<6><STEAM_1:1:81467303><>" console command (cmdline "mp_restartgame 1")
L 01/23/2022 - 21:50:57: [basecommands.smx] "cdr<6><STEAM_1:1:81467303><>" console command (cmdline "mp_restartgame 1")
L 01/23/2022 - 21:50:58: [basecommands.smx] "cdr<6><STEAM_1:1:81467303><>" console command (cmdline "mp_restartgame 1")
L 01/23/2022 - 21:50:58: [basecommands.smx] "cdr<6><STEAM_1:1:81467303><>" console command (cmdline "mp_restartgame 1")
L 01/23/2022 - 21:50:59: [basecommands.smx] "cdr<6><STEAM_1:1:81467303><>" console command (cmdline "mp_restartgame 1")
L 01/23/2022 - 21:50:59: [basecommands.smx] "cdr<6><STEAM_1:1:81467303><>" console command (cmdline "mp_restartgame 1")
L 01/23/2022 - 21:50:59: [basecommands.smx] "cdr<6><STEAM_1:1:81467303><>" console command (cmdline "mp_restartgame 1")
L 01/23/2022 - 21:51:00: [basecommands.smx] "cdr<6><STEAM_1:1:81467303><>" console command (cmdline "mp_restartgame 1")
L 01/23/2022 - 21:51:00: [basecommands.smx] "cdr<6><STEAM_1:1:81467303><>" console command (cmdline "mp_restartgame 1")
L 01/23/2022 - 21:51:01: [basecommands.smx] "cdr<6><STEAM_1:1:81467303><>" console command (cmdline "mp_restartgame 1")
L 01/23/2022 - 21:51:01: [basecommands.smx] "cdr<6><STEAM_1:1:81467303><>" console command (cmdline "mp_restartgame 1")
L 01/23/2022 - 21:51:40: [basecommands.smx] "cdr<6><STEAM_1:1:81467303><>" console command (cmdline "mp_restartgame 1")
L 01/23/2022 - 21:53:00: [basecommands.smx] "cdr<6><STEAM_1:1:81467303><>" console command (cmdline "mp_pause_match")
L 01/23/2022 - 22:52:19: [basecommands.smx] "cdr<6><STEAM_1:1:81467303><>" console command (cmdline "mp_pause_match")
L 01/23/2022 - 22:52:21: [basecommands.smx] "cdr<6><STEAM_1:1:81467303><>" console command (cmdline "mp_unpause_match")
L 01/23/2022 - 22:59:43: [playercommands.smx] "cdr<6><STEAM_1:1:81467303><>" slapped "Dupret<24><STEAM_1:1:85764739><>" (damage "0")
L 01/23/2022 - 22:59:43: [playercommands.smx] "cdr<6><STEAM_1:1:81467303><>" slapped "mrl<28><STEAM_1:0:82339169><>" (damage "0")
L 01/23/2022 - 22:59:43: [playercommands.smx] "cdr<6><STEAM_1:1:81467303><>" slapped "Dupret<24><STEAM_1:1:85764739><>" (damage "0")
L 01/23/2022 - 22:59:43: [playercommands.smx] "cdr<6><STEAM_1:1:81467303><>" slapped "mrl<28><STEAM_1:0:82339169><>" (damage "0")
L 01/23/2022 - 22:59:44: [playercommands.smx] "cdr<6><STEAM_1:1:81467303><>" slapped "Dupret<24><STEAM_1:1:85764739><>" (damage "0")
L 01/23/2022 - 22:59:44: [playercommands.smx] "cdr<6><STEAM_1:1:81467303><>" slapped "mrl<28><STEAM_1:0:82339169><>" (damage "0")
L 01/23/2022 - 22:59:46: [playercommands.smx] "cdr<6><STEAM_1:1:81467303><>" slapped "Dupret<24><STEAM_1:1:85764739><>" (damage "0")
L 01/23/2022 - 22:59:47: [playercommands.smx] "cdr<6><STEAM_1:1:81467303><>" slapped "mrl<28><STEAM_1:0:82339169><>" (damage "0")
L 01/23/2022 - 22:59:47: [playercommands.smx] "cdr<6><STEAM_1:1:81467303><>" slapped "Dupret<24><STEAM_1:1:85764739><>" (damage "0")
L 01/23/2022 - 22:59:47: [playercommands.smx] "cdr<6><STEAM_1:1:81467303><>" slapped "mrl<28><STEAM_1:0:82339169><>" (damage "0")
L 01/23/2022 - 22:59:47: [playercommands.smx] "cdr<6><STEAM_1:1:81467303><>" slapped "Dupret<24><STEAM_1:1:85764739><>" (damage "0")
L 01/23/2022 - 22:59:49: [playercommands.smx] "cdr<6><STEAM_1:1:81467303><>" slapped "Dupret<24><STEAM_1:1:85764739><>" (damage "0")
L 01/23/2022 - 22:59:49: [playercommands.smx] "cdr<6><STEAM_1:1:81467303><>" slapped "mrl<28><STEAM_1:0:82339169><>" (damage "0")
L 01/23/2022 - 22:59:49: [playercommands.smx] "cdr<6><STEAM_1:1:81467303><>" slapped "Dupret<24><STEAM_1:1:85764739><>" (damage "0")
L 01/23/2022 - 22:59:49: [playercommands.smx] "cdr<6><STEAM_1:1:81467303><>" slapped "mrl<28><STEAM_1:0:82339169><>" (damage "0")
L 01/23/2022 - 22:59:51: [playercommands.smx] "cdr<6><STEAM_1:1:81467303><>" slapped "Dupret<24><STEAM_1:1:85764739><>" (damage "0")
L 01/23/2022 - 22:59:51: [playercommands.smx] "cdr<6><STEAM_1:1:81467303><>" slapped "mrl<28><STEAM_1:0:82339169><>" (damage "0")
L 01/23/2022 - 22:59:51: [playercommands.smx] "cdr<6><STEAM_1:1:81467303><>" slapped "Dupret<24><STEAM_1:1:85764739><>" (damage "0")
L 01/23/2022 - 22:59:55: [playercommands.smx] "cdr<6><STEAM_1:1:81467303><>" slapped "Dupret<24><STEAM_1:1:85764739><>" (damage "0")
L 01/23/2022 - 22:59:55: [playercommands.smx] "cdr<6><STEAM_1:1:81467303><>" slapped "mrl<28><STEAM_1:0:82339169><>" (damage "0")
L 01/23/2022 - 22:59:55: [playercommands.smx] "cdr<6><STEAM_1:1:81467303><>" slapped "Dupret<24><STEAM_1:1:85764739><>" (damage "0")
L 01/23/2022 - 22:59:55: [playercommands.smx] "cdr<6><STEAM_1:1:81467303><>" slapped "mrl<28><STEAM_1:0:82339169><>" (damage "0")
L 01/23/2022 - 22:59:55: [playercommands.smx] "cdr<6><STEAM_1:1:81467303><>" slapped "Dupret<24><STEAM_1:1:85764739><>" (damage "0")
L 01/23/2022 - 22:59:56: [playercommands.smx] "cdr<6><STEAM_1:1:81467303><>" slapped "mrl<28><STEAM_1:0:82339169><>" (damage "0")
