L 01/12/2022 - 00:02:46: SourceMod log file session started (file "c:\users\guime\documents\servidor cs\servers\1\serverfiles\csgo\addons\sourcemod\logs\L20220112.log") (Version "1.10.0.6528")
L 01/12/2022 - 00:02:46: [playercommands.smx] "cdr<3><STEAM_1:1:81467303><>" slapped "edw<5><STEAM_1:0:82339169><>" (damage "0")
L 01/12/2022 - 00:02:48: [playercommands.smx] "cdr<3><STEAM_1:1:81467303><>" slapped "edw<5><STEAM_1:0:82339169><>" (damage "0")
L 01/12/2022 - 00:13:46: [basecommands.smx] "cdr<3><STEAM_1:1:81467303><>" kicked "/htz<11><STEAM_1:0:636037804><>" (reason "")
L 01/12/2022 - 00:18:23: [playercommands.smx] "cdr<3><STEAM_1:1:81467303><>" slapped "May<8><STEAM_1:1:515312456><>" (damage "0")
L 01/12/2022 - 00:18:25: [playercommands.smx] "cdr<3><STEAM_1:1:81467303><>" slapped "May<8><STEAM_1:1:515312456><>" (damage "0")
L 01/12/2022 - 00:18:27: [playercommands.smx] "cdr<3><STEAM_1:1:81467303><>" slapped "Guaruzera<6><STEAM_1:1:45437156><>" (damage "0")
L 01/12/2022 - 00:18:27: [playercommands.smx] "cdr<3><STEAM_1:1:81467303><>" slapped "Lolódobom<7><STEAM_1:0:219792668><>" (damage "0")
L 01/12/2022 - 00:18:27: [playercommands.smx] "cdr<3><STEAM_1:1:81467303><>" slapped "May<8><STEAM_1:1:515312456><>" (damage "0")
L 01/12/2022 - 00:18:27: [playercommands.smx] "cdr<3><STEAM_1:1:81467303><>" slapped "Guaruzera<6><STEAM_1:1:45437156><>" (damage "0")
L 01/12/2022 - 00:18:27: [playercommands.smx] "cdr<3><STEAM_1:1:81467303><>" slapped "Lolódobom<7><STEAM_1:0:219792668><>" (damage "0")
L 01/12/2022 - 00:18:27: [playercommands.smx] "cdr<3><STEAM_1:1:81467303><>" slapped "May<8><STEAM_1:1:515312456><>" (damage "0")
L 01/12/2022 - 00:18:27: [playercommands.smx] "cdr<3><STEAM_1:1:81467303><>" slapped "Guaruzera<6><STEAM_1:1:45437156><>" (damage "0")
L 01/12/2022 - 00:18:27: [playercommands.smx] "cdr<3><STEAM_1:1:81467303><>" slapped "Lolódobom<7><STEAM_1:0:219792668><>" (damage "0")
L 01/12/2022 - 00:18:28: [playercommands.smx] "cdr<3><STEAM_1:1:81467303><>" slapped "May<8><STEAM_1:1:515312456><>" (damage "0")
L 01/12/2022 - 00:18:28: [playercommands.smx] "cdr<3><STEAM_1:1:81467303><>" slapped "Guaruzera<6><STEAM_1:1:45437156><>" (damage "0")
L 01/12/2022 - 00:18:32: [playercommands.smx] "cdr<3><STEAM_1:1:81467303><>" slapped "May<8><STEAM_1:1:515312456><>" (damage "0")
L 01/12/2022 - 00:18:32: [playercommands.smx] "cdr<3><STEAM_1:1:81467303><>" slapped "May<8><STEAM_1:1:515312456><>" (damage "0")
L 01/12/2022 - 00:18:34: [playercommands.smx] "cdr<3><STEAM_1:1:81467303><>" slapped "May<8><STEAM_1:1:515312456><>" (damage "0")
L 01/12/2022 - 00:18:34: [playercommands.smx] "cdr<3><STEAM_1:1:81467303><>" slapped "May<8><STEAM_1:1:515312456><>" (damage "0")
L 01/12/2022 - 00:18:34: [playercommands.smx] "cdr<3><STEAM_1:1:81467303><>" slapped "May<8><STEAM_1:1:515312456><>" (damage "0")
L 01/12/2022 - 00:18:34: [playercommands.smx] "cdr<3><STEAM_1:1:81467303><>" slapped "May<8><STEAM_1:1:515312456><>" (damage "0")
L 01/12/2022 - 00:18:34: [playercommands.smx] "cdr<3><STEAM_1:1:81467303><>" slapped "May<8><STEAM_1:1:515312456><>" (damage "0")
L 01/12/2022 - 00:18:34: [playercommands.smx] "cdr<3><STEAM_1:1:81467303><>" slapped "May<8><STEAM_1:1:515312456><>" (damage "0")
L 01/12/2022 - 00:18:35: [playercommands.smx] "cdr<3><STEAM_1:1:81467303><>" slapped "May<8><STEAM_1:1:515312456><>" (damage "0")
L 01/12/2022 - 00:18:35: [playercommands.smx] "cdr<3><STEAM_1:1:81467303><>" slapped "May<8><STEAM_1:1:515312456><>" (damage "0")
L 01/12/2022 - 00:18:35: [playercommands.smx] "cdr<3><STEAM_1:1:81467303><>" slapped "May<8><STEAM_1:1:515312456><>" (damage "0")
L 01/12/2022 - 00:18:35: [playercommands.smx] "cdr<3><STEAM_1:1:81467303><>" slapped "May<8><STEAM_1:1:515312456><>" (damage "0")
L 01/12/2022 - 00:18:35: [playercommands.smx] "cdr<3><STEAM_1:1:81467303><>" slapped "May<8><STEAM_1:1:515312456><>" (damage "0")
L 01/12/2022 - 00:18:35: [playercommands.smx] "cdr<3><STEAM_1:1:81467303><>" slapped "May<8><STEAM_1:1:515312456><>" (damage "0")
L 01/12/2022 - 00:28:21: -------- Mapchange to de_train --------
L 01/12/2022 - 00:28:22: [weapons.smx] Inactive players' data has been deleted
L 01/12/2022 - 00:28:28: Log file closed.
L 01/12/2022 - 20:37:53: SourceMod log file session started (file "c:\users\guime\documents\servidor cs\servers\1\serverfiles\csgo\addons\sourcemod\logs\L20220112.log") (Version "1.10.0.6528")
L 01/12/2022 - 20:37:53: [GEOIP] GeoIP database info: GEO-106FREE 20180327 Build 1 Copyright (c) 2018 MaxMind Inc All Rights Reserved
L 01/12/2022 - 20:38:10: -------- Mapchange to de_ancient --------
L 01/12/2022 - 20:38:11: [weapons.smx] SQLite DB connection successful
L 01/12/2022 - 20:38:11: [weapons.smx] Inactive players' data has been deleted
L 01/12/2022 - 20:40:22: [basecommands.smx] "cdr<8><STEAM_1:1:81467303><>" executed config (file "warmup.cfg")
L 01/12/2022 - 20:40:40: [basecommands.smx] "cdr<8><STEAM_1:1:81467303><>" executed config (file "sourcemod/retakes_on.cfg")
L 01/12/2022 - 20:41:29: [basevotes.smx] "Guaruzera<10><STEAM_1:1:45437156><>" initiated a map vote.
L 01/12/2022 - 20:41:49: [basevotes.smx] Changing map to de_mirage due to vote.
L 01/12/2022 - 20:41:54: [SM] Changed map to "de_mirage"
L 01/12/2022 - 20:41:55: -------- Mapchange to de_mirage --------
L 01/12/2022 - 20:41:56: [weapons.smx] Inactive players' data has been deleted
L 01/12/2022 - 20:45:07: [basecommands.smx] "cdr<8><STEAM_1:1:81467303><>" executed config (file "sourcemod/retake_guns.cfg")
L 01/12/2022 - 20:45:59: [basecommands.smx] "cdr<8><STEAM_1:1:81467303><>" console command (cmdline "mp_restartgame 1")
L 01/12/2022 - 20:47:18: [movecommands.smx] "edw<9><STEAM_1:0:82339169><>" was moved to Spec by "cdr<8><STEAM_1:1:81467303><>"
L 01/12/2022 - 20:47:48: [basecommands.smx] "cdr<8><STEAM_1:1:81467303><>" executed config (file "sourcemod/retakes_off.cfg")
L 01/12/2022 - 20:47:51: [basecommands.smx] "cdr<8><STEAM_1:1:81467303><>" executed config (file "warmup.cfg")
L 01/12/2022 - 20:47:53: [basecommands.smx] "cdr<8><STEAM_1:1:81467303><>" console command (cmdline "mp_restartgame 1")
L 01/12/2022 - 20:47:53: [basecommands.smx] "cdr<8><STEAM_1:1:81467303><>" console command (cmdline "mp_restartgame 1")
L 01/12/2022 - 20:48:51: [basecommands.smx] "cdr<8><STEAM_1:1:81467303><>" console command (cmdline "mp_restartgame 1")
L 01/12/2022 - 20:48:52: [basecommands.smx] "cdr<8><STEAM_1:1:81467303><>" console command (cmdline "mp_restartgame 1")
L 01/12/2022 - 20:48:52: [basecommands.smx] "cdr<8><STEAM_1:1:81467303><>" console command (cmdline "mp_restartgame 1")
L 01/12/2022 - 20:52:28: -------- Mapchange to de_inferno --------
L 01/12/2022 - 20:52:29: [weapons.smx] Inactive players' data has been deleted
L 01/12/2022 - 21:46:10: [basecommands.smx] "cdr<8><STEAM_1:1:81467303><>" executed config (file "sourcemod/trainning_on.cfg")
L 01/12/2022 - 21:48:39: [basecommands.smx] "cdr<8><STEAM_1:1:81467303><>" console command (cmdline "sv_rethrow_last_grenade")
L 01/12/2022 - 21:53:51: [basecommands.smx] "cdr<8><STEAM_1:1:81467303><>" changed map to "de_vertigo"
L 01/12/2022 - 21:53:54: [SM] Changed map to "de_vertigo"
L 01/12/2022 - 21:53:54: -------- Mapchange to de_vertigo --------
L 01/12/2022 - 21:53:57: [weapons.smx] Inactive players' data has been deleted
L 01/12/2022 - 21:54:22: [basecommands.smx] "cdr<8><STEAM_1:1:81467303><>" executed config (file "sourcemod/retakes_on.cfg")
L 01/12/2022 - 21:54:40: [basecommands.smx] "cdr<8><STEAM_1:1:81467303><>" console command (cmdline "mp_restartgame 1")
L 01/12/2022 - 21:55:24: [basecommands.smx] "cdr<8><STEAM_1:1:81467303><>" executed config (file "sourcemod/retakes_off.cfg")
L 01/12/2022 - 21:55:27: [basecommands.smx] "cdr<8><STEAM_1:1:81467303><>" executed config (file "sourcemod/retakes_on.cfg")
L 01/12/2022 - 21:55:29: [basecommands.smx] "cdr<8><STEAM_1:1:81467303><>" console command (cmdline "mp_restartgame 1")
L 01/12/2022 - 21:55:30: [basecommands.smx] "cdr<8><STEAM_1:1:81467303><>" console command (cmdline "mp_restartgame 1")
L 01/12/2022 - 21:55:30: [basecommands.smx] "cdr<8><STEAM_1:1:81467303><>" console command (cmdline "mp_restartgame 1")
L 01/12/2022 - 21:55:30: [basecommands.smx] "cdr<8><STEAM_1:1:81467303><>" console command (cmdline "mp_restartgame 1")
L 01/12/2022 - 21:55:34: [basecommands.smx] "pepe<11><STEAM_1:0:212202033><>" executed config (file "sourcemod/retakes_off.cfg")
L 01/12/2022 - 21:55:46: [basecommands.smx] "pepe<11><STEAM_1:0:212202033><>" executed config (file "sourcemod/retakes_on.cfg")
L 01/12/2022 - 21:56:22: [basecommands.smx] "cdr<8><STEAM_1:1:81467303><>" changed map to "de_overpass"
L 01/12/2022 - 21:56:24: [basecommands.smx] "pepe<11><STEAM_1:0:212202033><>" changed map to "de_overpass"
L 01/12/2022 - 21:56:25: [SM] Changed map to "de_overpass"
L 01/12/2022 - 21:56:26: -------- Mapchange to de_overpass --------
L 01/12/2022 - 21:56:31: [weapons.smx] Inactive players' data has been deleted
L 01/12/2022 - 21:56:33: [SM] Changed map to "de_overpass"
L 01/12/2022 - 21:56:34: -------- Mapchange to de_overpass --------
L 01/12/2022 - 21:56:39: [weapons.smx] Inactive players' data has been deleted
L 01/12/2022 - 21:57:05: [basecommands.smx] "cdr<8><STEAM_1:1:81467303><>" console command (cmdline "mp_restartgame 1")
L 01/12/2022 - 21:58:15: [basecommands.smx] "cdr<8><STEAM_1:1:81467303><>" executed config (file "sourcemod/trainning_off.cfg")
L 01/12/2022 - 21:58:20: [basecommands.smx] "cdr<8><STEAM_1:1:81467303><>" executed config (file "sourcemod/retakes_on.cfg")
L 01/12/2022 - 21:58:29: [basecommands.smx] "cdr<8><STEAM_1:1:81467303><>" executed config (file "sourcemod/retakes_on.cfg")
L 01/12/2022 - 21:58:30: [basecommands.smx] "cdr<8><STEAM_1:1:81467303><>" console command (cmdline "mp_restartgame 1")
L 01/12/2022 - 21:58:36: [basecommands.smx] "cdr<8><STEAM_1:1:81467303><>" executed config (file "warmup.cfg")
L 01/12/2022 - 21:58:40: [basecommands.smx] "cdr<8><STEAM_1:1:81467303><>" executed config (file "sourcemod/retakes_on.cfg")
L 01/12/2022 - 21:59:20: [basecommands.smx] "cdr<8><STEAM_1:1:81467303><>" executed config (file "sourcemod/autoplant_on.cfg")
L 01/12/2022 - 21:59:25: [basecommands.smx] "pepe<11><STEAM_1:0:212202033><>" executed config (file "sourcemod/retakes_off.cfg")
L 01/12/2022 - 21:59:26: [basecommands.smx] "cdr<8><STEAM_1:1:81467303><>" executed config (file "sourcemod/retakes_off.cfg")
L 01/12/2022 - 21:59:28: [basecommands.smx] "cdr<8><STEAM_1:1:81467303><>" executed config (file "sourcemod/retakes_on.cfg")
L 01/12/2022 - 22:07:07: [basecommands.smx] "cdr<8><STEAM_1:1:81467303><>" console command (cmdline "mp_restartgame 1")
L 01/12/2022 - 22:07:07: [basecommands.smx] "cdr<8><STEAM_1:1:81467303><>" console command (cmdline "mp_restartgame 1")
L 01/12/2022 - 22:09:21: [basevotes.smx] "cdr<8><STEAM_1:1:81467303><>" initiated a map vote.
L 01/12/2022 - 22:09:39: [basecommands.smx] "cdr<8><STEAM_1:1:81467303><>" changed map to "de_mirage"
L 01/12/2022 - 22:09:42: [SM] Changed map to "de_mirage"
L 01/12/2022 - 22:09:42: -------- Mapchange to de_mirage --------
L 01/12/2022 - 22:09:43: [weapons.smx] Inactive players' data has been deleted
L 01/12/2022 - 22:10:26: [basecommands.smx] "cdr<8><STEAM_1:1:81467303><>" executed config (file "sourcemod/retakes_off.cfg")
L 01/12/2022 - 22:10:41: [basecommands.smx] "cdr<8><STEAM_1:1:81467303><>" console command (cmdline "mp_restartgame 1")
L 01/12/2022 - 22:10:47: [basecommands.smx] "cdr<8><STEAM_1:1:81467303><>" console command (cmdline "mp_restartgame 1")
L 01/12/2022 - 22:10:50: [basecommands.smx] "cdr<8><STEAM_1:1:81467303><>" executed config (file "warmup.cfg")
L 01/12/2022 - 22:10:51: [basecommands.smx] "cdr<8><STEAM_1:1:81467303><>" console command (cmdline "mp_restartgame 1")
L 01/12/2022 - 22:11:55: [basebans.smx] "cdr<8><STEAM_1:1:81467303><>" banned "MEDINA<23><STEAM_1:0:38630291><>" (minutes "1440") (reason "cuzao")
L 01/12/2022 - 22:16:02: [basecommands.smx] "cdr<8><STEAM_1:1:81467303><>" console command (cmdline "mp_unpause_match")
L 01/12/2022 - 22:16:04: [basecommands.smx] "cdr<8><STEAM_1:1:81467303><>" console command (cmdline "mp_pause_match")
L 01/12/2022 - 22:16:22: [basecommands.smx] "cdr<8><STEAM_1:1:81467303><>" console command (cmdline "mp_unpause_match")
L 01/12/2022 - 22:16:23: [basecommands.smx] "cdr<8><STEAM_1:1:81467303><>" console command (cmdline "mp_pause_match")
L 01/12/2022 - 22:16:24: [basecommands.smx] "cdr<8><STEAM_1:1:81467303><>" console command (cmdline "mp_unpause_match")
L 01/12/2022 - 22:16:25: [basecommands.smx] "cdr<8><STEAM_1:1:81467303><>" console command (cmdline "mp_pause_match")
L 01/12/2022 - 23:08:24: [basecommands.smx] "cdr<8><STEAM_1:1:81467303><>" executed config (file "warmup.cfg")
L 01/12/2022 - 23:08:26: [basecommands.smx] "cdr<8><STEAM_1:1:81467303><>" executed config (file "sourcemod/trainning_on.cfg")
L 01/12/2022 - 23:09:36: [basecommands.smx] "cdr<8><STEAM_1:1:81467303><>" console command (cmdline "sv_rethrow_last_grenade")
L 01/12/2022 - 23:09:39: [basecommands.smx] "cdr<8><STEAM_1:1:81467303><>" console command (cmdline "sv_rethrow_last_grenade")
L 01/12/2022 - 23:09:39: [basecommands.smx] "cdr<8><STEAM_1:1:81467303><>" console command (cmdline "host_timescale 10")
L 01/12/2022 - 23:09:40: [basecommands.smx] "cdr<8><STEAM_1:1:81467303><>" console command (cmdline "host_timescale 1")
L 01/12/2022 - 23:09:42: [basecommands.smx] "cdr<8><STEAM_1:1:81467303><>" console command (cmdline "sv_rethrow_last_grenade")
L 01/12/2022 - 23:09:47: [basecommands.smx] "cdr<8><STEAM_1:1:81467303><>" console command (cmdline "sv_rethrow_last_grenade")
L 01/12/2022 - 23:09:52: [basecommands.smx] "cdr<8><STEAM_1:1:81467303><>" console command (cmdline "sv_rethrow_last_grenade")
L 01/12/2022 - 23:09:56: [basecommands.smx] "cdr<8><STEAM_1:1:81467303><>" console command (cmdline "sv_rethrow_last_grenade")
L 01/12/2022 - 23:10:06: [basecommands.smx] "cdr<8><STEAM_1:1:81467303><>" console command (cmdline "sv_rethrow_last_grenade")
L 01/12/2022 - 23:10:10: [basecommands.smx] "cdr<8><STEAM_1:1:81467303><>" console command (cmdline "sv_rethrow_last_grenade")
L 01/12/2022 - 23:10:18: [basecommands.smx] "cdr<8><STEAM_1:1:81467303><>" console command (cmdline "sv_rethrow_last_grenade")
L 01/12/2022 - 23:10:22: [basecommands.smx] "cdr<8><STEAM_1:1:81467303><>" console command (cmdline "sv_rethrow_last_grenade")
L 01/12/2022 - 23:22:39: [basecommands.smx] "cdr<8><STEAM_1:1:81467303><>" console command (cmdline "sv_rethrow_last_grenade")
L 01/12/2022 - 23:26:40: [basecommands.smx] "cdr<8><STEAM_1:1:81467303><>" console command (cmdline "host_timescale 10")
L 01/12/2022 - 23:26:42: [basecommands.smx] "cdr<8><STEAM_1:1:81467303><>" console command (cmdline "host_timescale 1")
L 01/12/2022 - 23:27:08: [basecommands.smx] "cdr<8><STEAM_1:1:81467303><>" console command (cmdline "host_timescale 10")
L 01/12/2022 - 23:27:09: [basecommands.smx] "cdr<8><STEAM_1:1:81467303><>" console command (cmdline "host_timescale 1")
L 01/12/2022 - 23:27:59: [basecommands.smx] "cdr<8><STEAM_1:1:81467303><>" console command (cmdline "host_timescale 10")
L 01/12/2022 - 23:28:01: [basecommands.smx] "cdr<8><STEAM_1:1:81467303><>" console command (cmdline "host_timescale 1")
L 01/12/2022 - 23:28:09: [basecommands.smx] "cdr<8><STEAM_1:1:81467303><>" console command (cmdline "host_timescale 10")
L 01/12/2022 - 23:28:11: [basecommands.smx] "cdr<8><STEAM_1:1:81467303><>" console command (cmdline "host_timescale 1")
L 01/12/2022 - 23:28:45: [basecommands.smx] "cdr<8><STEAM_1:1:81467303><>" console command (cmdline "host_timescale 10")
L 01/12/2022 - 23:28:47: [basecommands.smx] "cdr<8><STEAM_1:1:81467303><>" console command (cmdline "host_timescale 1")
L 01/12/2022 - 23:31:58: [basecommands.smx] "cdr<8><STEAM_1:1:81467303><>" console command (cmdline "host_timescale 10")
L 01/12/2022 - 23:31:58: [basecommands.smx] "cdr<8><STEAM_1:1:81467303><>" console command (cmdline "host_timescale 1")
L 01/12/2022 - 23:32:00: [basecommands.smx] "cdr<8><STEAM_1:1:81467303><>" console command (cmdline "host_timescale 10")
L 01/12/2022 - 23:32:01: [basecommands.smx] "cdr<8><STEAM_1:1:81467303><>" console command (cmdline "host_timescale 1")
L 01/12/2022 - 23:32:01: [basecommands.smx] "cdr<8><STEAM_1:1:81467303><>" console command (cmdline "sv_rethrow_last_grenade")
L 01/12/2022 - 23:32:13: [basecommands.smx] "cdr<8><STEAM_1:1:81467303><>" console command (cmdline "host_timescale 10")
L 01/12/2022 - 23:32:14: [basecommands.smx] "cdr<8><STEAM_1:1:81467303><>" console command (cmdline "host_timescale 1")
L 01/12/2022 - 23:32:37: [basecommands.smx] "cdr<8><STEAM_1:1:81467303><>" console command (cmdline "host_timescale 10")
L 01/12/2022 - 23:32:38: [basecommands.smx] "cdr<8><STEAM_1:1:81467303><>" console command (cmdline "host_timescale 1")
L 01/12/2022 - 23:36:28: [basecommands.smx] "cdr<8><STEAM_1:1:81467303><>" console command (cmdline "mp_restartgame 1")
L 01/12/2022 - 23:40:09: [basecommands.smx] "cdr<8><STEAM_1:1:81467303><>" console command (cmdline "sv_rethrow_last_grenade")
L 01/12/2022 - 23:44:01: [basecommands.smx] "cdr<8><STEAM_1:1:81467303><>" console command (cmdline "host_timescale 10")
L 01/12/2022 - 23:44:02: [basecommands.smx] "cdr<8><STEAM_1:1:81467303><>" console command (cmdline "host_timescale 1")
L 01/12/2022 - 23:47:52: [basecommands.smx] "cdr<8><STEAM_1:1:81467303><>" console command (cmdline "sv_rethrow_last_grenade")
L 01/12/2022 - 23:49:26: [basecommands.smx] "cdr<8><STEAM_1:1:81467303><>" console command (cmdline "host_timescale 10")
L 01/12/2022 - 23:49:28: [basecommands.smx] "cdr<8><STEAM_1:1:81467303><>" console command (cmdline "host_timescale 1")
L 01/12/2022 - 23:52:28: [basecommands.smx] "cdr<8><STEAM_1:1:81467303><>" console command (cmdline "host_timescale 10")
L 01/12/2022 - 23:52:29: [basecommands.smx] "cdr<8><STEAM_1:1:81467303><>" console command (cmdline "host_timescale 1")
L 01/12/2022 - 23:53:26: [basecommands.smx] "cdr<8><STEAM_1:1:81467303><>" console command (cmdline "host_timescale 10")
L 01/12/2022 - 23:53:27: [basecommands.smx] "cdr<8><STEAM_1:1:81467303><>" console command (cmdline "host_timescale 1")
L 01/12/2022 - 23:53:47: [basecommands.smx] "cdr<8><STEAM_1:1:81467303><>" console command (cmdline "host_timescale 10")
L 01/12/2022 - 23:53:48: [basecommands.smx] "cdr<8><STEAM_1:1:81467303><>" console command (cmdline "host_timescale 1")
L 01/12/2022 - 23:54:07: [basecommands.smx] "cdr<8><STEAM_1:1:81467303><>" console command (cmdline "host_timescale 10")
L 01/12/2022 - 23:54:09: [basecommands.smx] "cdr<8><STEAM_1:1:81467303><>" console command (cmdline "host_timescale 1")
