L 12/15/2021 - 00:20:22: SourceMod log file session started (file "c:\users\guime\documents\servidor cs\servers\1\serverfiles\csgo\addons\sourcemod\logs\L20211215.log") (Version "1.10.0.6528")
L 12/15/2021 - 00:20:22: [weapons.smx] Inactive players' data has been deleted
L 12/15/2021 - 00:48:19: [basecommands.smx] "cdr<2><STEAM_1:1:81467303><>" kicked "Greamer<9><STEAM_1:1:111420784><>" (reason "")
L 12/15/2021 - 00:48:54: [basecommands.smx] "cdr<2><STEAM_1:1:81467303><>" kicked "Greamer<10><STEAM_1:1:111420784><>" (reason "")
L 12/15/2021 - 00:51:38: [basecommands.smx] "cdr<2><STEAM_1:1:81467303><>" changed map to "de_DUST2"
L 12/15/2021 - 00:51:41: [SM] Changed map to "de_DUST2"
L 12/15/2021 - 00:51:44: -------- Mapchange to de_DUST2 --------
L 12/15/2021 - 00:51:45: [weapons.smx] Inactive players' data has been deleted
L 12/15/2021 - 00:59:10: [basecommands.smx] "cdr<2><STEAM_1:1:81467303><>" console command (cmdline "sv_full_alltalk 1")
L 12/15/2021 - 01:06:58: [playercommands.smx] "cdr<2><STEAM_1:1:81467303><>" slapped "rafinz<6><STEAM_1:0:369630><>" (damage "0")
L 12/15/2021 - 01:06:58: [playercommands.smx] "cdr<2><STEAM_1:1:81467303><>" slapped "quim-<7><STEAM_1:0:212202033><>" (damage "0")
L 12/15/2021 - 01:06:58: [playercommands.smx] "cdr<2><STEAM_1:1:81467303><>" slapped "rafinz<6><STEAM_1:0:369630><>" (damage "0")
L 12/15/2021 - 01:06:58: [playercommands.smx] "cdr<2><STEAM_1:1:81467303><>" slapped "quim-<7><STEAM_1:0:212202033><>" (damage "0")
L 12/15/2021 - 01:07:03: [playercommands.smx] "cdr<2><STEAM_1:1:81467303><>" slapped "quim-<7><STEAM_1:0:212202033><>" (damage "0")
L 12/15/2021 - 01:07:03: [playercommands.smx] "cdr<2><STEAM_1:1:81467303><>" slapped "quim-<7><STEAM_1:0:212202033><>" (damage "0")
L 12/15/2021 - 01:07:05: [playercommands.smx] "cdr<2><STEAM_1:1:81467303><>" slapped "quim-<7><STEAM_1:0:212202033><>" (damage "0")
L 12/15/2021 - 01:07:06: [playercommands.smx] "cdr<2><STEAM_1:1:81467303><>" slapped "quim-<7><STEAM_1:0:212202033><>" (damage "0")
L 12/15/2021 - 01:07:07: [playercommands.smx] "cdr<2><STEAM_1:1:81467303><>" slapped "quim-<7><STEAM_1:0:212202033><>" (damage "0")
L 12/15/2021 - 01:07:09: [playercommands.smx] "cdr<2><STEAM_1:1:81467303><>" slapped "quim-<7><STEAM_1:0:212202033><>" (damage "0")
L 12/15/2021 - 01:07:10: [playercommands.smx] "cdr<2><STEAM_1:1:81467303><>" slapped "quim-<7><STEAM_1:0:212202033><>" (damage "0")
L 12/15/2021 - 01:07:10: [playercommands.smx] "cdr<2><STEAM_1:1:81467303><>" slapped "quim-<7><STEAM_1:0:212202033><>" (damage "0")
L 12/15/2021 - 01:07:11: [playercommands.smx] "cdr<2><STEAM_1:1:81467303><>" slapped "quim-<7><STEAM_1:0:212202033><>" (damage "0")
L 12/15/2021 - 01:07:11: [playercommands.smx] "cdr<2><STEAM_1:1:81467303><>" slapped "quim-<7><STEAM_1:0:212202033><>" (damage "0")
L 12/15/2021 - 01:07:11: [playercommands.smx] "cdr<2><STEAM_1:1:81467303><>" slapped "Greamer<11><STEAM_1:1:111420784><>" (damage "0")
L 12/15/2021 - 01:07:12: [playercommands.smx] "cdr<2><STEAM_1:1:81467303><>" slapped "Greamer<11><STEAM_1:1:111420784><>" (damage "0")
L 12/15/2021 - 01:07:14: [playercommands.smx] "cdr<2><STEAM_1:1:81467303><>" slapped "Greamer<11><STEAM_1:1:111420784><>" (damage "0")
L 12/15/2021 - 01:07:14: [playercommands.smx] "cdr<2><STEAM_1:1:81467303><>" slapped "Greamer<11><STEAM_1:1:111420784><>" (damage "0")
L 12/15/2021 - 01:07:14: [playercommands.smx] "cdr<2><STEAM_1:1:81467303><>" slapped "Greamer<11><STEAM_1:1:111420784><>" (damage "0")
L 12/15/2021 - 01:07:15: [playercommands.smx] "cdr<2><STEAM_1:1:81467303><>" slapped "Greamer<11><STEAM_1:1:111420784><>" (damage "0")
L 12/15/2021 - 01:07:15: [playercommands.smx] "cdr<2><STEAM_1:1:81467303><>" slapped "Greamer<11><STEAM_1:1:111420784><>" (damage "0")
L 12/15/2021 - 01:07:15: [playercommands.smx] "cdr<2><STEAM_1:1:81467303><>" slapped "Greamer<11><STEAM_1:1:111420784><>" (damage "0")
L 12/15/2021 - 01:07:15: [playercommands.smx] "cdr<2><STEAM_1:1:81467303><>" slapped "Greamer<11><STEAM_1:1:111420784><>" (damage "0")
L 12/15/2021 - 01:07:15: [playercommands.smx] "cdr<2><STEAM_1:1:81467303><>" slapped "Greamer<11><STEAM_1:1:111420784><>" (damage "0")
L 12/15/2021 - 01:07:15: [playercommands.smx] "cdr<2><STEAM_1:1:81467303><>" slapped "Greamer<11><STEAM_1:1:111420784><>" (damage "0")
L 12/15/2021 - 01:07:16: [playercommands.smx] "cdr<2><STEAM_1:1:81467303><>" slapped "Greamer<11><STEAM_1:1:111420784><>" (damage "0")
L 12/15/2021 - 01:07:16: [playercommands.smx] "cdr<2><STEAM_1:1:81467303><>" slapped "Greamer<11><STEAM_1:1:111420784><>" (damage "0")
L 12/15/2021 - 01:12:27: [movecommands.smx] "edw<12><STEAM_1:0:82339169><>" was moved to CT by "cdr<2><STEAM_1:1:81467303><>"
L 12/15/2021 - 01:12:28: [movecommands.smx] "Greamer<11><STEAM_1:1:111420784><>" was moved to T by "cdr<2><STEAM_1:1:81467303><>"
L 12/15/2021 - 01:13:21: [basecommands.smx] "cdr<2><STEAM_1:1:81467303><>" console command (cmdline "mp_restartgame 1")
L 12/15/2021 - 01:13:55: [movecommands.smx] "Lolódobom<8><STEAM_1:0:219792668><>" was moved to Spec by "cdr<2><STEAM_1:1:81467303><>"
L 12/15/2021 - 01:18:42: [playercommands.smx] "cdr<2><STEAM_1:1:81467303><>" slapped "edw<12><STEAM_1:0:82339169><>" (damage "0")
L 12/15/2021 - 01:18:42: [playercommands.smx] "cdr<2><STEAM_1:1:81467303><>" slapped "edw<12><STEAM_1:0:82339169><>" (damage "0")
L 12/15/2021 - 01:18:42: [playercommands.smx] "cdr<2><STEAM_1:1:81467303><>" slapped "edw<12><STEAM_1:0:82339169><>" (damage "0")
L 12/15/2021 - 01:18:42: [playercommands.smx] "cdr<2><STEAM_1:1:81467303><>" slapped "edw<12><STEAM_1:0:82339169><>" (damage "0")
L 12/15/2021 - 01:26:53: [playercommands.smx] "cdr<2><STEAM_1:1:81467303><>" slapped "edw<12><STEAM_1:0:82339169><>" (damage "0")
L 12/15/2021 - 01:26:53: [playercommands.smx] "cdr<2><STEAM_1:1:81467303><>" slapped "edw<12><STEAM_1:0:82339169><>" (damage "0")
L 12/15/2021 - 01:26:53: [playercommands.smx] "cdr<2><STEAM_1:1:81467303><>" slapped "edw<12><STEAM_1:0:82339169><>" (damage "0")
L 12/15/2021 - 01:26:55: [playercommands.smx] "cdr<2><STEAM_1:1:81467303><>" slapped "edw<12><STEAM_1:0:82339169><>" (damage "0")
L 12/15/2021 - 01:26:55: [playercommands.smx] "cdr<2><STEAM_1:1:81467303><>" slapped "edw<12><STEAM_1:0:82339169><>" (damage "0")
L 12/15/2021 - 01:26:55: [playercommands.smx] "cdr<2><STEAM_1:1:81467303><>" slapped "edw<12><STEAM_1:0:82339169><>" (damage "0")
L 12/15/2021 - 01:26:55: [playercommands.smx] "cdr<2><STEAM_1:1:81467303><>" slapped "edw<12><STEAM_1:0:82339169><>" (damage "0")
L 12/15/2021 - 01:26:55: [playercommands.smx] "cdr<2><STEAM_1:1:81467303><>" slapped "edw<12><STEAM_1:0:82339169><>" (damage "0")
L 12/15/2021 - 01:26:55: [playercommands.smx] "cdr<2><STEAM_1:1:81467303><>" slapped "edw<12><STEAM_1:0:82339169><>" (damage "0")
L 12/15/2021 - 01:26:57: [playercommands.smx] "cdr<2><STEAM_1:1:81467303><>" slapped "edw<12><STEAM_1:0:82339169><>" (damage "0")
L 12/15/2021 - 01:26:57: [playercommands.smx] "cdr<2><STEAM_1:1:81467303><>" slapped "edw<12><STEAM_1:0:82339169><>" (damage "0")
L 12/15/2021 - 01:26:57: [playercommands.smx] "cdr<2><STEAM_1:1:81467303><>" slapped "edw<12><STEAM_1:0:82339169><>" (damage "0")
L 12/15/2021 - 01:26:57: [playercommands.smx] "cdr<2><STEAM_1:1:81467303><>" slapped "edw<12><STEAM_1:0:82339169><>" (damage "0")
L 12/15/2021 - 01:26:57: [playercommands.smx] "cdr<2><STEAM_1:1:81467303><>" slapped "edw<12><STEAM_1:0:82339169><>" (damage "0")
L 12/15/2021 - 01:26:58: [playercommands.smx] "cdr<2><STEAM_1:1:81467303><>" slapped "edw<12><STEAM_1:0:82339169><>" (damage "0")
L 12/15/2021 - 01:26:58: [playercommands.smx] "cdr<2><STEAM_1:1:81467303><>" slapped "edw<12><STEAM_1:0:82339169><>" (damage "0")
L 12/15/2021 - 01:38:24: [basecommands.smx] "cdr<2><STEAM_1:1:81467303><>" console command (cmdline "sv_full_alltalk 1")
L 12/15/2021 - 01:40:18: [movecommands.smx] "Lolódobom<13><STEAM_1:0:219792668><>" was moved to T by "cdr<2><STEAM_1:1:81467303><>"
L 12/15/2021 - 01:40:20: [movecommands.smx] "Greamer<11><STEAM_1:1:111420784><>" was moved to CT by "cdr<2><STEAM_1:1:81467303><>"
L 12/15/2021 - 01:40:26: [basecommands.smx] "cdr<2><STEAM_1:1:81467303><>" console command (cmdline "mp_restartgame 1")
L 12/15/2021 - 02:00:39: [playercommands.smx] "cdr<2><STEAM_1:1:81467303><>" slapped "quim-<7><STEAM_1:0:212202033><>" (damage "0")
L 12/15/2021 - 02:00:39: [playercommands.smx] "cdr<2><STEAM_1:1:81467303><>" slapped "quim-<7><STEAM_1:0:212202033><>" (damage "0")
L 12/15/2021 - 02:09:49: [basecommands.smx] "cdr<2><STEAM_1:1:81467303><>" console command (cmdline "sv_full_alltalk 1")
L 12/15/2021 - 02:11:16: [playercommands.smx] "cdr<2><STEAM_1:1:81467303><>" slapped "Greamer<11><STEAM_1:1:111420784><>" (damage "0")
L 12/15/2021 - 02:11:16: [playercommands.smx] "cdr<2><STEAM_1:1:81467303><>" slapped "Greamer<11><STEAM_1:1:111420784><>" (damage "0")
L 12/15/2021 - 02:11:17: [playercommands.smx] "cdr<2><STEAM_1:1:81467303><>" slapped "Greamer<11><STEAM_1:1:111420784><>" (damage "0")
L 12/15/2021 - 02:11:17: [playercommands.smx] "cdr<2><STEAM_1:1:81467303><>" slapped "Greamer<11><STEAM_1:1:111420784><>" (damage "0")
L 12/15/2021 - 02:11:17: [playercommands.smx] "cdr<2><STEAM_1:1:81467303><>" slapped "Greamer<11><STEAM_1:1:111420784><>" (damage "0")
L 12/15/2021 - 02:11:17: [playercommands.smx] "cdr<2><STEAM_1:1:81467303><>" slapped "Greamer<11><STEAM_1:1:111420784><>" (damage "0")
