L 12/04/2021 - 00:45:41: SourceMod log file session started (file "c:\users\guime\documents\servidor cs\servers\1\serverfiles\csgo\addons\sourcemod\logs\L20211204.log") (Version "1.10.0.6528")
L 12/04/2021 - 00:45:41: -------- Mapchange to de_mirage --------
L 12/04/2021 - 00:45:45: [weapons.smx] Inactive players' data has been deleted
L 12/04/2021 - 00:45:46: [weapons.smx] SQLite DB connection successful
L 12/04/2021 - 00:45:46: [weapons.smx] Inactive players' data has been deleted
L 12/04/2021 - 00:48:15: [basecommands.smx] "cdr<2><STEAM_1:1:81467303><>" executed config (file "sourcemod/sm_retakes_on.cfg")
L 12/04/2021 - 00:56:05: [basecommands.smx] "cdr<2><STEAM_1:1:81467303><>" console command (cmdline "mp_restartgame 1")
L 12/04/2021 - 00:56:48: [basecommands.smx] "cdr<2><STEAM_1:1:81467303><>" executed config (file "sourcemod/sm_retakes_off.cfg")
L 12/04/2021 - 00:57:13: [basecommands.smx] "cdr<2><STEAM_1:1:81467303><>" console command (cmdline "mp_restartgame 1")
L 12/04/2021 - 00:58:19: [basecommands.smx] "cdr<2><STEAM_1:1:81467303><>" executed config (file "sourcemod/sm_retakes_on.cfg")
L 12/04/2021 - 01:01:52: SourceMod log file session started (file "c:\users\guime\documents\servidor cs\servers\1\serverfiles\csgo\addons\sourcemod\logs\L20211204.log") (Version "1.10.0.6528")
L 12/04/2021 - 01:01:52: -------- Mapchange to de_mirage --------
L 12/04/2021 - 01:01:53: [weapons.smx] SQLite DB connection successful
L 12/04/2021 - 01:01:53: [weapons.smx] Inactive players' data has been deleted
L 12/04/2021 - 01:17:56: SourceMod log file session started (file "c:\users\guime\documents\servidor cs\servers\1\serverfiles\csgo\addons\sourcemod\logs\L20211204.log") (Version "1.10.0.6528")
L 12/04/2021 - 01:17:56: -------- Mapchange to de_mirage --------
L 12/04/2021 - 01:18:00: [weapons.smx] Inactive players' data has been deleted
L 12/04/2021 - 01:18:00: [weapons.smx] SQLite DB connection successful
L 12/04/2021 - 01:18:00: [weapons.smx] Inactive players' data has been deleted
L 12/04/2021 - 01:18:49: [basecommands.smx] "cdr<2><STEAM_1:1:81467303><>" executed config (file "sourcemod/sm_retakes_on.cfg")
L 12/04/2021 - 01:24:58: SourceMod log file session started (file "c:\users\guime\documents\servidor cs\servers\1\serverfiles\csgo\addons\sourcemod\logs\L20211204.log") (Version "1.10.0.6528")
L 12/04/2021 - 01:24:58: -------- Mapchange to de_mirage --------
L 12/04/2021 - 01:25:02: [weapons.smx] Inactive players' data has been deleted
L 12/04/2021 - 01:25:02: [weapons.smx] SQLite DB connection successful
L 12/04/2021 - 01:25:02: [weapons.smx] Inactive players' data has been deleted
L 12/04/2021 - 01:25:49: [basecommands.smx] "cdr<2><STEAM_1:1:81467303><>" executed config (file "sourcemod/sm_retakes_on.cfg")
L 12/04/2021 - 01:28:00: [basecommands.smx] "cdr<2><STEAM_1:1:81467303><>" executed config (file "sourcemod/sm_retakes_off.cfg")
L 12/04/2021 - 01:28:09: [basecommands.smx] "cdr<2><STEAM_1:1:81467303><>" executed config (file "sourcemod/sm_retakes_on.cfg")
L 12/04/2021 - 01:48:10: SourceMod log file session started (file "c:\users\guime\documents\servidor cs\servers\1\serverfiles\csgo\addons\sourcemod\logs\L20211204.log") (Version "1.10.0.6528")
L 12/04/2021 - 01:48:10: -------- Mapchange to de_mirage --------
L 12/04/2021 - 01:48:11: [weapons.smx] SQLite DB connection successful
L 12/04/2021 - 01:48:11: [weapons.smx] Inactive players' data has been deleted
L 12/04/2021 - 01:48:11: [weapons.smx] SQLite DB connection successful
L 12/04/2021 - 01:48:11: [weapons.smx] SQLite DB connection successful
L 12/04/2021 - 01:48:11: [weapons.smx] Inactive players' data has been deleted
L 12/04/2021 - 01:48:11: [weapons.smx] Inactive players' data has been deleted
L 12/04/2021 - 01:48:54: [basecommands.smx] "cdr<2><STEAM_1:1:81467303><>" executed config (file "standard.cfg")
L 12/04/2021 - 01:49:29: [basecommands.smx] "cdr<2><STEAM_1:1:81467303><>" executed config (file "trainning_on.cfg")
L 12/04/2021 - 01:49:34: [basecommands.smx] "cdr<2><STEAM_1:1:81467303><>" executed config (file "trainning_off.cfg")
L 12/04/2021 - 01:49:54: [basecommands.smx] "cdr<2><STEAM_1:1:81467303><>" executed config (file "sourcemod/retakes_on.cfg")
L 12/04/2021 - 01:51:03: [basecommands.smx] "cdr<2><STEAM_1:1:81467303><>" console command (cmdline "mp_restartgame 1")
L 12/04/2021 - 01:51:23: [basecommands.smx] "cdr<2><STEAM_1:1:81467303><>" executed config (file "sourcemod/autoplant_off.cfg")
L 12/04/2021 - 01:51:25: [basecommands.smx] "cdr<2><STEAM_1:1:81467303><>" console command (cmdline "mp_restartgame 1")
L 12/04/2021 - 01:52:27: [basecommands.smx] "cdr<2><STEAM_1:1:81467303><>" executed config (file "sourcemod/retakes_off.cfg")
L 12/04/2021 - 02:02:18: SourceMod log file session started (file "c:\users\guime\documents\servidor cs\servers\1\serverfiles\csgo\addons\sourcemod\logs\L20211204.log") (Version "1.10.0.6528")
L 12/04/2021 - 02:02:18: -------- Mapchange to de_mirage --------
L 12/04/2021 - 02:02:19: [weapons.smx] SQLite DB connection successful
L 12/04/2021 - 02:02:19: [weapons.smx] Inactive players' data has been deleted
L 12/04/2021 - 02:02:40: [basecommands.smx] "cdr<2><STEAM_1:1:81467303><>" executed config (file "sourcemod/retakes_on.cfg")
L 12/04/2021 - 02:03:33: [basecommands.smx] "cdr<2><STEAM_1:1:81467303><>" console command (cmdline "mp_restartgame 1")
L 12/04/2021 - 02:09:14: SourceMod log file session started (file "c:\users\guime\documents\servidor cs\servers\1\serverfiles\csgo\addons\sourcemod\logs\L20211204.log") (Version "1.10.0.6528")
L 12/04/2021 - 02:09:14: -------- Mapchange to de_mirage --------
L 12/04/2021 - 02:09:18: [weapons.smx] Inactive players' data has been deleted
L 12/04/2021 - 02:09:18: [weapons.smx] SQLite DB connection successful
L 12/04/2021 - 02:09:18: [weapons.smx] Inactive players' data has been deleted
L 12/04/2021 - 02:09:35: [basecommands.smx] "cdr<2><STEAM_1:1:81467303><>" executed config (file "standard.cfg")
L 12/04/2021 - 02:09:43: [basecommands.smx] "cdr<2><STEAM_1:1:81467303><>" executed config (file "sourcemod/retakes_on.cfg")
L 12/04/2021 - 02:10:04: [basecommands.smx] "cdr<2><STEAM_1:1:81467303><>" executed config (file "sourcemod/retakes_off.cfg")
L 12/04/2021 - 02:10:41: [basecommands.smx] "cdr<2><STEAM_1:1:81467303><>" executed config (file "sourcemod/retakes_on.cfg")
L 12/04/2021 - 02:11:03: [basecommands.smx] "cdr<2><STEAM_1:1:81467303><>" console command (cmdline "mp_restartgame 1")
L 12/04/2021 - 02:11:21: [basecommands.smx] "cdr<2><STEAM_1:1:81467303><>" executed config (file "sourcemod/retakes_off.cfg")
L 12/04/2021 - 02:11:45: [basecommands.smx] "cdr<2><STEAM_1:1:81467303><>" executed config (file "trainning_on.cfg")
L 12/04/2021 - 02:14:35: [funcommands.smx] "cdr<2><STEAM_1:1:81467303><>" ignited "cdr<2><STEAM_1:1:81467303><>" (seconds "20.000000")
L 12/04/2021 - 02:14:44: [funcommands.smx] "cdr<2><STEAM_1:1:81467303><>" froze "cdr<2><STEAM_1:1:81467303><>"
L 12/04/2021 - 02:15:29: [basevotes.smx] "cdr<2><STEAM_1:1:81467303><>" initiated a map vote.
L 12/04/2021 - 02:15:56: [playercommands.smx] "cdr<2><STEAM_1:1:81467303><>" renamed "cdr<2><STEAM_1:1:81467303><>" (to "cdr")
L 12/04/2021 - 02:15:58: [playercommands.smx] "cdr<2><STEAM_1:1:81467303><>" renamed "cdr<2><STEAM_1:1:81467303><>" (to "crc")
L 12/04/2021 - 02:15:59: [playercommands.smx] "crc<2><STEAM_1:1:81467303><>" renamed "crc<2><STEAM_1:1:81467303><>" (to "rcc")
L 12/04/2021 - 02:16:01: [playercommands.smx] "rcc<2><STEAM_1:1:81467303><>" renamed "rcc<2><STEAM_1:1:81467303><>" (to "ccc")
L 12/04/2021 - 02:16:02: [playercommands.smx] "ccc<2><STEAM_1:1:81467303><>" renamed "ccc<2><STEAM_1:1:81467303><>" (to "ccc")
L 12/04/2021 - 02:16:02: [playercommands.smx] "ccc<2><STEAM_1:1:81467303><>" renamed "ccc<2><STEAM_1:1:81467303><>" (to "ccc")
L 12/04/2021 - 02:16:03: [playercommands.smx] "ccc<2><STEAM_1:1:81467303><>" renamed "ccc<2><STEAM_1:1:81467303><>" (to "ccc")
L 12/04/2021 - 02:16:04: [playercommands.smx] "ccc<2><STEAM_1:1:81467303><>" renamed "ccc<2><STEAM_1:1:81467303><>" (to "ccc")
L 12/04/2021 - 14:15:54: SourceMod log file session started (file "c:\users\guime\documents\servidor cs\servers\1\serverfiles\csgo\addons\sourcemod\logs\L20211204.log") (Version "1.10.0.6528")
L 12/04/2021 - 14:15:54: -------- Mapchange to de_mirage --------
L 12/04/2021 - 14:15:58: [weapons.smx] Inactive players' data has been deleted
L 12/04/2021 - 14:15:59: [weapons.smx] SQLite DB connection successful
L 12/04/2021 - 14:15:59: [weapons.smx] Inactive players' data has been deleted
L 12/04/2021 - 14:16:28: [basecommands.smx] "cdr<2><STEAM_1:1:81467303><>" executed config (file "standard.cfg")
L 12/04/2021 - 14:17:39: [basecommands.smx] "fvj<3><STEAM_1:1:454172526><>" executed config (file "sourcemod/retakes_on.cfg")
L 12/04/2021 - 14:17:53: [basecommands.smx] "fvj<3><STEAM_1:1:454172526><>" executed config (file "sourcemod/retake_pistol_on.cfg")
L 12/04/2021 - 14:18:03: [basecommands.smx] "fvj<3><STEAM_1:1:454172526><>" executed config (file "sourcemod/autoplant_on.cfg")
L 12/04/2021 - 14:20:54: SourceMod log file session started (file "c:\users\guime\documents\servidor cs\servers\1\serverfiles\csgo\addons\sourcemod\logs\L20211204.log") (Version "1.10.0.6528")
L 12/04/2021 - 14:20:54: -------- Mapchange to de_mirage --------
L 12/04/2021 - 14:20:58: [weapons.smx] Inactive players' data has been deleted
L 12/04/2021 - 14:20:59: [weapons.smx] SQLite DB connection successful
L 12/04/2021 - 14:20:59: [weapons.smx] Inactive players' data has been deleted
L 12/04/2021 - 14:21:11: [basecommands.smx] "cdr<2><STEAM_1:1:81467303><>" refreshed the admin cache.
L 12/04/2021 - 14:21:15: [basecommands.smx] "cdr<2><STEAM_1:1:81467303><>" executed config (file "standard.cfg")
L 12/04/2021 - 14:21:30: [basecommands.smx] "cdr<2><STEAM_1:1:81467303><>" executed config (file "sourcemod/retakes_on.cfg")
L 12/04/2021 - 14:23:33: [basecommands.smx] "cdr<2><STEAM_1:1:81467303><>" executed config (file "sourcemod/autoplant_off.cfg")
L 12/04/2021 - 14:23:43: [basecommands.smx] "cdr<2><STEAM_1:1:81467303><>" console command (cmdline "mp_restartgame 1")
L 12/04/2021 - 14:24:22: [basecommands.smx] "cdr<2><STEAM_1:1:81467303><>" executed config (file "sourcemod/retake_pistol_on.cfg")
L 12/04/2021 - 14:24:23: [basecommands.smx] "cdr<2><STEAM_1:1:81467303><>" console command (cmdline "mp_restartgame 1")
L 12/04/2021 - 14:25:34: [basecommands.smx] "cdr<2><STEAM_1:1:81467303><>" executed config (file "sourcemod/retake_pistol_off.cfg")
L 12/04/2021 - 14:25:44: [basecommands.smx] "cdr<2><STEAM_1:1:81467303><>" console command (cmdline "mp_restartgame 1")
L 12/04/2021 - 14:26:01: [basecommands.smx] "cdr<2><STEAM_1:1:81467303><>" console command (cmdline "mp_restartgame 1")
L 12/04/2021 - 14:26:27: [basecommands.smx] "cdr<2><STEAM_1:1:81467303><>" console command (cmdline "mp_restartgame 1")
L 12/04/2021 - 14:26:35: [basecommands.smx] "cdr<2><STEAM_1:1:81467303><>" console command (cmdline "mp_restartgame 1")
L 12/04/2021 - 14:26:39: [basecommands.smx] "cdr<2><STEAM_1:1:81467303><>" console command (cmdline "mp_restartgame 1")
L 12/04/2021 - 14:26:42: [basecommands.smx] "cdr<2><STEAM_1:1:81467303><>" console command (cmdline "mp_restartgame 1")
L 12/04/2021 - 14:26:42: [basecommands.smx] "cdr<2><STEAM_1:1:81467303><>" console command (cmdline "mp_restartgame 1")
L 12/04/2021 - 14:28:31: Log file closed.
L 12/04/2021 - 14:29:02: SourceMod log file session started (file "c:\users\guime\documents\servidor cs\servers\1\serverfiles\csgo\addons\sourcemod\logs\L20211204.log") (Version "1.10.0.6528")
L 12/04/2021 - 14:29:02: -------- Mapchange to de_mirage --------
L 12/04/2021 - 14:29:03: [weapons.smx] SQLite DB connection successful
L 12/04/2021 - 14:29:03: [weapons.smx] Inactive players' data has been deleted
L 12/04/2021 - 14:29:12: [basecommands.smx] "cdr<3><STEAM_1:1:81467303><>" console command (cmdline "mp_restartgame 1")
L 12/04/2021 - 14:29:12: [basecommands.smx] "cdr<3><STEAM_1:1:81467303><>" console command (cmdline "mp_restartgame 1")
L 12/04/2021 - 14:29:12: [basecommands.smx] "cdr<3><STEAM_1:1:81467303><>" console command (cmdline "mp_restartgame 1")
L 12/04/2021 - 14:29:12: [basecommands.smx] "cdr<3><STEAM_1:1:81467303><>" console command (cmdline "mp_restartgame 1")
L 12/04/2021 - 14:29:12: [basecommands.smx] "cdr<3><STEAM_1:1:81467303><>" console command (cmdline "mp_restartgame 1")
L 12/04/2021 - 14:34:59: SourceMod log file session started (file "c:\users\guime\documents\servidor cs\servers\1\serverfiles\csgo\addons\sourcemod\logs\L20211204.log") (Version "1.10.0.6528")
L 12/04/2021 - 14:34:59: -------- Mapchange to de_mirage --------
L 12/04/2021 - 14:35:00: [weapons.smx] SQLite DB connection successful
L 12/04/2021 - 14:35:00: [weapons.smx] Inactive players' data has been deleted
L 12/04/2021 - 14:36:25: [basecommands.smx] "cdr<2><STEAM_1:1:81467303><>" console command (cmdline "mp_restartgame 1")
L 12/04/2021 - 14:36:26: [basecommands.smx] "cdr<2><STEAM_1:1:81467303><>" console command (cmdline "mp_restartgame 1")
L 12/04/2021 - 14:36:26: [basecommands.smx] "cdr<2><STEAM_1:1:81467303><>" console command (cmdline "mp_restartgame 1")
L 12/04/2021 - 14:36:26: [basecommands.smx] "cdr<2><STEAM_1:1:81467303><>" console command (cmdline "mp_restartgame 1")
L 12/04/2021 - 14:36:26: [basecommands.smx] "cdr<2><STEAM_1:1:81467303><>" console command (cmdline "mp_restartgame 1")
L 12/04/2021 - 14:36:26: [basecommands.smx] "cdr<2><STEAM_1:1:81467303><>" console command (cmdline "mp_restartgame 1")
L 12/04/2021 - 14:36:27: [basecommands.smx] "cdr<2><STEAM_1:1:81467303><>" console command (cmdline "mp_restartgame 1")
L 12/04/2021 - 14:36:27: [basecommands.smx] "cdr<2><STEAM_1:1:81467303><>" console command (cmdline "mp_restartgame 1")
L 12/04/2021 - 14:36:27: [basecommands.smx] "cdr<2><STEAM_1:1:81467303><>" console command (cmdline "mp_restartgame 1")
L 12/04/2021 - 14:36:28: [basecommands.smx] "cdr<2><STEAM_1:1:81467303><>" console command (cmdline "mp_restartgame 1")
L 12/04/2021 - 14:36:28: [basecommands.smx] "cdr<2><STEAM_1:1:81467303><>" console command (cmdline "mp_restartgame 1")
L 12/04/2021 - 14:36:29: [basecommands.smx] "cdr<2><STEAM_1:1:81467303><>" console command (cmdline "mp_restartgame 1")
L 12/04/2021 - 14:36:29: [basecommands.smx] "cdr<2><STEAM_1:1:81467303><>" console command (cmdline "mp_restartgame 1")
L 12/04/2021 - 14:36:29: [basecommands.smx] "cdr<2><STEAM_1:1:81467303><>" console command (cmdline "mp_restartgame 1")
L 12/04/2021 - 14:36:29: [basecommands.smx] "cdr<2><STEAM_1:1:81467303><>" console command (cmdline "mp_restartgame 1")
L 12/04/2021 - 14:36:29: [basecommands.smx] "cdr<2><STEAM_1:1:81467303><>" console command (cmdline "mp_restartgame 1")
L 12/04/2021 - 14:36:29: [basecommands.smx] "cdr<2><STEAM_1:1:81467303><>" console command (cmdline "mp_restartgame 1")
L 12/04/2021 - 14:38:55: [basecommands.smx] "fvj<3><STEAM_1:1:454172526><>" executed config (file "sourcemod/retakes_on.cfg")
L 12/04/2021 - 14:42:55: [basecommands.smx] "cdr<2><STEAM_1:1:81467303><>" console command (cmdline "sv_cheats 1")
L 12/04/2021 - 15:15:37: [basecommands.smx] "cdr<2><STEAM_1:1:81467303><>" console command (cmdline "mp_restartgame 1")
L 12/04/2021 - 15:15:40: [basecommands.smx] "cdr<2><STEAM_1:1:81467303><>" console command (cmdline "mp_restartgame 1")
L 12/04/2021 - 15:16:27: [basecommands.smx] "cdr<2><STEAM_1:1:81467303><>" console command (cmdline "mp_restartgame 1")
L 12/04/2021 - 15:16:34: [basecommands.smx] "cdr<2><STEAM_1:1:81467303><>" console command (cmdline "mp_restartgame 1")
L 12/04/2021 - 15:16:36: [basecommands.smx] "cdr<2><STEAM_1:1:81467303><>" console command (cmdline "mp_restartgame 1")
L 12/04/2021 - 15:16:40: [basecommands.smx] "cdr<2><STEAM_1:1:81467303><>" console command (cmdline "mp_restartgame 1")
L 12/04/2021 - 15:16:43: [basecommands.smx] "cdr<2><STEAM_1:1:81467303><>" console command (cmdline "mp_restartgame 1")
L 12/04/2021 - 15:16:45: [basecommands.smx] "cdr<2><STEAM_1:1:81467303><>" console command (cmdline "mp_restartgame 1")
L 12/04/2021 - 15:16:48: [basecommands.smx] "cdr<2><STEAM_1:1:81467303><>" console command (cmdline "mp_restartgame 1")
L 12/04/2021 - 15:16:50: [basecommands.smx] "cdr<2><STEAM_1:1:81467303><>" console command (cmdline "mp_restartgame 1")
L 12/04/2021 - 15:16:53: [basecommands.smx] "cdr<2><STEAM_1:1:81467303><>" console command (cmdline "mp_restartgame 1")
L 12/04/2021 - 15:18:45: [basecommands.smx] "cdr<2><STEAM_1:1:81467303><>" console command (cmdline "mp_restartgame 1")
L 12/04/2021 - 15:18:47: [basecommands.smx] "cdr<2><STEAM_1:1:81467303><>" console command (cmdline "mp_restartgame 1")
L 12/04/2021 - 15:18:50: [basecommands.smx] "cdr<2><STEAM_1:1:81467303><>" console command (cmdline "mp_restartgame 1")
L 12/04/2021 - 15:18:52: [basecommands.smx] "cdr<2><STEAM_1:1:81467303><>" console command (cmdline "mp_restartgame 1")
L 12/04/2021 - 15:20:14: SourceMod log file session started (file "c:\users\guime\documents\servidor cs\servers\1\serverfiles\csgo\addons\sourcemod\logs\L20211204.log") (Version "1.10.0.6528")
L 12/04/2021 - 15:20:14: -------- Mapchange to de_mirage --------
L 12/04/2021 - 15:20:18: [weapons.smx] SQLite DB connection successful
L 12/04/2021 - 15:20:18: [weapons.smx] Inactive players' data has been deleted
L 12/04/2021 - 15:20:18: [weapons.smx] SQLite DB connection successful
L 12/04/2021 - 15:20:19: [weapons.smx] SQLite DB connection successful
L 12/04/2021 - 15:20:19: [weapons.smx] Inactive players' data has been deleted
L 12/04/2021 - 15:20:19: [weapons.smx] Inactive players' data has been deleted
L 12/04/2021 - 15:20:56: [basecommands.smx] "cdr<2><STEAM_1:1:81467303><>" executed config (file "standard.cfg")
L 12/04/2021 - 15:21:00: [basecommands.smx] "cdr<2><STEAM_1:1:81467303><>" executed config (file "sourcemod/retakes_off.cfg")
L 12/04/2021 - 15:21:04: [basecommands.smx] "cdr<2><STEAM_1:1:81467303><>" executed config (file "sourcemod/retakes_on.cfg")
L 12/04/2021 - 15:23:09: SourceMod log file session started (file "c:\users\guime\documents\servidor cs\servers\1\serverfiles\csgo\addons\sourcemod\logs\L20211204.log") (Version "1.10.0.6528")
L 12/04/2021 - 15:23:09: -------- Mapchange to de_mirage --------
L 12/04/2021 - 15:23:10: [weapons.smx] SQLite DB connection successful
L 12/04/2021 - 15:23:10: [weapons.smx] Inactive players' data has been deleted
L 12/04/2021 - 15:23:56: [basecommands.smx] "cdr<2><STEAM_1:1:81467303><>" executed config (file "sourcemod/retakes_on.cfg")
L 12/04/2021 - 15:23:59: [basecommands.smx] "cdr<2><STEAM_1:1:81467303><>" console command (cmdline "mp_restartgame 1")
L 12/04/2021 - 15:24:01: [basecommands.smx] "cdr<2><STEAM_1:1:81467303><>" console command (cmdline "mp_restartgame 1")
L 12/04/2021 - 15:24:27: [basecommands.smx] "cdr<2><STEAM_1:1:81467303><>" console command (cmdline "mp_restartgame 1")
L 12/04/2021 - 15:24:29: [basecommands.smx] "cdr<2><STEAM_1:1:81467303><>" console command (cmdline "mp_restartgame 1")
L 12/04/2021 - 15:24:31: [basecommands.smx] "cdr<2><STEAM_1:1:81467303><>" console command (cmdline "mp_restartgame 1")
L 12/04/2021 - 15:24:33: [basecommands.smx] "cdr<2><STEAM_1:1:81467303><>" console command (cmdline "mp_restartgame 1")
L 12/04/2021 - 15:24:35: [basecommands.smx] "cdr<2><STEAM_1:1:81467303><>" console command (cmdline "mp_restartgame 1")
L 12/04/2021 - 15:24:37: [basecommands.smx] "cdr<2><STEAM_1:1:81467303><>" console command (cmdline "mp_restartgame 1")
L 12/04/2021 - 15:24:39: [basecommands.smx] "cdr<2><STEAM_1:1:81467303><>" console command (cmdline "mp_restartgame 1")
L 12/04/2021 - 15:24:41: [basecommands.smx] "cdr<2><STEAM_1:1:81467303><>" console command (cmdline "mp_restartgame 1")
L 12/04/2021 - 15:24:43: [basecommands.smx] "cdr<2><STEAM_1:1:81467303><>" console command (cmdline "mp_restartgame 1")
L 12/04/2021 - 15:24:45: [basecommands.smx] "cdr<2><STEAM_1:1:81467303><>" console command (cmdline "mp_restartgame 1")
L 12/04/2021 - 15:24:47: [basecommands.smx] "cdr<2><STEAM_1:1:81467303><>" console command (cmdline "mp_restartgame 1")
L 12/04/2021 - 15:24:49: [basecommands.smx] "cdr<2><STEAM_1:1:81467303><>" console command (cmdline "mp_restartgame 1")
L 12/04/2021 - 15:24:51: [basecommands.smx] "cdr<2><STEAM_1:1:81467303><>" console command (cmdline "mp_restartgame 1")
L 12/04/2021 - 15:24:53: [basecommands.smx] "cdr<2><STEAM_1:1:81467303><>" console command (cmdline "mp_restartgame 1")
L 12/04/2021 - 15:24:55: [basecommands.smx] "cdr<2><STEAM_1:1:81467303><>" console command (cmdline "mp_restartgame 1")
L 12/04/2021 - 15:24:57: [basecommands.smx] "cdr<2><STEAM_1:1:81467303><>" console command (cmdline "mp_restartgame 1")
L 12/04/2021 - 15:25:42: [basecommands.smx] "cdr<2><STEAM_1:1:81467303><>" refreshed the admin cache.
L 12/04/2021 - 15:26:06: [basecommands.smx] "LUKINHAS<4><STEAM_1:0:23957147><>" executed config (file "sourcemod/retake_pistol_on.cfg")
L 12/04/2021 - 15:27:14: [basecommands.smx] "cdr<2><STEAM_1:1:81467303><>" console command (cmdline "mp_restartgame 1")
L 12/04/2021 - 15:29:05: [funvotes.smx] "cdr<2><STEAM_1:1:81467303><>" initiated a friendly fire vote.
L 12/04/2021 - 15:29:11: [funvotes.smx] Changing friendly fire to 1 due to vote.
L 12/04/2021 - 15:34:07: [basecommands.smx] "cdr<2><STEAM_1:1:81467303><>" console command (cmdline "mp_restartgame 1")
L 12/04/2021 - 15:34:16: [basecommands.smx] "cdr<2><STEAM_1:1:81467303><>" console command (cmdline "mp_restartgame 1")
L 12/04/2021 - 15:34:20: [basecommands.smx] "cdr<2><STEAM_1:1:81467303><>" console command (cmdline "mp_restartgame 1")
L 12/04/2021 - 15:34:45: [basecommands.smx] "cdr<2><STEAM_1:1:81467303><>" console command (cmdline "mp_restartgame 1")
L 12/04/2021 - 15:36:26: [basecommands.smx] "LUKINHAS<4><STEAM_1:0:23957147><>" executed config (file "sourcemod/retake_pistol_on.cfg")
L 12/04/2021 - 15:36:45: [basecommands.smx] "LUKINHAS<4><STEAM_1:0:23957147><>" executed config (file "sourcemod/retake_pistol_off.cfg")
L 12/04/2021 - 15:51:47: [basecommands.smx] "cdr<2><STEAM_1:1:81467303><>" executed config (file "sourcemod/retakes_off.cfg")
L 12/04/2021 - 15:51:52: [basecommands.smx] "cdr<2><STEAM_1:1:81467303><>" console command (cmdline "mp_restartgame 1")
L 12/04/2021 - 15:51:52: [basecommands.smx] "cdr<2><STEAM_1:1:81467303><>" console command (cmdline "mp_restartgame 1")
L 12/04/2021 - 15:52:13: [basecommands.smx] "cdr<2><STEAM_1:1:81467303><>" changed map to "de_ancient"
L 12/04/2021 - 15:52:16: [SM] Changed map to "de_ancient"
L 12/04/2021 - 15:52:19: -------- Mapchange to de_ancient --------
L 12/04/2021 - 15:52:23: [weapons.smx] Inactive players' data has been deleted
L 12/04/2021 - 15:52:52: [basecommands.smx] "cdr<2><STEAM_1:1:81467303><>" executed config (file "standard.cfg")
L 12/04/2021 - 15:52:57: [basecommands.smx] "cdr<2><STEAM_1:1:81467303><>" executed config (file "sourcemod/retakes_on.cfg")
L 12/04/2021 - 15:53:39: [basecommands.smx] "cdr<2><STEAM_1:1:81467303><>" console command (cmdline "sv_cjjjjjjggggas")
L 12/04/2021 - 15:54:04: [basecommands.smx] "cdr<2><STEAM_1:1:81467303><>" console command (cmdline "sv_cheats 0")
L 12/04/2021 - 15:58:30: [basecommands.smx] "cdr<2><STEAM_1:1:81467303><>" console command (cmdline "sv_cheats 1")
L 12/04/2021 - 16:13:17: [basecommands.smx] "cdr<2><STEAM_1:1:81467303><>" console command (cmdline "mp_restartgame 1")
L 12/04/2021 - 16:13:26: [basecommands.smx] "cdr<2><STEAM_1:1:81467303><>" console command (cmdline "mp_restartgame 1")
L 12/04/2021 - 16:13:29: [basecommands.smx] "cdr<2><STEAM_1:1:81467303><>" console command (cmdline "mp_restartgame 1")
L 12/04/2021 - 16:13:32: [basecommands.smx] "cdr<2><STEAM_1:1:81467303><>" console command (cmdline "mp_restartgame 1")
L 12/04/2021 - 16:13:36: [basecommands.smx] "cdr<2><STEAM_1:1:81467303><>" console command (cmdline "mp_restartgame 1")
L 12/04/2021 - 16:13:38: [basecommands.smx] "cdr<2><STEAM_1:1:81467303><>" console command (cmdline "mp_restartgame 1")
L 12/04/2021 - 16:13:51: [basecommands.smx] "cdr<2><STEAM_1:1:81467303><>" console command (cmdline "mp_restartgame 1")
L 12/04/2021 - 16:13:55: [basecommands.smx] "cdr<2><STEAM_1:1:81467303><>" console command (cmdline "mp_restartgame 1")
L 12/04/2021 - 16:16:18: [basecommands.smx] "cdr<2><STEAM_1:1:81467303><>" console command (cmdline "mp_restartgame 1")
L 12/04/2021 - 16:16:20: [basecommands.smx] "cdr<2><STEAM_1:1:81467303><>" console command (cmdline "mp_restartgame 1")
L 12/04/2021 - 16:16:25: [basecommands.smx] "cdr<2><STEAM_1:1:81467303><>" console command (cmdline "mp_restartgame 1")
L 12/04/2021 - 19:17:18: SourceMod log file session started (file "c:\users\guime\documents\servidor cs\servers\1\serverfiles\csgo\addons\sourcemod\logs\L20211204.log") (Version "1.10.0.6528")
L 12/04/2021 - 19:17:18: -------- Mapchange to de_mirage --------
L 12/04/2021 - 19:17:19: [weapons.smx] SQLite DB connection successful
L 12/04/2021 - 19:17:19: [weapons.smx] Inactive players' data has been deleted
L 12/04/2021 - 19:18:47: [basecommands.smx] "cdr<4><STEAM_1:1:81467303><>" refreshed the admin cache.
L 12/04/2021 - 19:19:09: [basecommands.smx] "quim-<2><STEAM_1:0:212202033><>" executed config (file "sourcemod/retakes_on.cfg")
L 12/04/2021 - 19:19:28: [basecommands.smx] "cdr<4><STEAM_1:1:81467303><>" console command (cmdline "mp_warmup_end")
L 12/04/2021 - 19:19:47: [basecommands.smx] "cdr<4><STEAM_1:1:81467303><>" executed config (file "sourcemod/ff_on.cfg")
L 12/04/2021 - 19:20:22: [basecommands.smx] "cdr<4><STEAM_1:1:81467303><>" console command (cmdline "mp_restartgame 1")
L 12/04/2021 - 19:20:27: [basecommands.smx] "cdr<4><STEAM_1:1:81467303><>" console command (cmdline "mp_restartgame 1")
L 12/04/2021 - 19:20:33: [basecommands.smx] "cdr<4><STEAM_1:1:81467303><>" console command (cmdline "mp_restartgame 1")
L 12/04/2021 - 19:20:36: [basecommands.smx] "cdr<4><STEAM_1:1:81467303><>" console command (cmdline "mp_restartgame 1")
L 12/04/2021 - 19:20:39: [basecommands.smx] "cdr<4><STEAM_1:1:81467303><>" console command (cmdline "mp_restartgame 1")
L 12/04/2021 - 19:20:43: [basecommands.smx] "cdr<4><STEAM_1:1:81467303><>" console command (cmdline "mp_restartgame 1")
L 12/04/2021 - 19:20:47: [basecommands.smx] "cdr<4><STEAM_1:1:81467303><>" console command (cmdline "mp_restartgame 1")
L 12/04/2021 - 19:20:51: [basecommands.smx] "cdr<4><STEAM_1:1:81467303><>" console command (cmdline "mp_restartgame 1")
L 12/04/2021 - 19:20:53: [basecommands.smx] "cdr<4><STEAM_1:1:81467303><>" console command (cmdline "mp_restartgame 1")
L 12/04/2021 - 19:20:55: [basecommands.smx] "cdr<4><STEAM_1:1:81467303><>" console command (cmdline "mp_restartgame 1")
L 12/04/2021 - 19:20:57: [basecommands.smx] "cdr<4><STEAM_1:1:81467303><>" console command (cmdline "mp_restartgame 1")
L 12/04/2021 - 19:21:00: [basecommands.smx] "cdr<4><STEAM_1:1:81467303><>" console command (cmdline "mp_restartgame 1")
L 12/04/2021 - 19:21:03: [basecommands.smx] "cdr<4><STEAM_1:1:81467303><>" console command (cmdline "mp_restartgame 1")
L 12/04/2021 - 19:21:06: [basecommands.smx] "cdr<4><STEAM_1:1:81467303><>" console command (cmdline "mp_restartgame 1")
L 12/04/2021 - 19:21:10: [basecommands.smx] "cdr<4><STEAM_1:1:81467303><>" console command (cmdline "mp_restartgame 1")
L 12/04/2021 - 19:21:13: [basecommands.smx] "cdr<4><STEAM_1:1:81467303><>" console command (cmdline "mp_restartgame 1")
L 12/04/2021 - 19:21:15: [basecommands.smx] "cdr<4><STEAM_1:1:81467303><>" console command (cmdline "mp_restartgame 1")
L 12/04/2021 - 19:21:19: [basecommands.smx] "cdr<4><STEAM_1:1:81467303><>" console command (cmdline "mp_restartgame 1")
L 12/04/2021 - 19:21:24: [basecommands.smx] "cdr<4><STEAM_1:1:81467303><>" console command (cmdline "mp_restartgame 1")
L 12/04/2021 - 19:21:29: [basecommands.smx] "cdr<4><STEAM_1:1:81467303><>" console command (cmdline "mp_restartgame 1")
L 12/04/2021 - 19:21:31: [basecommands.smx] "cdr<4><STEAM_1:1:81467303><>" console command (cmdline "mp_restartgame 1")
L 12/04/2021 - 19:21:33: [basecommands.smx] "cdr<4><STEAM_1:1:81467303><>" console command (cmdline "mp_restartgame 1")
L 12/04/2021 - 19:21:35: [basecommands.smx] "cdr<4><STEAM_1:1:81467303><>" console command (cmdline "mp_restartgame 1")
L 12/04/2021 - 19:21:41: [basecommands.smx] "cdr<4><STEAM_1:1:81467303><>" console command (cmdline "mp_restartgame 1")
L 12/04/2021 - 19:21:45: [basecommands.smx] "cdr<4><STEAM_1:1:81467303><>" console command (cmdline "mp_restartgame 1")
L 12/04/2021 - 19:21:47: [basecommands.smx] "cdr<4><STEAM_1:1:81467303><>" console command (cmdline "mp_restartgame 1")
L 12/04/2021 - 19:21:49: [basecommands.smx] "cdr<4><STEAM_1:1:81467303><>" console command (cmdline "mp_restartgame 1")
L 12/04/2021 - 19:21:51: [basecommands.smx] "cdr<4><STEAM_1:1:81467303><>" console command (cmdline "mp_restartgame 1")
L 12/04/2021 - 19:21:53: [basecommands.smx] "cdr<4><STEAM_1:1:81467303><>" console command (cmdline "mp_restartgame 1")
L 12/04/2021 - 19:21:55: [basecommands.smx] "cdr<4><STEAM_1:1:81467303><>" console command (cmdline "mp_restartgame 1")
L 12/04/2021 - 19:21:58: [basecommands.smx] "cdr<4><STEAM_1:1:81467303><>" console command (cmdline "mp_restartgame 1")
L 12/04/2021 - 19:22:00: [basecommands.smx] "cdr<4><STEAM_1:1:81467303><>" console command (cmdline "mp_restartgame 1")
L 12/04/2021 - 19:22:03: [basecommands.smx] "cdr<4><STEAM_1:1:81467303><>" console command (cmdline "mp_restartgame 1")
L 12/04/2021 - 19:22:30: [basecommands.smx] "cdr<4><STEAM_1:1:81467303><>" console command (cmdline "give molotov")
L 12/04/2021 - 19:22:36: [playercommands.smx] "quim-<2><STEAM_1:0:212202033><>" slapped "LUKINHAS<3><STEAM_1:0:23957147><>" (damage "1")
L 12/04/2021 - 19:22:44: [basecommands.smx] "cdr<4><STEAM_1:1:81467303><>" console command (cmdline "give weapon_molotov")
L 12/04/2021 - 19:22:50: [basecommands.smx] "cdr<4><STEAM_1:1:81467303><>" console command (cmdline "give weapon_molotov")
L 12/04/2021 - 19:22:51: [basecommands.smx] "quim-<2><STEAM_1:0:212202033><>" executed config (file "sourcemod/retakes_off.cfg")
L 12/04/2021 - 19:23:12: [basecommands.smx] "cdr<4><STEAM_1:1:81467303><>" executed config (file "sourcemod/ff_on.cfg")
L 12/04/2021 - 19:23:24: [basecommands.smx] "cdr<4><STEAM_1:1:81467303><>" console command (cmdline "give weapon_molotov")
L 12/04/2021 - 19:23:33: [basecommands.smx] "cdr<4><STEAM_1:1:81467303><>" console command (cmdline "give weapon_molotov")
L 12/04/2021 - 19:23:41: [basecommands.smx] "cdr<4><STEAM_1:1:81467303><>" console command (cmdline "mp_restartgame 1")
L 12/04/2021 - 19:24:20: [basecommands.smx] "cdr<4><STEAM_1:1:81467303><>" executed config (file "standard.cfg")
L 12/04/2021 - 19:25:09: [basecommands.smx] "cdr<4><STEAM_1:1:81467303><>" console command (cmdline "sv_rethrow_last_grenade")
L 12/04/2021 - 19:25:12: [basecommands.smx] "cdr<4><STEAM_1:1:81467303><>" executed config (file "standard.cfg")
L 12/04/2021 - 19:25:23: [funvotes.smx] "cdr<4><STEAM_1:1:81467303><>" initiated a friendly fire vote.
L 12/04/2021 - 19:25:31: [funvotes.smx] Changing friendly fire to 0 due to vote.
L 12/04/2021 - 19:25:49: [basecommands.smx] "cdr<4><STEAM_1:1:81467303><>" console command (cmdline "mp_restartgame 1")
L 12/04/2021 - 19:26:09: [funvotes.smx] "quim-<2><STEAM_1:0:212202033><>" initiated a friendly fire vote.
L 12/04/2021 - 19:26:14: [funvotes.smx] Changing friendly fire to 1 due to vote.
L 12/04/2021 - 19:26:17: [basecommands.smx] "cdr<4><STEAM_1:1:81467303><>" console command (cmdline "mp_restartgame 1")
L 12/04/2021 - 19:29:19: [basecommands.smx] "cdr<4><STEAM_1:1:81467303><>" executed config (file "ff_on.cfg")
L 12/04/2021 - 19:29:34: [basecommands.smx] "cdr<4><STEAM_1:1:81467303><>" executed config (file "sourcemod/retakes_on.cfg")
L 12/04/2021 - 19:30:06: [basecommands.smx] "cdr<4><STEAM_1:1:81467303><>" executed config (file "ff_on.cfg")
L 12/04/2021 - 19:30:27: [basecommands.smx] "cdr<4><STEAM_1:1:81467303><>" refreshed the admin cache.
L 12/04/2021 - 19:31:01: [basecommands.smx] "LUKINHAS<3><STEAM_1:0:23957147><>" executed config (file "sourcemod/retake_pistol_on.cfg")
L 12/04/2021 - 19:36:05: [basecommands.smx] "cdr<4><STEAM_1:1:81467303><>" console command (cmdline "mp_restartgame 1")
L 12/04/2021 - 19:38:34: [playercommands.smx] "cdr<4><STEAM_1:1:81467303><>" slapped "LUKINHAS<3><STEAM_1:0:23957147><>" (damage "0")
L 12/04/2021 - 19:38:34: [playercommands.smx] "cdr<4><STEAM_1:1:81467303><>" slapped "LUKINHAS<3><STEAM_1:0:23957147><>" (damage "0")
L 12/04/2021 - 19:38:35: [playercommands.smx] "cdr<4><STEAM_1:1:81467303><>" slapped "LUKINHAS<3><STEAM_1:0:23957147><>" (damage "0")
L 12/04/2021 - 19:38:35: [playercommands.smx] "cdr<4><STEAM_1:1:81467303><>" slapped "LUKINHAS<3><STEAM_1:0:23957147><>" (damage "0")
L 12/04/2021 - 19:38:35: [playercommands.smx] "cdr<4><STEAM_1:1:81467303><>" slapped "LUKINHAS<3><STEAM_1:0:23957147><>" (damage "0")
L 12/04/2021 - 19:38:36: [playercommands.smx] "cdr<4><STEAM_1:1:81467303><>" slapped "LUKINHAS<3><STEAM_1:0:23957147><>" (damage "0")
L 12/04/2021 - 19:38:36: [playercommands.smx] "cdr<4><STEAM_1:1:81467303><>" slapped "LUKINHAS<3><STEAM_1:0:23957147><>" (damage "0")
L 12/04/2021 - 19:38:36: [playercommands.smx] "cdr<4><STEAM_1:1:81467303><>" slapped "LUKINHAS<3><STEAM_1:0:23957147><>" (damage "0")
L 12/04/2021 - 19:38:37: [playercommands.smx] "cdr<4><STEAM_1:1:81467303><>" slapped "quim-<2><STEAM_1:0:212202033><>" (damage "0")
L 12/04/2021 - 19:38:37: [playercommands.smx] "cdr<4><STEAM_1:1:81467303><>" slapped "quim-<2><STEAM_1:0:212202033><>" (damage "0")
L 12/04/2021 - 19:38:38: [playercommands.smx] "cdr<4><STEAM_1:1:81467303><>" slapped "quim-<2><STEAM_1:0:212202033><>" (damage "0")
L 12/04/2021 - 19:38:38: [playercommands.smx] "cdr<4><STEAM_1:1:81467303><>" slapped "quim-<2><STEAM_1:0:212202033><>" (damage "0")
L 12/04/2021 - 19:38:38: [playercommands.smx] "cdr<4><STEAM_1:1:81467303><>" slapped "quim-<2><STEAM_1:0:212202033><>" (damage "0")
L 12/04/2021 - 19:38:38: [playercommands.smx] "cdr<4><STEAM_1:1:81467303><>" slapped "quim-<2><STEAM_1:0:212202033><>" (damage "0")
L 12/04/2021 - 19:38:39: [playercommands.smx] "cdr<4><STEAM_1:1:81467303><>" slapped "quim-<2><STEAM_1:0:212202033><>" (damage "0")
L 12/04/2021 - 19:38:39: [playercommands.smx] "cdr<4><STEAM_1:1:81467303><>" slapped "quim-<2><STEAM_1:0:212202033><>" (damage "0")
L 12/04/2021 - 19:38:39: [playercommands.smx] "cdr<4><STEAM_1:1:81467303><>" slapped "quim-<2><STEAM_1:0:212202033><>" (damage "0")
L 12/04/2021 - 19:54:11: [playercommands.smx] "cdr<4><STEAM_1:1:81467303><>" slapped "quim-<2><STEAM_1:0:212202033><>" (damage "0")
L 12/04/2021 - 19:54:13: [playercommands.smx] "cdr<4><STEAM_1:1:81467303><>" slapped "quim-<2><STEAM_1:0:212202033><>" (damage "0")
L 12/04/2021 - 19:54:13: [playercommands.smx] "cdr<4><STEAM_1:1:81467303><>" slapped "quim-<2><STEAM_1:0:212202033><>" (damage "0")
L 12/04/2021 - 19:54:13: [playercommands.smx] "cdr<4><STEAM_1:1:81467303><>" slapped "quim-<2><STEAM_1:0:212202033><>" (damage "0")
L 12/04/2021 - 19:54:14: [playercommands.smx] "cdr<4><STEAM_1:1:81467303><>" slapped "quim-<2><STEAM_1:0:212202033><>" (damage "0")
L 12/04/2021 - 19:54:15: [playercommands.smx] "cdr<4><STEAM_1:1:81467303><>" slapped "quim-<2><STEAM_1:0:212202033><>" (damage "0")
L 12/04/2021 - 19:57:41: [basecommands.smx] "cdr<4><STEAM_1:1:81467303><>" console command (cmdline "mp_restartgame 1")
L 12/04/2021 - 19:57:44: [basecommands.smx] "cdr<4><STEAM_1:1:81467303><>" console command (cmdline "mp_restartgame 1")
L 12/04/2021 - 19:57:46: [basecommands.smx] "cdr<4><STEAM_1:1:81467303><>" console command (cmdline "mp_restartgame 1")
L 12/04/2021 - 19:57:49: [basecommands.smx] "cdr<4><STEAM_1:1:81467303><>" console command (cmdline "mp_restartgame 1")
L 12/04/2021 - 19:57:52: [basecommands.smx] "cdr<4><STEAM_1:1:81467303><>" console command (cmdline "mp_restartgame 1")
L 12/04/2021 - 19:57:54: [basecommands.smx] "cdr<4><STEAM_1:1:81467303><>" console command (cmdline "mp_restartgame 1")
L 12/04/2021 - 19:57:56: [basecommands.smx] "cdr<4><STEAM_1:1:81467303><>" console command (cmdline "mp_restartgame 1")
L 12/04/2021 - 19:57:58: [basecommands.smx] "cdr<4><STEAM_1:1:81467303><>" console command (cmdline "mp_restartgame 1")
L 12/04/2021 - 19:58:00: [basecommands.smx] "cdr<4><STEAM_1:1:81467303><>" console command (cmdline "mp_restartgame 1")
L 12/04/2021 - 19:58:02: [basecommands.smx] "cdr<4><STEAM_1:1:81467303><>" console command (cmdline "mp_restartgame 1")
L 12/04/2021 - 19:58:04: [basecommands.smx] "cdr<4><STEAM_1:1:81467303><>" console command (cmdline "mp_restartgame 1")
L 12/04/2021 - 19:58:05: [basecommands.smx] "cdr<4><STEAM_1:1:81467303><>" console command (cmdline "mp_restartgame 1")
L 12/04/2021 - 19:58:08: [basecommands.smx] "cdr<4><STEAM_1:1:81467303><>" console command (cmdline "mp_restartgame 1")
L 12/04/2021 - 19:58:10: [basecommands.smx] "cdr<4><STEAM_1:1:81467303><>" console command (cmdline "mp_restartgame 1")
L 12/04/2021 - 19:58:12: [basecommands.smx] "cdr<4><STEAM_1:1:81467303><>" console command (cmdline "mp_restartgame 1")
L 12/04/2021 - 19:58:14: [basecommands.smx] "cdr<4><STEAM_1:1:81467303><>" console command (cmdline "mp_restartgame 1")
L 12/04/2021 - 19:58:16: [basecommands.smx] "cdr<4><STEAM_1:1:81467303><>" console command (cmdline "mp_restartgame 1")
L 12/04/2021 - 19:58:33: [basecommands.smx] "cdr<4><STEAM_1:1:81467303><>" console command (cmdline "mp_buy_anywhere 0")
L 12/04/2021 - 20:00:47: [basecommands.smx] "cdr<4><STEAM_1:1:81467303><>" executed config (file "sourcemod/retake_pistol_off.cfg")
L 12/04/2021 - 20:24:12: [basecommands.smx] "cdr<4><STEAM_1:1:81467303><>" console command (cmdline "mp_restartgame 1")
L 12/04/2021 - 20:24:35: [basecommands.smx] "cdr<4><STEAM_1:1:81467303><>" console command (cmdline "mp_restartgame 1")
L 12/04/2021 - 22:51:12: SourceMod log file session started (file "c:\users\guime\documents\servidor cs\servers\1\serverfiles\csgo\addons\sourcemod\logs\L20211204.log") (Version "1.10.0.6528")
L 12/04/2021 - 22:51:12: -------- Mapchange to de_mirage --------
L 12/04/2021 - 22:51:17: [weapons.smx] Inactive players' data has been deleted
L 12/04/2021 - 22:51:17: [weapons.smx] SQLite DB connection successful
L 12/04/2021 - 22:51:17: [weapons.smx] Inactive players' data has been deleted
L 12/04/2021 - 22:51:41: [basecommands.smx] "cdr<2><STEAM_1:1:81467303><>" executed config (file "sourcemod/retakes_on.cfg")
L 12/04/2021 - 22:51:49: [basecommands.smx] "cdr<2><STEAM_1:1:81467303><>" console command (cmdline "mp_restartgame 1")
L 12/04/2021 - 22:52:15: [basecommands.smx] "cdr<2><STEAM_1:1:81467303><>" console command (cmdline "mp_restartgame 1")
L 12/04/2021 - 22:52:36: [basecommands.smx] "cdr<2><STEAM_1:1:81467303><>" console command (cmdline "sm_retakes_weapon_allow_nades_on_pistol_rounds")
L 12/04/2021 - 22:52:41: [basecommands.smx] "cdr<2><STEAM_1:1:81467303><>" console command (cmdline "sm_retakes_weapon_allow_nades_on_pistol_rounds 0")
L 12/04/2021 - 22:52:43: [basecommands.smx] "cdr<2><STEAM_1:1:81467303><>" console command (cmdline "mp_restartgame 1")
L 12/04/2021 - 22:52:49: [basecommands.smx] "cdr<2><STEAM_1:1:81467303><>" console command (cmdline "mp_restartgame 1")
L 12/04/2021 - 22:52:52: [basecommands.smx] "cdr<2><STEAM_1:1:81467303><>" console command (cmdline "mp_restartgame 1")
L 12/04/2021 - 22:52:54: [basecommands.smx] "cdr<2><STEAM_1:1:81467303><>" console command (cmdline "mp_restartgame 1")
L 12/04/2021 - 22:52:56: [basecommands.smx] "cdr<2><STEAM_1:1:81467303><>" console command (cmdline "mp_restartgame 1")
L 12/04/2021 - 22:53:18: [basecommands.smx] "cdr<2><STEAM_1:1:81467303><>" console command (cmdline "mp_restartgame 1")
L 12/04/2021 - 22:53:21: [basecommands.smx] "cdr<2><STEAM_1:1:81467303><>" console command (cmdline "mp_restartgame 1")
L 12/04/2021 - 22:53:23: [basecommands.smx] "cdr<2><STEAM_1:1:81467303><>" console command (cmdline "mp_restartgame 1")
L 12/04/2021 - 22:53:25: [basecommands.smx] "cdr<2><STEAM_1:1:81467303><>" console command (cmdline "mp_restartgame 1")
L 12/04/2021 - 22:53:27: [basecommands.smx] "cdr<2><STEAM_1:1:81467303><>" console command (cmdline "mp_restartgame 1")
L 12/04/2021 - 22:53:29: [basecommands.smx] "cdr<2><STEAM_1:1:81467303><>" console command (cmdline "mp_restartgame 1")
L 12/04/2021 - 22:53:31: [basecommands.smx] "cdr<2><STEAM_1:1:81467303><>" console command (cmdline "mp_restartgame 1")
L 12/04/2021 - 22:53:33: [basecommands.smx] "cdr<2><STEAM_1:1:81467303><>" console command (cmdline "mp_restartgame 1")
L 12/04/2021 - 22:53:33: [basecommands.smx] "cdr<2><STEAM_1:1:81467303><>" console command (cmdline "mp_restartgame 1")
L 12/04/2021 - 22:53:34: [basecommands.smx] "cdr<2><STEAM_1:1:81467303><>" console command (cmdline "mp_restartgame 1")
L 12/04/2021 - 22:53:34: [basecommands.smx] "cdr<2><STEAM_1:1:81467303><>" console command (cmdline "mp_restartgame 1")
L 12/04/2021 - 22:53:35: [basecommands.smx] "cdr<2><STEAM_1:1:81467303><>" console command (cmdline "mp_restartgame 1")
L 12/04/2021 - 22:53:35: [basecommands.smx] "cdr<2><STEAM_1:1:81467303><>" console command (cmdline "mp_restartgame 1")
L 12/04/2021 - 22:53:36: [basecommands.smx] "cdr<2><STEAM_1:1:81467303><>" console command (cmdline "mp_restartgame 1")
L 12/04/2021 - 22:53:36: [basecommands.smx] "cdr<2><STEAM_1:1:81467303><>" console command (cmdline "mp_restartgame 1")
L 12/04/2021 - 22:53:36: [basecommands.smx] "cdr<2><STEAM_1:1:81467303><>" console command (cmdline "mp_restartgame 1")
L 12/04/2021 - 22:53:37: [basecommands.smx] "cdr<2><STEAM_1:1:81467303><>" console command (cmdline "mp_restartgame 1")
L 12/04/2021 - 22:53:37: [basecommands.smx] "cdr<2><STEAM_1:1:81467303><>" console command (cmdline "mp_restartgame 1")
L 12/04/2021 - 22:53:37: [basecommands.smx] "cdr<2><STEAM_1:1:81467303><>" console command (cmdline "mp_restartgame 1")
L 12/04/2021 - 22:53:38: [basecommands.smx] "cdr<2><STEAM_1:1:81467303><>" console command (cmdline "mp_restartgame 1")
L 12/04/2021 - 22:53:38: [basecommands.smx] "cdr<2><STEAM_1:1:81467303><>" console command (cmdline "mp_restartgame 1")
L 12/04/2021 - 22:53:38: [basecommands.smx] "cdr<2><STEAM_1:1:81467303><>" console command (cmdline "mp_restartgame 1")
L 12/04/2021 - 22:53:40: [basecommands.smx] "cdr<2><STEAM_1:1:81467303><>" console command (cmdline "mp_restartgame 1")
L 12/04/2021 - 22:53:40: [basecommands.smx] "cdr<2><STEAM_1:1:81467303><>" console command (cmdline "mp_restartgame 1")
L 12/04/2021 - 22:53:44: [basecommands.smx] "cdr<2><STEAM_1:1:81467303><>" console command (cmdline "mp_restartgame 1")
L 12/04/2021 - 22:53:44: [basecommands.smx] "cdr<2><STEAM_1:1:81467303><>" console command (cmdline "mp_restartgame 1")
L 12/04/2021 - 22:53:44: [basecommands.smx] "cdr<2><STEAM_1:1:81467303><>" console command (cmdline "mp_restartgame 1")
L 12/04/2021 - 22:53:47: [basecommands.smx] "cdr<2><STEAM_1:1:81467303><>" console command (cmdline "mp_restartgame 1")
L 12/04/2021 - 22:53:47: [basecommands.smx] "cdr<2><STEAM_1:1:81467303><>" console command (cmdline "mp_restartgame 1")
L 12/04/2021 - 22:53:47: [basecommands.smx] "cdr<2><STEAM_1:1:81467303><>" console command (cmdline "mp_restartgame 1")
L 12/04/2021 - 22:53:47: [basecommands.smx] "cdr<2><STEAM_1:1:81467303><>" console command (cmdline "mp_restartgame 1")
L 12/04/2021 - 22:53:51: [basecommands.smx] "cdr<2><STEAM_1:1:81467303><>" console command (cmdline "mp_restartgame 1")
L 12/04/2021 - 22:53:52: [basecommands.smx] "cdr<2><STEAM_1:1:81467303><>" console command (cmdline "mp_restartgame 1")
L 12/04/2021 - 22:53:52: [basecommands.smx] "cdr<2><STEAM_1:1:81467303><>" console command (cmdline "mp_restartgame 1")
L 12/04/2021 - 22:53:52: [basecommands.smx] "cdr<2><STEAM_1:1:81467303><>" console command (cmdline "mp_restartgame 1")
L 12/04/2021 - 22:53:54: [basecommands.smx] "cdr<2><STEAM_1:1:81467303><>" console command (cmdline "mp_restartgame 1")
L 12/04/2021 - 22:53:54: [basecommands.smx] "cdr<2><STEAM_1:1:81467303><>" console command (cmdline "mp_restartgame 1")
L 12/04/2021 - 22:53:55: [basecommands.smx] "cdr<2><STEAM_1:1:81467303><>" console command (cmdline "mp_restartgame 1")
L 12/04/2021 - 22:53:55: [basecommands.smx] "cdr<2><STEAM_1:1:81467303><>" console command (cmdline "mp_restartgame 1")
L 12/04/2021 - 22:54:04: [basecommands.smx] "cdr<2><STEAM_1:1:81467303><>" console command (cmdline "mp_restartgame 1")
L 12/04/2021 - 22:54:04: [basecommands.smx] "cdr<2><STEAM_1:1:81467303><>" console command (cmdline "mp_restartgame 1")
L 12/04/2021 - 22:54:05: [basecommands.smx] "cdr<2><STEAM_1:1:81467303><>" console command (cmdline "mp_restartgame 1")
L 12/04/2021 - 22:54:07: [basecommands.smx] "cdr<2><STEAM_1:1:81467303><>" console command (cmdline "sm_retakes_weapon_allow_nades_on_pistol_rounds 1")
L 12/04/2021 - 22:54:09: [basecommands.smx] "cdr<2><STEAM_1:1:81467303><>" console command (cmdline "mp_restartgame 1")
L 12/04/2021 - 22:54:09: [basecommands.smx] "cdr<2><STEAM_1:1:81467303><>" console command (cmdline "mp_restartgame 1")
L 12/04/2021 - 22:54:09: [basecommands.smx] "cdr<2><STEAM_1:1:81467303><>" console command (cmdline "mp_restartgame 1")
L 12/04/2021 - 22:54:35: [basecommands.smx] "cdr<2><STEAM_1:1:81467303><>" console command (cmdline "mp_restartgame 1")
L 12/04/2021 - 22:54:35: [basecommands.smx] "cdr<2><STEAM_1:1:81467303><>" console command (cmdline "mp_restartgame 1")
L 12/04/2021 - 22:54:39: [basecommands.smx] "cdr<2><STEAM_1:1:81467303><>" console command (cmdline "mp_restartgame 1")
L 12/04/2021 - 22:54:39: [basecommands.smx] "cdr<2><STEAM_1:1:81467303><>" console command (cmdline "mp_restartgame 1")
L 12/04/2021 - 22:54:45: [basecommands.smx] "cdr<2><STEAM_1:1:81467303><>" console command (cmdline "mp_restartgame 1")
L 12/04/2021 - 22:55:31: [basecommands.smx] "cdr<2><STEAM_1:1:81467303><>" console command (cmdline "sm_retakes_weapon_pistolrounds 0")
L 12/04/2021 - 22:57:31: [basecommands.smx] "cdr<2><STEAM_1:1:81467303><>" console command (cmdline "sm_retakes_weapon_pistolrounds 2")
L 12/04/2021 - 22:57:34: [basecommands.smx] "cdr<2><STEAM_1:1:81467303><>" console command (cmdline "sm_retakes_weapon_pistolrounds")
L 12/04/2021 - 22:57:38: [basecommands.smx] "cdr<2><STEAM_1:1:81467303><>" console command (cmdline "mp_restartgame 1")
L 12/04/2021 - 23:02:03: [basecommands.smx] "cdr<2><STEAM_1:1:81467303><>" console command (cmdline "sv_cheats 1")
L 12/04/2021 - 23:16:32: SourceMod log file session started (file "c:\users\guime\documents\servidor cs\servers\1\serverfiles\csgo\addons\sourcemod\logs\L20211204.log") (Version "1.10.0.6528")
L 12/04/2021 - 23:16:32: -------- Mapchange to de_mirage --------
L 12/04/2021 - 23:16:36: [weapons.smx] Inactive players' data has been deleted
L 12/04/2021 - 23:16:36: [weapons.smx] SQLite DB connection successful
L 12/04/2021 - 23:16:37: [weapons.smx] Inactive players' data has been deleted
L 12/04/2021 - 23:17:50: [basecommands.smx] "cdr<2><STEAM_1:1:81467303><>" console command (cmdline "mp_swapteams ")
L 12/04/2021 - 23:32:21: SourceMod log file session started (file "c:\users\guime\documents\servidor cs\servers\1\serverfiles\csgo\addons\sourcemod\logs\L20211204.log") (Version "1.10.0.6528")
L 12/04/2021 - 23:32:21: -------- Mapchange to de_mirage --------
L 12/04/2021 - 23:32:25: [weapons.smx] SQLite DB connection successful
L 12/04/2021 - 23:32:25: [weapons.smx] Inactive players' data has been deleted
L 12/04/2021 - 23:32:25: [weapons.smx] SQLite DB connection successful
L 12/04/2021 - 23:32:26: [weapons.smx] SQLite DB connection successful
L 12/04/2021 - 23:32:26: [weapons.smx] Inactive players' data has been deleted
L 12/04/2021 - 23:32:26: [weapons.smx] Inactive players' data has been deleted
L 12/04/2021 - 23:32:44: [movecommands.smx] "cdr<2><STEAM_1:1:81467303><>" was moved to CT by "cdr<2><STEAM_1:1:81467303><>"
L 12/04/2021 - 23:33:27: [basecommands.smx] "cdr<2><STEAM_1:1:81467303><>" console command (cmdline "sv_cheats 1")
L 12/04/2021 - 23:33:33: [basecommands.smx] "cdr<2><STEAM_1:1:81467303><>" console command (cmdline "mp_restartgame 1")
L 12/04/2021 - 23:34:16: [movecommands.smx] "cdr<2><STEAM_1:1:81467303><>" was moved to CT by "cdr<2><STEAM_1:1:81467303><>"
L 12/04/2021 - 23:34:21: [movecommands.smx] "cdr<2><STEAM_1:1:81467303><>" was moved to T by "cdr<2><STEAM_1:1:81467303><>"
L 12/04/2021 - 23:34:22: [movecommands.smx] "cdr<2><STEAM_1:1:81467303><>" was moved to CT by "cdr<2><STEAM_1:1:81467303><>"
L 12/04/2021 - 23:35:00: [funcommands.smx] "cdr<2><STEAM_1:1:81467303><>" toggled noclip on "cdr<2><STEAM_1:1:81467303><>"
L 12/04/2021 - 23:35:02: [funcommands.smx] "cdr<2><STEAM_1:1:81467303><>" toggled noclip on "cdr<2><STEAM_1:1:81467303><>"
L 12/04/2021 - 23:35:15: [basecommands.smx] "cdr<2><STEAM_1:1:81467303><>" console command (cmdline "mp_restartgame 1")
L 12/04/2021 - 23:35:25: [basecommands.smx] "cdr<2><STEAM_1:1:81467303><>" executed config (file "sourcemod/retakes_on.cfg")
L 12/04/2021 - 23:36:03: [basecommands.smx] "cdr<2><STEAM_1:1:81467303><>" console command (cmdline "mp_restartgame 1")
L 12/04/2021 - 23:36:24: [basecommands.smx] "cdr<2><STEAM_1:1:81467303><>" executed config (file "sourcemod/retake_guns.cfg")
L 12/04/2021 - 23:36:27: [basecommands.smx] "cdr<2><STEAM_1:1:81467303><>" console command (cmdline "mp_restartgame 1")
L 12/04/2021 - 23:36:41: [basecommands.smx] "cdr<2><STEAM_1:1:81467303><>" console command (cmdline "mp_restartgame 1")
L 12/04/2021 - 23:36:48: [basecommands.smx] "cdr<2><STEAM_1:1:81467303><>" console command (cmdline "mp_restartgame 1")
L 12/04/2021 - 23:36:50: [basecommands.smx] "cdr<2><STEAM_1:1:81467303><>" console command (cmdline "mp_restartgame 1")
L 12/04/2021 - 23:36:51: [basecommands.smx] "cdr<2><STEAM_1:1:81467303><>" console command (cmdline "mp_restartgame 1")
L 12/04/2021 - 23:36:54: [basecommands.smx] "cdr<2><STEAM_1:1:81467303><>" console command (cmdline "mp_restartgame 1")
L 12/04/2021 - 23:36:58: [basecommands.smx] "cdr<2><STEAM_1:1:81467303><>" console command (cmdline "mp_restartgame 1")
L 12/04/2021 - 23:37:00: [basecommands.smx] "cdr<2><STEAM_1:1:81467303><>" console command (cmdline "mp_restartgame 1")
L 12/04/2021 - 23:37:53: [basecommands.smx] "cdr<2><STEAM_1:1:81467303><>" console command (cmdline "mp_restartgame 1")
L 12/04/2021 - 23:37:55: [basecommands.smx] "cdr<2><STEAM_1:1:81467303><>" console command (cmdline "mp_restartgame 1")
L 12/04/2021 - 23:37:57: [basecommands.smx] "cdr<2><STEAM_1:1:81467303><>" console command (cmdline "mp_restartgame 1")
L 12/04/2021 - 23:37:59: [basecommands.smx] "cdr<2><STEAM_1:1:81467303><>" console command (cmdline "mp_restartgame 1")
L 12/04/2021 - 23:38:23: [basecommands.smx] "cdr<2><STEAM_1:1:81467303><>" console command (cmdline "sv_cheats 1")
L 12/04/2021 - 23:38:57: [basecommands.smx] "cdr<2><STEAM_1:1:81467303><>" console command (cmdline "mp_restartgame 1")
L 12/04/2021 - 23:43:08: SourceMod log file session started (file "c:\users\guime\documents\servidor cs\servers\1\serverfiles\csgo\addons\sourcemod\logs\L20211204.log") (Version "1.10.0.6528")
L 12/04/2021 - 23:43:08: -------- Mapchange to de_mirage --------
L 12/04/2021 - 23:43:12: [weapons.smx] Inactive players' data has been deleted
L 12/04/2021 - 23:43:12: [weapons.smx] SQLite DB connection successful
L 12/04/2021 - 23:43:12: [weapons.smx] Inactive players' data has been deleted
L 12/04/2021 - 23:49:28: -------- Mapchange to de_mirage --------
L 12/04/2021 - 23:49:32: [weapons.smx] Inactive players' data has been deleted
L 12/04/2021 - 23:50:45: SourceMod log file session started (file "c:\users\guime\documents\servidor cs\servers\1\serverfiles\csgo\addons\sourcemod\logs\L20211204.log") (Version "1.10.0.6528")
L 12/04/2021 - 23:50:45: -------- Mapchange to de_mirage --------
L 12/04/2021 - 23:50:46: [weapons.smx] SQLite DB connection successful
L 12/04/2021 - 23:50:46: [weapons.smx] Inactive players' data has been deleted
L 12/04/2021 - 23:55:53: [basecommands.smx] "cdr<3><STEAM_1:1:81467303><>" changed map to "de_ancient"
L 12/04/2021 - 23:55:56: [SM] Changed map to "de_ancient"
L 12/04/2021 - 23:55:58: -------- Mapchange to de_ancient --------
L 12/04/2021 - 23:56:03: [weapons.smx] Inactive players' data has been deleted
L 12/04/2021 - 23:56:32: [basecommands.smx] "cdr<3><STEAM_1:1:81467303><>" executed config (file "sourcemod/retakes_on.cfg")
L 12/05/2021 - 00:00:54: Log file closed.
